#
# There is insufficient memory for the Java Runtime Environment to continue.
# Native memory allocation (malloc) failed to allocate 1280896 bytes for Chunk::new
# Possible reasons:
#   The system is out of physical RAM or swap space
#   The process is running with CompressedOops enabled, and the Java Heap may be blocking the growth of the native heap
# Possible solutions:
#   Reduce memory load on the system
#   Increase physical memory or swap space
#   Check if swap backing store is full
#   Decrease Java heap size (-Xmx/-Xms)
#   Decrease number of Java threads
#   Decrease Java thread stack sizes (-Xss)
#   Set larger code cache with -XX:ReservedCodeCacheSize=
#   JVM is running with Unscaled Compressed Oops mode in which the Java heap is
#     placed in the first 4GB address space. The Java Heap base address is the
#     maximum limit for the native heap growth. Please use -XX:HeapBaseMinAddress
#     to set the Java Heap base and to place the Java Heap above 4GB virtual address.
# This output file may be truncated or incomplete.
#
#  Out of Memory Error (arena.cpp:168), pid=6660, tid=8732
#
# JRE version: Java(TM) SE Runtime Environment (21.0.1+12) (build 21.0.1+12-LTS-29)
# Java VM: Java HotSpot(TM) 64-Bit Server VM (21.0.1+12-LTS-29, mixed mode, sharing, tiered, compressed oops, compressed class ptrs, g1 gc, windows-amd64)
# No core dump will be written. Minidumps are not enabled by default on client versions of Windows
#

---------------  S U M M A R Y ------------

Command Line: -Dfile.encoding=UTF-8 -Dstdout.encoding=UTF-8 -Dstderr.encoding=UTF-8 -XX:+ShowCodeDetailsInExceptionMessages Gui.LoginForm

Host: AMD Ryzen 3 5300U with Radeon Graphics         , 8 cores, 3G,  Windows 11 , 64 bit Build 22621 (10.0.22621.2506)
Time: Mon Jan 22 16:13:27 2024 SE Asia Standard Time elapsed time: 17.042158 seconds (0d 0h 0m 17s)

---------------  T H R E A D  ---------------

Current thread (0x000001c12caf0cb0):  JavaThread "C2 CompilerThread0" daemon [_thread_in_native, id=8732, stack(0x000000333f400000,0x000000333f500000) (1024K)]


Current CompileTask:
C2:  17042 1839       4       sun.security.ec.ECOperations::setDouble (463 bytes)

Stack: [0x000000333f400000,0x000000333f500000]
Native frames: (J=compiled Java code, j=interpreted, Vv=VM code, C=native code)
V  [jvm.dll+0x6c9029]
V  [jvm.dll+0x854b81]
V  [jvm.dll+0x856e5e]
V  [jvm.dll+0x857543]
V  [jvm.dll+0x280c06]
V  [jvm.dll+0xc3ead]
V  [jvm.dll+0xc43c3]
V  [jvm.dll+0x2f3f3f]
V  [jvm.dll+0x5f40a6]
V  [jvm.dll+0x252bef]
V  [jvm.dll+0x252fbf]
V  [jvm.dll+0x24b734]
V  [jvm.dll+0x248fa3]
V  [jvm.dll+0x1c9ca1]
V  [jvm.dll+0x2586b9]
V  [jvm.dll+0x256c9a]
V  [jvm.dll+0x3ef1b6]
V  [jvm.dll+0x7fd728]
V  [jvm.dll+0x6c777d]
C  [ucrtbase.dll+0x29363]
C  [KERNEL32.DLL+0x1257d]
C  [ntdll.dll+0x5aa58]


---------------  P R O C E S S  ---------------

Threads class SMR info:
_java_thread_list=0x000001c176e63c30, length=17, elements={
0x000001c12cad9a30, 0x000001c12cada750, 0x000001c12cadc680, 0x000001c12cadf6b0,
0x000001c12cae0850, 0x000001c12cae12b0, 0x000001c12caf0cb0, 0x000001c12caf4770,
0x000001c1720e0890, 0x000001c1720e60f0, 0x000001c172289360, 0x000001c17228dcf0,
0x000001c17228f1b0, 0x000001c176d5e2a0, 0x000001c10f677730, 0x000001c176e33910,
0x000001c176e69740
}

Java Threads: ( => current thread )
  0x000001c12cad9a30 JavaThread "Reference Handler"          daemon [_thread_blocked, id=9392, stack(0x000000333ee00000,0x000000333ef00000) (1024K)]
  0x000001c12cada750 JavaThread "Finalizer"                  daemon [_thread_blocked, id=272, stack(0x000000333ef00000,0x000000333f000000) (1024K)]
  0x000001c12cadc680 JavaThread "Signal Dispatcher"          daemon [_thread_blocked, id=15564, stack(0x000000333f000000,0x000000333f100000) (1024K)]
  0x000001c12cadf6b0 JavaThread "Attach Listener"            daemon [_thread_blocked, id=7124, stack(0x000000333f100000,0x000000333f200000) (1024K)]
  0x000001c12cae0850 JavaThread "Service Thread"             daemon [_thread_blocked, id=14156, stack(0x000000333f200000,0x000000333f300000) (1024K)]
  0x000001c12cae12b0 JavaThread "Monitor Deflation Thread"   daemon [_thread_blocked, id=15468, stack(0x000000333f300000,0x000000333f400000) (1024K)]
=>0x000001c12caf0cb0 JavaThread "C2 CompilerThread0"         daemon [_thread_in_native, id=8732, stack(0x000000333f400000,0x000000333f500000) (1024K)]
  0x000001c12caf4770 JavaThread "C1 CompilerThread0"         daemon [_thread_blocked, id=3952, stack(0x000000333f500000,0x000000333f600000) (1024K)]
  0x000001c1720e0890 JavaThread "Notification Thread"        daemon [_thread_blocked, id=15276, stack(0x000000333f600000,0x000000333f700000) (1024K)]
  0x000001c1720e60f0 JavaThread "Common-Cleaner"             daemon [_thread_blocked, id=14464, stack(0x000000333f700000,0x000000333f800000) (1024K)]
  0x000001c172289360 JavaThread "Java2D Disposer"            daemon [_thread_blocked, id=15660, stack(0x000000333f800000,0x000000333f900000) (1024K)]
  0x000001c17228dcf0 JavaThread "AWT-Shutdown"                      [_thread_blocked, id=9988, stack(0x000000333f900000,0x000000333fa00000) (1024K)]
  0x000001c17228f1b0 JavaThread "AWT-Windows"                daemon [_thread_in_native, id=3164, stack(0x000000333fa00000,0x000000333fb00000) (1024K)]
  0x000001c176d5e2a0 JavaThread "AWT-EventQueue-0"                  [_thread_blocked, id=15596, stack(0x0000003340300000,0x0000003340400000) (1024K)]
  0x000001c10f677730 JavaThread "DestroyJavaVM"                     [_thread_blocked, id=13460, stack(0x000000333e600000,0x000000333e700000) (1024K)]
  0x000001c176e33910 JavaThread "D3D Screen Updater"         daemon [_thread_blocked, id=16116, stack(0x0000003340500000,0x0000003340600000) (1024K)]
  0x000001c176e69740 JavaThread "TimerQueue"                 daemon [_thread_blocked, id=16128, stack(0x0000003340600000,0x0000003340700000) (1024K)]
Total: 17

Other Threads:
  0x000001c12cac16a0 VMThread "VM Thread"                           [id=10756, stack(0x000000333ed00000,0x000000333ee00000) (1024K)]
  0x000001c12cabcff0 WatcherThread "VM Periodic Task Thread"        [id=15600, stack(0x000000333ec00000,0x000000333ed00000) (1024K)]
  0x000001c11190ac80 WorkerThread "GC Thread#0"                     [id=15148, stack(0x000000333e700000,0x000000333e800000) (1024K)]
  0x000001c111912df0 ConcurrentGCThread "G1 Main Marker"            [id=11996, stack(0x000000333e800000,0x000000333e900000) (1024K)]
  0x000001c111914140 WorkerThread "G1 Conc#0"                       [id=15764, stack(0x000000333e900000,0x000000333ea00000) (1024K)]
  0x000001c111979320 ConcurrentGCThread "G1 Refine#0"               [id=8096, stack(0x000000333ea00000,0x000000333eb00000) (1024K)]
  0x000001c111979d90 ConcurrentGCThread "G1 Service"                [id=1820, stack(0x000000333eb00000,0x000000333ec00000) (1024K)]
Total: 7

Threads with active compile tasks:
C2 CompilerThread0    17077 1839       4       sun.security.ec.ECOperations::setDouble (463 bytes)
Total: 1

VM state: not at safepoint (normal execution)

VM Mutex/Monitor currently owned by a thread: None

Heap address: 0x00000000cac00000, size: 852 MB, Compressed Oops mode: 32-bit

CDS archive(s) mapped at: [0x000001c12d000000-0x000001c12dc90000-0x000001c12dc90000), size 13172736, SharedBaseAddress: 0x000001c12d000000, ArchiveRelocationMode: 1.
Compressed class space mapped at: 0x000001c12e000000-0x000001c16e000000, reserved size: 1073741824
Narrow klass base: 0x000001c12d000000, Narrow klass shift: 0, Narrow klass range: 0x100000000

GC Precious Log:
 CardTable entry size: 512
 Card Set container configuration: InlinePtr #cards 5 size 8 Array Of Cards #cards 12 size 40 Howl #buckets 4 coarsen threshold 1843 Howl Bitmap #cards 512 size 80 coarsen threshold 460 Card regions per heap region 1 cards per card region 2048
 CPUs: 8 total, 8 available
 Memory: 3406M
 Large Page Support: Disabled
 NUMA Support: Disabled
 Compressed Oops: Enabled (32-bit)
 Heap Region Size: 1M
 Heap Min Capacity: 8M
 Heap Initial Capacity: 54M
 Heap Max Capacity: 852M
 Pre-touch: Disabled
 Parallel Workers: 8
 Concurrent Workers: 2
 Concurrent Refinement Workers: 8
 Periodic GC: Disabled

Heap:
 garbage-first heap   total 55296K, used 20480K [0x00000000cac00000, 0x0000000100000000)
  region size 1024K, 22 young (22528K), 0 survivors (0K)
 Metaspace       used 17158K, committed 17472K, reserved 1114112K
  class space    used 1836K, committed 1984K, reserved 1048576K

Heap Regions: E=young(eden), S=young(survivor), O=old, HS=humongous(starts), HC=humongous(continues), CS=collection set, F=free, TAMS=top-at-mark-start, PB=parsable bottom
|   0|0x00000000cac00000, 0x00000000cac00000, 0x00000000cad00000|  0%| F|  |TAMS 0x00000000cac00000| PB 0x00000000cac00000| Untracked 
|   1|0x00000000cad00000, 0x00000000cad00000, 0x00000000cae00000|  0%| F|  |TAMS 0x00000000cad00000| PB 0x00000000cad00000| Untracked 
|   2|0x00000000cae00000, 0x00000000cae00000, 0x00000000caf00000|  0%| F|  |TAMS 0x00000000cae00000| PB 0x00000000cae00000| Untracked 
|   3|0x00000000caf00000, 0x00000000caf00000, 0x00000000cb000000|  0%| F|  |TAMS 0x00000000caf00000| PB 0x00000000caf00000| Untracked 
|   4|0x00000000cb000000, 0x00000000cb000000, 0x00000000cb100000|  0%| F|  |TAMS 0x00000000cb000000| PB 0x00000000cb000000| Untracked 
|   5|0x00000000cb100000, 0x00000000cb100000, 0x00000000cb200000|  0%| F|  |TAMS 0x00000000cb100000| PB 0x00000000cb100000| Untracked 
|   6|0x00000000cb200000, 0x00000000cb200000, 0x00000000cb300000|  0%| F|  |TAMS 0x00000000cb200000| PB 0x00000000cb200000| Untracked 
|   7|0x00000000cb300000, 0x00000000cb300000, 0x00000000cb400000|  0%| F|  |TAMS 0x00000000cb300000| PB 0x00000000cb300000| Untracked 
|   8|0x00000000cb400000, 0x00000000cb400000, 0x00000000cb500000|  0%| F|  |TAMS 0x00000000cb400000| PB 0x00000000cb400000| Untracked 
|   9|0x00000000cb500000, 0x00000000cb500000, 0x00000000cb600000|  0%| F|  |TAMS 0x00000000cb500000| PB 0x00000000cb500000| Untracked 
|  10|0x00000000cb600000, 0x00000000cb600000, 0x00000000cb700000|  0%| F|  |TAMS 0x00000000cb600000| PB 0x00000000cb600000| Untracked 
|  11|0x00000000cb700000, 0x00000000cb700000, 0x00000000cb800000|  0%| F|  |TAMS 0x00000000cb700000| PB 0x00000000cb700000| Untracked 
|  12|0x00000000cb800000, 0x00000000cb800000, 0x00000000cb900000|  0%| F|  |TAMS 0x00000000cb800000| PB 0x00000000cb800000| Untracked 
|  13|0x00000000cb900000, 0x00000000cb900000, 0x00000000cba00000|  0%| F|  |TAMS 0x00000000cb900000| PB 0x00000000cb900000| Untracked 
|  14|0x00000000cba00000, 0x00000000cba00000, 0x00000000cbb00000|  0%| F|  |TAMS 0x00000000cba00000| PB 0x00000000cba00000| Untracked 
|  15|0x00000000cbb00000, 0x00000000cbb00000, 0x00000000cbc00000|  0%| F|  |TAMS 0x00000000cbb00000| PB 0x00000000cbb00000| Untracked 
|  16|0x00000000cbc00000, 0x00000000cbc00000, 0x00000000cbd00000|  0%| F|  |TAMS 0x00000000cbc00000| PB 0x00000000cbc00000| Untracked 
|  17|0x00000000cbd00000, 0x00000000cbd00000, 0x00000000cbe00000|  0%| F|  |TAMS 0x00000000cbd00000| PB 0x00000000cbd00000| Untracked 
|  18|0x00000000cbe00000, 0x00000000cbe00000, 0x00000000cbf00000|  0%| F|  |TAMS 0x00000000cbe00000| PB 0x00000000cbe00000| Untracked 
|  19|0x00000000cbf00000, 0x00000000cbf00000, 0x00000000cc000000|  0%| F|  |TAMS 0x00000000cbf00000| PB 0x00000000cbf00000| Untracked 
|  20|0x00000000cc000000, 0x00000000cc000000, 0x00000000cc100000|  0%| F|  |TAMS 0x00000000cc000000| PB 0x00000000cc000000| Untracked 
|  21|0x00000000cc100000, 0x00000000cc100000, 0x00000000cc200000|  0%| F|  |TAMS 0x00000000cc100000| PB 0x00000000cc100000| Untracked 
|  22|0x00000000cc200000, 0x00000000cc200000, 0x00000000cc300000|  0%| F|  |TAMS 0x00000000cc200000| PB 0x00000000cc200000| Untracked 
|  23|0x00000000cc300000, 0x00000000cc300000, 0x00000000cc400000|  0%| F|  |TAMS 0x00000000cc300000| PB 0x00000000cc300000| Untracked 
|  24|0x00000000cc400000, 0x00000000cc400000, 0x00000000cc500000|  0%| F|  |TAMS 0x00000000cc400000| PB 0x00000000cc400000| Untracked 
|  25|0x00000000cc500000, 0x00000000cc500000, 0x00000000cc600000|  0%| F|  |TAMS 0x00000000cc500000| PB 0x00000000cc500000| Untracked 
|  26|0x00000000cc600000, 0x00000000cc600000, 0x00000000cc700000|  0%| F|  |TAMS 0x00000000cc600000| PB 0x00000000cc600000| Untracked 
|  27|0x00000000cc700000, 0x00000000cc700000, 0x00000000cc800000|  0%| F|  |TAMS 0x00000000cc700000| PB 0x00000000cc700000| Untracked 
|  28|0x00000000cc800000, 0x00000000cc800000, 0x00000000cc900000|  0%| F|  |TAMS 0x00000000cc800000| PB 0x00000000cc800000| Untracked 
|  29|0x00000000cc900000, 0x00000000cc900000, 0x00000000cca00000|  0%| F|  |TAMS 0x00000000cc900000| PB 0x00000000cc900000| Untracked 
|  30|0x00000000cca00000, 0x00000000cca00000, 0x00000000ccb00000|  0%| F|  |TAMS 0x00000000cca00000| PB 0x00000000cca00000| Untracked 
|  31|0x00000000ccb00000, 0x00000000ccb00000, 0x00000000ccc00000|  0%| F|  |TAMS 0x00000000ccb00000| PB 0x00000000ccb00000| Untracked 
|  32|0x00000000ccc00000, 0x00000000ccc76440, 0x00000000ccd00000| 46%| E|  |TAMS 0x00000000ccc00000| PB 0x00000000ccc00000| Complete 
|  33|0x00000000ccd00000, 0x00000000cce00000, 0x00000000cce00000|100%| E|CS|TAMS 0x00000000ccd00000| PB 0x00000000ccd00000| Complete 
|  34|0x00000000cce00000, 0x00000000ccf00000, 0x00000000ccf00000|100%| E|CS|TAMS 0x00000000cce00000| PB 0x00000000cce00000| Complete 
|  35|0x00000000ccf00000, 0x00000000cd000000, 0x00000000cd000000|100%| E|CS|TAMS 0x00000000ccf00000| PB 0x00000000ccf00000| Complete 
|  36|0x00000000cd000000, 0x00000000cd100000, 0x00000000cd100000|100%| E|CS|TAMS 0x00000000cd000000| PB 0x00000000cd000000| Complete 
|  37|0x00000000cd100000, 0x00000000cd200000, 0x00000000cd200000|100%| E|CS|TAMS 0x00000000cd100000| PB 0x00000000cd100000| Complete 
|  38|0x00000000cd200000, 0x00000000cd300000, 0x00000000cd300000|100%| E|CS|TAMS 0x00000000cd200000| PB 0x00000000cd200000| Complete 
|  39|0x00000000cd300000, 0x00000000cd400000, 0x00000000cd400000|100%| E|  |TAMS 0x00000000cd300000| PB 0x00000000cd300000| Complete 
|  40|0x00000000cd400000, 0x00000000cd500000, 0x00000000cd500000|100%| E|CS|TAMS 0x00000000cd400000| PB 0x00000000cd400000| Complete 
|  41|0x00000000cd500000, 0x00000000cd600000, 0x00000000cd600000|100%| E|CS|TAMS 0x00000000cd500000| PB 0x00000000cd500000| Complete 
|  42|0x00000000cd600000, 0x00000000cd700000, 0x00000000cd700000|100%| E|CS|TAMS 0x00000000cd600000| PB 0x00000000cd600000| Complete 
|  43|0x00000000cd700000, 0x00000000cd800000, 0x00000000cd800000|100%| E|CS|TAMS 0x00000000cd700000| PB 0x00000000cd700000| Complete 
|  44|0x00000000cd800000, 0x00000000cd900000, 0x00000000cd900000|100%| E|CS|TAMS 0x00000000cd800000| PB 0x00000000cd800000| Complete 
|  45|0x00000000cd900000, 0x00000000cda00000, 0x00000000cda00000|100%| E|CS|TAMS 0x00000000cd900000| PB 0x00000000cd900000| Complete 
|  46|0x00000000cda00000, 0x00000000cdb00000, 0x00000000cdb00000|100%| E|CS|TAMS 0x00000000cda00000| PB 0x00000000cda00000| Complete 
|  47|0x00000000cdb00000, 0x00000000cdc00000, 0x00000000cdc00000|100%| E|CS|TAMS 0x00000000cdb00000| PB 0x00000000cdb00000| Complete 
|  48|0x00000000cdc00000, 0x00000000cdd00000, 0x00000000cdd00000|100%| E|CS|TAMS 0x00000000cdc00000| PB 0x00000000cdc00000| Complete 
|  49|0x00000000cdd00000, 0x00000000cde00000, 0x00000000cde00000|100%| E|CS|TAMS 0x00000000cdd00000| PB 0x00000000cdd00000| Complete 
|  50|0x00000000cde00000, 0x00000000cdf00000, 0x00000000cdf00000|100%| E|CS|TAMS 0x00000000cde00000| PB 0x00000000cde00000| Complete 
|  51|0x00000000cdf00000, 0x00000000ce000000, 0x00000000ce000000|100%| E|CS|TAMS 0x00000000cdf00000| PB 0x00000000cdf00000| Complete 
|  52|0x00000000ce000000, 0x00000000ce100000, 0x00000000ce100000|100%| E|CS|TAMS 0x00000000ce000000| PB 0x00000000ce000000| Complete 
|  53|0x00000000ce100000, 0x00000000ce200000, 0x00000000ce200000|100%| E|CS|TAMS 0x00000000ce100000| PB 0x00000000ce100000| Complete 

Card table byte_map: [0x000001c129210000,0x000001c1293c0000] _byte_map_base: 0x000001c128bba000

Marking Bits: (CMBitMap*) 0x000001c11190b280
 Bits: [0x000001c1293c0000, 0x000001c12a110000)

Polling page: 0x000001c10f8d0000

Metaspace:

Usage:
  Non-class:     14.96 MB used.
      Class:      1.79 MB used.
       Both:     16.76 MB used.

Virtual space:
  Non-class space:       64.00 MB reserved,      15.12 MB ( 24%) committed,  1 nodes.
      Class space:        1.00 GB reserved,       1.94 MB ( <1%) committed,  1 nodes.
             Both:        1.06 GB reserved,      17.06 MB (  2%) committed. 

Chunk freelists:
   Non-Class:  212.00 KB
       Class:  14.11 MB
        Both:  14.32 MB

MaxMetaspaceSize: unlimited
CompressedClassSpaceSize: 1.00 GB
Initial GC threshold: 21.00 MB
Current GC threshold: 21.00 MB
CDS: on
 - commit_granule_bytes: 65536.
 - commit_granule_words: 8192.
 - virtual_space_node_default_size: 8388608.
 - enlarge_chunks_in_place: 1.
 - use_allocation_guard: 0.


Internal statistics:

num_allocs_failed_limit: 0.
num_arena_births: 294.
num_arena_deaths: 0.
num_vsnodes_births: 2.
num_vsnodes_deaths: 0.
num_space_committed: 273.
num_space_uncommitted: 0.
num_chunks_returned_to_freelist: 0.
num_chunks_taken_from_freelist: 479.
num_chunk_merges: 0.
num_chunk_splits: 294.
num_chunks_enlarged: 150.
num_inconsistent_stats: 0.

CodeHeap 'non-profiled nmethods': size=120000Kb used=604Kb max_used=604Kb free=119395Kb
 bounds [0x000001c121800000, 0x000001c121a70000, 0x000001c128d30000]
CodeHeap 'profiled nmethods': size=120000Kb used=3754Kb max_used=3754Kb free=116245Kb
 bounds [0x000001c119d30000, 0x000001c11a0e0000, 0x000001c121260000]
CodeHeap 'non-nmethods': size=5760Kb used=1705Kb max_used=1705Kb free=4054Kb
 bounds [0x000001c121260000, 0x000001c1214d0000, 0x000001c121800000]
 total_blobs=2782 nmethods=2042 adapters=644
 compilation: enabled
              stopped_count=0, restarted_count=0
 full_count=0

Compilation events (20 events):
Event: 17.004 Thread 0x000001c12caf4770 2039  s    3       javax.swing.RepaintManager::extendDirtyRegion (36 bytes)
Event: 17.004 Thread 0x000001c12caf4770 nmethod 2039 0x000001c11a0d4010 code [0x000001c11a0d41e0, 0x000001c11a0d4678]
Event: 17.009 Thread 0x000001c12caf4770 2040       3       java.nio.channels.spi.AbstractInterruptibleChannel::begin (48 bytes)
Event: 17.009 Thread 0x000001c12caf4770 nmethod 2040 0x000001c11a0d4790 code [0x000001c11a0d49a0, 0x000001c11a0d4fe0]
Event: 17.016 Thread 0x000001c12caf4770 2041       3       java.nio.ByteBuffer::clear (7 bytes)
Event: 17.016 Thread 0x000001c12caf4770 nmethod 2041 0x000001c11a0d5290 code [0x000001c11a0d5440, 0x000001c11a0d55c0]
Event: 17.016 Thread 0x000001c12caf4770 2042       3       java.nio.Buffer::clear (20 bytes)
Event: 17.016 Thread 0x000001c12caf4770 nmethod 2042 0x000001c11a0d5690 code [0x000001c11a0d5820, 0x000001c11a0d5940]
Event: 17.020 Thread 0x000001c12caf4770 2043       3       java.nio.channels.spi.AbstractInterruptibleChannel::end (53 bytes)
Event: 17.021 Thread 0x000001c12caf4770 nmethod 2043 0x000001c11a0d5a10 code [0x000001c11a0d5c20, 0x000001c11a0d6150]
Event: 17.021 Thread 0x000001c12caf4770 2044       3       sun.nio.ch.FileDispatcherImpl::seek (6 bytes)
Event: 17.021 Thread 0x000001c12caf4770 nmethod 2044 0x000001c11a0d6390 code [0x000001c11a0d6540, 0x000001c11a0d6680]
Event: 17.021 Thread 0x000001c12caf4770 2046   !   3       sun.nio.ch.FileChannelImpl::read (288 bytes)
Event: 17.022 Thread 0x000001c12caf4770 nmethod 2046 0x000001c11a0d6710 code [0x000001c11a0d6a60, 0x000001c11a0d7c08]
Event: 17.022 Thread 0x000001c12caf4770 2047   !   3       sun.nio.ch.FileChannelImpl::position (280 bytes)
Event: 17.023 Thread 0x000001c12caf4770 nmethod 2047 0x000001c11a0d8590 code [0x000001c11a0d88c0, 0x000001c11a0d99a8]
Event: 17.027 Thread 0x000001c12caf4770 2048       3       java.util.concurrent.locks.AbstractQueuedSynchronizer$Node::setPrevRelaxed (12 bytes)
Event: 17.027 Thread 0x000001c12caf4770 nmethod 2048 0x000001c11a0da310 code [0x000001c11a0da4a0, 0x000001c11a0da608]
Event: 17.027 Thread 0x000001c12caf4770 2049       3       java.util.concurrent.locks.AbstractQueuedSynchronizer::casTail (13 bytes)
Event: 17.027 Thread 0x000001c12caf4770 nmethod 2049 0x000001c11a0da690 code [0x000001c11a0da820, 0x000001c11a0da998]

GC Heap History (0 events):
No events

Dll operation events (11 events):
Event: 0.009 Loaded shared library C:\Program Files\Java\jdk-21\bin\java.dll
Event: 0.040 Loaded shared library C:\Program Files\Java\jdk-21\bin\jsvml.dll
Event: 0.072 Loaded shared library C:\Program Files\Java\jdk-21\bin\jimage.dll
Event: 0.077 Loaded shared library C:\Program Files\Java\jdk-21\bin\net.dll
Event: 0.079 Loaded shared library C:\Program Files\Java\jdk-21\bin\nio.dll
Event: 0.083 Loaded shared library C:\Program Files\Java\jdk-21\bin\zip.dll
Event: 0.101 Loaded shared library C:\Program Files\Java\jdk-21\bin\awt.dll
Event: 0.367 Loaded shared library C:\Program Files\Java\jdk-21\bin\freetype.dll
Event: 0.368 Loaded shared library C:\Program Files\Java\jdk-21\bin\fontmanager.dll
Event: 16.437 Loaded shared library C:\Program Files\Java\jdk-21\bin\extnet.dll
Event: 16.686 Loaded shared library C:\Program Files\Java\jdk-21\bin\sunmscapi.dll

Deoptimization events (20 events):
Event: 16.828 Thread 0x000001c176d5e2a0 Uncommon trap: trap_request=0xffffff66 fr.pc=0x000001c121886a58 relative=0x00000000000002f8
Event: 16.828 Thread 0x000001c176d5e2a0 Uncommon trap: reason=speculate_class_check action=maybe_recompile pc=0x000001c121886a58 method=sun.security.util.math.intpoly.IntegerPolynomial.multByInt([JJ)V @ 26 c2
Event: 16.828 Thread 0x000001c176d5e2a0 DEOPT PACKING pc=0x000001c121886a58 sp=0x00000033403fcdf0
Event: 16.828 Thread 0x000001c176d5e2a0 DEOPT UNPACKING pc=0x000001c1212b46a2 sp=0x00000033403fcd30 mode 2
Event: 16.828 Thread 0x000001c176d5e2a0 Uncommon trap: trap_request=0xffffff66 fr.pc=0x000001c121886a58 relative=0x00000000000002f8
Event: 16.828 Thread 0x000001c176d5e2a0 Uncommon trap: reason=speculate_class_check action=maybe_recompile pc=0x000001c121886a58 method=sun.security.util.math.intpoly.IntegerPolynomial.multByInt([JJ)V @ 26 c2
Event: 16.828 Thread 0x000001c176d5e2a0 DEOPT PACKING pc=0x000001c121886a58 sp=0x00000033403fcdf0
Event: 16.828 Thread 0x000001c176d5e2a0 DEOPT UNPACKING pc=0x000001c1212b46a2 sp=0x00000033403fcd30 mode 2
Event: 16.828 Thread 0x000001c176d5e2a0 Uncommon trap: trap_request=0xffffff66 fr.pc=0x000001c121886a58 relative=0x00000000000002f8
Event: 16.828 Thread 0x000001c176d5e2a0 Uncommon trap: reason=speculate_class_check action=maybe_recompile pc=0x000001c121886a58 method=sun.security.util.math.intpoly.IntegerPolynomial.multByInt([JJ)V @ 26 c2
Event: 16.828 Thread 0x000001c176d5e2a0 DEOPT PACKING pc=0x000001c121886a58 sp=0x00000033403fcdf0
Event: 16.828 Thread 0x000001c176d5e2a0 DEOPT UNPACKING pc=0x000001c1212b46a2 sp=0x00000033403fcd30 mode 2
Event: 16.828 Thread 0x000001c176d5e2a0 Uncommon trap: trap_request=0xffffff66 fr.pc=0x000001c121886a58 relative=0x00000000000002f8
Event: 16.828 Thread 0x000001c176d5e2a0 Uncommon trap: reason=speculate_class_check action=maybe_recompile pc=0x000001c121886a58 method=sun.security.util.math.intpoly.IntegerPolynomial.multByInt([JJ)V @ 26 c2
Event: 16.828 Thread 0x000001c176d5e2a0 DEOPT PACKING pc=0x000001c121886a58 sp=0x00000033403fcdf0
Event: 16.828 Thread 0x000001c176d5e2a0 DEOPT UNPACKING pc=0x000001c1212b46a2 sp=0x00000033403fcd30 mode 2
Event: 16.985 Thread 0x000001c176d5e2a0 Uncommon trap: trap_request=0xffffff45 fr.pc=0x000001c12186b6ac relative=0x00000000000016cc
Event: 16.985 Thread 0x000001c176d5e2a0 Uncommon trap: reason=unstable_if action=reinterpret pc=0x000001c12186b6ac method=java.lang.String.<init>(Ljava/nio/charset/Charset;[BII)V @ 6 c2
Event: 16.985 Thread 0x000001c176d5e2a0 DEOPT PACKING pc=0x000001c12186b6ac sp=0x00000033403fdad0
Event: 16.985 Thread 0x000001c176d5e2a0 DEOPT UNPACKING pc=0x000001c1212b46a2 sp=0x00000033403fda68 mode 2

Classes loaded (20 events):
Event: 17.000 Loading class sun/security/ssl/Alert$AlertConsumer
Event: 17.000 Loading class sun/security/ssl/Alert$AlertConsumer done
Event: 17.000 Loading class sun/security/ssl/Alert$Level
Event: 17.000 Loading class sun/security/ssl/Alert$Level done
Event: 17.000 Loading class java/io/EOFException
Event: 17.000 Loading class java/io/EOFException done
Event: 17.000 Loading class javax/crypto/AEADBadTagException
Event: 17.000 Loading class javax/crypto/BadPaddingException
Event: 17.000 Loading class javax/crypto/BadPaddingException done
Event: 17.000 Loading class javax/crypto/AEADBadTagException done
Event: 17.000 Loading class javax/net/ssl/SSLHandshakeException
Event: 17.000 Loading class javax/net/ssl/SSLException
Event: 17.000 Loading class javax/net/ssl/SSLException done
Event: 17.000 Loading class javax/net/ssl/SSLHandshakeException done
Event: 17.001 Loading class java/lang/Throwable$WrappedPrintStream
Event: 17.002 Loading class java/lang/Throwable$PrintStreamOrWriter
Event: 17.002 Loading class java/lang/Throwable$PrintStreamOrWriter done
Event: 17.002 Loading class java/lang/Throwable$WrappedPrintStream done
Event: 17.002 Loading class java/lang/StackTraceElement$HashedModules
Event: 17.002 Loading class java/lang/StackTraceElement$HashedModules done

Classes unloaded (0 events):
No events

Classes redefined (0 events):
No events

Internal exceptions (20 events):
Event: 0.241 Thread 0x000001c10f677730 Exception <a 'java/lang/NoSuchMethodError'{0x00000000cdd03498}: 'void java.lang.invoke.DirectMethodHandle$Holder.invokeSpecial(java.lang.Object, java.lang.Object, java.lang.Object)'> (0x00000000cdd03498) 
thrown [s\open\src\hotspot\share\interpreter\linkResolver.cpp, line 773]
Event: 0.247 Thread 0x000001c10f677730 Exception <a 'java/lang/NoSuchMethodError'{0x00000000cdd28e60}: 'java.lang.Object java.lang.invoke.DirectMethodHandle$Holder.newInvokeSpecial(java.lang.Object, java.lang.Object, java.lang.Object, java.lang.Object, java.lang.Object)'> (0x00000000cdd28e60) 
thrown [s\open\src\hotspot\share\interpreter\linkResolver.cpp, line 773]
Event: 0.252 Thread 0x000001c10f677730 Exception <a 'java/lang/NoSuchMethodError'{0x00000000cdd549e8}: 'java.lang.Object java.lang.invoke.DirectMethodHandle$Holder.invokeStatic(java.lang.Object, int, java.lang.Object)'> (0x00000000cdd549e8) 
thrown [s\open\src\hotspot\share\interpreter\linkResolver.cpp, line 773]
Event: 0.270 Thread 0x000001c10f677730 Exception <a 'java/lang/ClassNotFoundException'{0x00000000cddf4548}: com/sun/swing/internal/plaf/metal/resources/spi/metalProvider> (0x00000000cddf4548) 
thrown [s\open\src\hotspot\share\classfile\systemDictionary.cpp, line 312]
Event: 0.271 Thread 0x000001c10f677730 Exception <a 'java/lang/ClassNotFoundException'{0x00000000cddf84d8}: com/sun/swing/internal/plaf/basic/resources/spi/basicProvider> (0x00000000cddf84d8) 
thrown [s\open\src\hotspot\share\classfile\systemDictionary.cpp, line 312]
Event: 0.282 Thread 0x000001c10f677730 Exception <a 'java/lang/NoSuchMethodError'{0x00000000cdc183f8}: 'int java.lang.invoke.Invokers$Holder.invokeExact_MT(java.lang.Object, java.lang.Object)'> (0x00000000cdc183f8) 
thrown [s\open\src\hotspot\share\interpreter\linkResolver.cpp, line 773]
Event: 0.338 Thread 0x000001c17228f1b0 Exception <a 'java/lang/NoSuchMethodError'{0x00000000cde84a58}: 'void java.lang.invoke.DirectMethodHandle$Holder.invokeVirtual(java.lang.Object, java.lang.Object)'> (0x00000000cde84a58) 
thrown [s\open\src\hotspot\share\interpreter\linkResolver.cpp, line 773]
Event: 0.362 Thread 0x000001c10f677730 Exception <a 'java/lang/NoSuchMethodError'{0x00000000cdc626c8}: 'void java.lang.invoke.DirectMethodHandle$Holder.invokeStaticInit(java.lang.Object)'> (0x00000000cdc626c8) 
thrown [s\open\src\hotspot\share\interpreter\linkResolver.cpp, line 773]
Event: 16.414 Thread 0x000001c176d5e2a0 Exception <a 'java/lang/NoSuchMethodError'{0x00000000cd67ce08}: 'java.lang.Object java.lang.invoke.DirectMethodHandle$Holder.invokeInterface(java.lang.Object, java.lang.Object)'> (0x00000000cd67ce08) 
thrown [s\open\src\hotspot\share\interpreter\linkResolver.cpp, line 773]
Event: 16.465 Thread 0x000001c176d5e2a0 Exception <a 'java/lang/NoSuchMethodError'{0x00000000cd4d5fd0}: 'java.lang.Object java.lang.invoke.DirectMethodHandle$Holder.invokeStatic(java.lang.Object, long, java.lang.Object)'> (0x00000000cd4d5fd0) 
thrown [s\open\src\hotspot\share\interpreter\linkResolver.cpp, line 773]
Event: 16.466 Thread 0x000001c176d5e2a0 Exception <a 'java/lang/NoSuchMethodError'{0x00000000cd4d9628}: 'java.lang.Object java.lang.invoke.DirectMethodHandle$Holder.invokeStaticInit(java.lang.Object, long, java.lang.Object)'> (0x00000000cd4d9628) 
thrown [s\open\src\hotspot\share\interpreter\linkResolver.cpp, line 773]
Event: 16.466 Thread 0x000001c176d5e2a0 Exception <a 'java/lang/NoSuchMethodError'{0x00000000cd4ded90}: 'java.lang.Object java.lang.invoke.DirectMethodHandle$Holder.newInvokeSpecial(java.lang.Object, long)'> (0x00000000cd4ded90) 
thrown [s\open\src\hotspot\share\interpreter\linkResolver.cpp, line 773]
Event: 16.539 Thread 0x000001c176d5e2a0 Exception <a 'java/lang/NoSuchMethodError'{0x00000000cd21fad0}: 'void java.lang.invoke.DirectMethodHandle$Holder.invokeStatic(java.lang.Object, java.lang.Object)'> (0x00000000cd21fad0) 
thrown [s\open\src\hotspot\share\interpreter\linkResolver.cpp, line 773]
Event: 16.545 Thread 0x000001c176d5e2a0 Exception <a 'java/lang/NoSuchMethodError'{0x00000000cd22ab38}: 'java.lang.Object java.lang.invoke.DirectMethodHandle$Holder.invokeVirtual(java.lang.Object, java.lang.Object, java.lang.Object, java.lang.Object)'> (0x00000000cd22ab38) 
thrown [s\open\src\hotspot\share\interpreter\linkResolver.cpp, line 773]
Event: 16.545 Thread 0x000001c176d5e2a0 Exception <a 'java/lang/NoSuchMethodError'{0x00000000cd235710}: 'java.lang.Object java.lang.invoke.Invokers$Holder.invokeExact_MT(java.lang.Object, java.lang.Object, java.lang.Object, java.lang.Object, java.lang.Object)'> (0x00000000cd235710) 
thrown [s\open\src\hotspot\share\interpreter\linkResolver.cpp, line 773]
Event: 16.551 Thread 0x000001c176d5e2a0 Exception <a 'java/lang/NoSuchMethodError'{0x00000000cd2417b0}: 'java.lang.Object java.lang.invoke.DirectMethodHandle$Holder.invokeStaticInit(java.lang.Object, int, int, int, int)'> (0x00000000cd2417b0) 
thrown [s\open\src\hotspot\share\interpreter\linkResolver.cpp, line 773]
Event: 16.565 Thread 0x000001c176d5e2a0 Exception <a 'java/lang/NoSuchMethodError'{0x00000000cd286f50}: 'java.lang.Object java.lang.invoke.DirectMethodHandle$Holder.invokeStaticInit(java.lang.Object, java.lang.Object, int, int, int, int)'> (0x00000000cd286f50) 
thrown [s\open\src\hotspot\share\interpreter\linkResolver.cpp, line 773]
Event: 16.600 Thread 0x000001c176d5e2a0 Exception <a 'sun/nio/fs/WindowsException'{0x00000000cd11c1e8}> (0x00000000cd11c1e8) 
thrown [s\open\src\hotspot\share\prims\jni.cpp, line 520]
Event: 16.992 Thread 0x000001c176d5e2a0 Exception <a 'java/lang/NoSuchMethodError'{0x00000000ccc09398}: 'java.lang.Object java.lang.invoke.DirectMethodHandle$Holder.invokeSpecial(java.lang.Object, java.lang.Object, java.lang.Object, java.lang.Object, int)'> (0x00000000ccc09398) 
thrown [s\open\src\hotspot\share\interpreter\linkResolver.cpp, line 773]
Event: 16.992 Thread 0x000001c176d5e2a0 Exception <a 'java/lang/NoSuchMethodError'{0x00000000ccc0cf90}: 'java.lang.Object java.lang.invoke.Invokers$Holder.linkToTargetMethod(java.lang.Object, java.lang.Object, int, java.lang.Object)'> (0x00000000ccc0cf90) 
thrown [s\open\src\hotspot\share\interpreter\linkResolver.cpp, line 773]

ZGC Phase Switch (0 events):
No events

VM Operations (20 events):
Event: 13.434 Executing VM operation: Cleanup
Event: 13.434 Executing VM operation: Cleanup done
Event: 14.445 Executing VM operation: Cleanup
Event: 14.445 Executing VM operation: Cleanup done
Event: 15.454 Executing VM operation: Cleanup
Event: 15.454 Executing VM operation: Cleanup done
Event: 16.242 Executing VM operation: HandshakeAllThreads (Deoptimize)
Event: 16.242 Executing VM operation: HandshakeAllThreads (Deoptimize) done
Event: 16.275 Executing VM operation: HandshakeAllThreads (Deoptimize)
Event: 16.275 Executing VM operation: HandshakeAllThreads (Deoptimize) done
Event: 16.469 Executing VM operation: HandshakeAllThreads (Deoptimize)
Event: 16.470 Executing VM operation: HandshakeAllThreads (Deoptimize) done
Event: 16.470 Executing VM operation: Cleanup
Event: 16.470 Executing VM operation: Cleanup done
Event: 16.708 Executing VM operation: HandshakeAllThreads (Deoptimize)
Event: 16.708 Executing VM operation: HandshakeAllThreads (Deoptimize) done
Event: 16.712 Executing VM operation: HandshakeAllThreads (Deoptimize)
Event: 16.712 Executing VM operation: HandshakeAllThreads (Deoptimize) done
Event: 16.927 Executing VM operation: HandshakeAllThreads (Deoptimize)
Event: 16.927 Executing VM operation: HandshakeAllThreads (Deoptimize) done

Events (19 events):
Event: 0.025 Thread 0x000001c10f677730 Thread added: 0x000001c10f677730
Event: 0.038 Thread 0x000001c12cad9a30 Thread added: 0x000001c12cad9a30
Event: 0.038 Thread 0x000001c12cada750 Thread added: 0x000001c12cada750
Event: 0.038 Thread 0x000001c12cadc680 Thread added: 0x000001c12cadc680
Event: 0.038 Thread 0x000001c12cadf6b0 Thread added: 0x000001c12cadf6b0
Event: 0.038 Thread 0x000001c12cae0850 Thread added: 0x000001c12cae0850
Event: 0.038 Thread 0x000001c12cae12b0 Thread added: 0x000001c12cae12b0
Event: 0.038 Thread 0x000001c12caf0cb0 Thread added: 0x000001c12caf0cb0
Event: 0.038 Thread 0x000001c12caf4770 Thread added: 0x000001c12caf4770
Event: 0.053 Thread 0x000001c1720e0890 Thread added: 0x000001c1720e0890
Event: 0.055 Thread 0x000001c1720e60f0 Thread added: 0x000001c1720e60f0
Event: 0.159 Thread 0x000001c172289360 Thread added: 0x000001c172289360
Event: 0.160 Thread 0x000001c17228dcf0 Thread added: 0x000001c17228dcf0
Event: 0.161 Thread 0x000001c17228f1b0 Thread added: 0x000001c17228f1b0
Event: 0.341 Thread 0x000001c176d5e2a0 Thread added: 0x000001c176d5e2a0
Event: 0.474 Thread 0x000001c10f677730 Thread exited: 0x000001c10f677730
Event: 0.474 Thread 0x000001c10f677730 Thread added: 0x000001c10f677730
Event: 0.476 Thread 0x000001c176e33910 Thread added: 0x000001c176e33910
Event: 2.488 Thread 0x000001c176e69740 Thread added: 0x000001c176e69740


Dynamic libraries:
0x00007ff612950000 - 0x00007ff612960000 	C:\Program Files\Java\jdk-21\bin\javaw.exe
0x00007ffde55b0000 - 0x00007ffde57c7000 	C:\WINDOWS\SYSTEM32\ntdll.dll
0x00007ffde4160000 - 0x00007ffde4224000 	C:\WINDOWS\System32\KERNEL32.DLL
0x00007ffde2e30000 - 0x00007ffde31d6000 	C:\WINDOWS\System32\KERNELBASE.dll
0x00007ffde31e0000 - 0x00007ffde32f1000 	C:\WINDOWS\System32\ucrtbase.dll
0x00007ffdbbb00000 - 0x00007ffdbbb19000 	C:\Program Files\Java\jdk-21\bin\jli.dll
0x00007ffdbbae0000 - 0x00007ffdbbafb000 	C:\Program Files\Java\jdk-21\bin\VCRUNTIME140.dll
0x00007ffde52c0000 - 0x00007ffde5373000 	C:\WINDOWS\System32\ADVAPI32.dll
0x00007ffde35e0000 - 0x00007ffde3687000 	C:\WINDOWS\System32\msvcrt.dll
0x00007ffde3360000 - 0x00007ffde3408000 	C:\WINDOWS\System32\sechost.dll
0x00007ffde2aa0000 - 0x00007ffde2ac8000 	C:\WINDOWS\System32\bcrypt.dll
0x00007ffde3870000 - 0x00007ffde3987000 	C:\WINDOWS\System32\RPCRT4.dll
0x00007ffde4c40000 - 0x00007ffde4dee000 	C:\WINDOWS\System32\USER32.dll
0x00007ffde2e00000 - 0x00007ffde2e26000 	C:\WINDOWS\System32\win32u.dll
0x00007ffde42b0000 - 0x00007ffde42d9000 	C:\WINDOWS\System32\GDI32.dll
0x00007ffde2ad0000 - 0x00007ffde2be8000 	C:\WINDOWS\System32\gdi32full.dll
0x00007ffde2bf0000 - 0x00007ffde2c8a000 	C:\WINDOWS\System32\msvcp_win.dll
0x00007ffdc7770000 - 0x00007ffdc7a03000 	C:\WINDOWS\WinSxS\amd64_microsoft.windows.common-controls_6595b64144ccf1df_6.0.22621.2506_none_270c5ae97388e100\COMCTL32.dll
0x00007ffdd99c0000 - 0x00007ffdd99ca000 	C:\WINDOWS\SYSTEM32\VERSION.dll
0x00007ffde3fd0000 - 0x00007ffde4001000 	C:\WINDOWS\System32\IMM32.DLL
0x00007ffdce370000 - 0x00007ffdce37c000 	C:\Program Files\Java\jdk-21\bin\vcruntime140_1.dll
0x00007ffd82e30000 - 0x00007ffd82ebe000 	C:\Program Files\Java\jdk-21\bin\msvcp140.dll
0x00007ffd76670000 - 0x00007ffd77385000 	C:\Program Files\Java\jdk-21\bin\server\jvm.dll
0x00007ffde39a0000 - 0x00007ffde3a11000 	C:\WINDOWS\System32\WS2_32.dll
0x00007ffde2610000 - 0x00007ffde265d000 	C:\WINDOWS\SYSTEM32\POWRPROF.dll
0x00007ffddb8d0000 - 0x00007ffddb904000 	C:\WINDOWS\SYSTEM32\WINMM.dll
0x00007ffde25f0000 - 0x00007ffde2603000 	C:\WINDOWS\SYSTEM32\UMPDC.dll
0x00007ffde1920000 - 0x00007ffde1938000 	C:\WINDOWS\SYSTEM32\kernel.appcore.dll
0x00007ffdb4b50000 - 0x00007ffdb4b5a000 	C:\Program Files\Java\jdk-21\bin\jimage.dll
0x00007ffdd03f0000 - 0x00007ffdd0623000 	C:\WINDOWS\SYSTEM32\DBGHELP.DLL
0x00007ffde3a20000 - 0x00007ffde3da9000 	C:\WINDOWS\System32\combase.dll
0x00007ffde3790000 - 0x00007ffde3867000 	C:\WINDOWS\System32\OLEAUT32.dll
0x00007ffdca1e0000 - 0x00007ffdca212000 	C:\WINDOWS\SYSTEM32\dbgcore.DLL
0x00007ffde2a20000 - 0x00007ffde2a9a000 	C:\WINDOWS\System32\bcryptPrimitives.dll
0x00007ffda9520000 - 0x00007ffda953f000 	C:\Program Files\Java\jdk-21\bin\java.dll
0x00007ffde42e0000 - 0x00007ffde4b3a000 	C:\WINDOWS\System32\SHELL32.dll
0x00007ffde0840000 - 0x00007ffde1136000 	C:\WINDOWS\SYSTEM32\windows.storage.dll
0x00007ffde0700000 - 0x00007ffde083e000 	C:\WINDOWS\SYSTEM32\wintypes.dll
0x00007ffde3690000 - 0x00007ffde3783000 	C:\WINDOWS\System32\SHCORE.dll
0x00007ffde3dd0000 - 0x00007ffde3e2e000 	C:\WINDOWS\System32\shlwapi.dll
0x00007ffde2820000 - 0x00007ffde2846000 	C:\WINDOWS\SYSTEM32\profapi.dll
0x00007ffd76590000 - 0x00007ffd76667000 	C:\Program Files\Java\jdk-21\bin\jsvml.dll
0x00007ffdb2240000 - 0x00007ffdb2250000 	C:\Program Files\Java\jdk-21\bin\net.dll
0x00007ffddd5e0000 - 0x00007ffddd717000 	C:\WINDOWS\SYSTEM32\WINHTTP.dll
0x00007ffde1da0000 - 0x00007ffde1e09000 	C:\WINDOWS\system32\mswsock.dll
0x00007ffd9ed80000 - 0x00007ffd9ed96000 	C:\Program Files\Java\jdk-21\bin\nio.dll
0x00007ffd95220000 - 0x00007ffd95238000 	C:\Program Files\Java\jdk-21\bin\zip.dll
0x00007ffd82ca0000 - 0x00007ffd82e2f000 	C:\Program Files\Java\jdk-21\bin\awt.dll
0x00007ffddfc70000 - 0x00007ffddfd07000 	C:\WINDOWS\SYSTEM32\apphelp.dll
0x00007ffde0270000 - 0x00007ffde029b000 	C:\WINDOWS\system32\DWMAPI.DLL
0x00007ffddfe40000 - 0x00007ffddfeeb000 	C:\WINDOWS\system32\uxtheme.dll
0x00007ffda9e70000 - 0x00007ffda9f70000 	C:\WINDOWS\system32\opengl32.dll
0x00007ffda9fe0000 - 0x00007ffdaa00d000 	C:\WINDOWS\SYSTEM32\GLU32.dll
0x00007ffddff40000 - 0x00007ffddff76000 	C:\WINDOWS\SYSTEM32\dxcore.dll
0x00007ffde4010000 - 0x00007ffde4160000 	C:\WINDOWS\System32\MSCTF.dll
0x00007ffde3e30000 - 0x00007ffde3fd0000 	C:\WINDOWS\System32\ole32.dll
0x00007ffd8f980000 - 0x00007ffd8fb29000 	C:\WINDOWS\system32\d3d9.dll
0x00007ffdd8950000 - 0x00007ffdd8b0b000 	C:\WINDOWS\System32\DriverStore\FileRepository\u0399223.inf_amd64_afdf17d03cd73307\B396953\aticfx64.dll
0x00007ffddd960000 - 0x00007ffddd994000 	C:\WINDOWS\System32\DriverStore\FileRepository\u0399223.inf_amd64_afdf17d03cd73307\B396953\atiu9p64.dll
0x00007ffd83bf0000 - 0x00007ffd84937000 	C:\WINDOWS\System32\DriverStore\FileRepository\u0399223.inf_amd64_afdf17d03cd73307\B396953\atiumd64.dll
0x00000000506f0000 - 0x0000000051603000 	C:\WINDOWS\System32\DriverStore\FileRepository\u0399223.inf_amd64_afdf17d03cd73307\B396953\atiumd6a.dll
0x00007ffde4e40000 - 0x00007ffde52b4000 	C:\WINDOWS\System32\SETUPAPI.dll
0x00007ffdd6930000 - 0x00007ffdd6965000 	C:\WINDOWS\SYSTEM32\amdihk64.dll
0x00007ffddc370000 - 0x00007ffddc3ba000 	C:\WINDOWS\SYSTEM32\directxdatabasehelper.dll
0x00007ffd746c0000 - 0x00007ffd74747000 	C:\Program Files\Java\jdk-21\bin\freetype.dll
0x00007ffd745e0000 - 0x00007ffd746b3000 	C:\Program Files\Java\jdk-21\bin\fontmanager.dll
0x00007ffde3490000 - 0x00007ffde3540000 	C:\WINDOWS\System32\clbcatq.dll
0x00007ffdde2b0000 - 0x00007ffdde460000 	C:\WINDOWS\SYSTEM32\WindowsCodecs.dll
0x00007ffdb1710000 - 0x00007ffdb176e000 	C:\WINDOWS\system32\dataexchange.dll
0x00007ffdda4d0000 - 0x00007ffdda755000 	C:\WINDOWS\system32\twinapi.appcore.dll
0x00007ffdcd870000 - 0x00007ffdcd9ba000 	C:\WINDOWS\SYSTEM32\textinputframework.dll
0x00007ffddf990000 - 0x00007ffddfac4000 	C:\WINDOWS\SYSTEM32\CoreMessaging.dll
0x00007ffddb910000 - 0x00007ffddbc7c000 	C:\WINDOWS\SYSTEM32\CoreUIComponents.dll
0x00007ffde2010000 - 0x00007ffde201c000 	C:\WINDOWS\SYSTEM32\CRYPTBASE.DLL
0x00007ffddbc80000 - 0x00007ffddbc87000 	C:\Program Files\Java\jdk-21\bin\extnet.dll
0x00007ffdc1d90000 - 0x00007ffdc1da7000 	C:\WINDOWS\system32\napinsp.dll
0x00007ffdc19e0000 - 0x00007ffdc19fb000 	C:\WINDOWS\system32\pnrpnsp.dll
0x00007ffde13c0000 - 0x00007ffde14b9000 	C:\WINDOWS\SYSTEM32\DNSAPI.dll
0x00007ffde1390000 - 0x00007ffde13bd000 	C:\WINDOWS\SYSTEM32\IPHLPAPI.DLL
0x00007ffde35d0000 - 0x00007ffde35d9000 	C:\WINDOWS\System32\NSI.dll
0x00007ffdc19c0000 - 0x00007ffdc19d1000 	C:\WINDOWS\System32\winrnr.dll
0x00007ffdc19a0000 - 0x00007ffdc19b5000 	C:\WINDOWS\system32\wshbth.dll
0x00007ffdc1920000 - 0x00007ffdc1941000 	C:\WINDOWS\system32\nlansp_c.dll
0x00007ffddc2f0000 - 0x00007ffddc2fa000 	C:\Windows\System32\rasadhlp.dll
0x00007ffddaad0000 - 0x00007ffddab53000 	C:\WINDOWS\System32\fwpuclnt.dll
0x00007ffde1ff0000 - 0x00007ffde200b000 	C:\WINDOWS\SYSTEM32\CRYPTSP.dll
0x00007ffde1880000 - 0x00007ffde18b5000 	C:\WINDOWS\system32\rsaenh.dll
0x00007ffde1e90000 - 0x00007ffde1ebc000 	C:\WINDOWS\SYSTEM32\USERENV.dll
0x00007ffddcc40000 - 0x00007ffddcc4e000 	C:\Program Files\Java\jdk-21\bin\sunmscapi.dll
0x00007ffde2c90000 - 0x00007ffde2df6000 	C:\WINDOWS\System32\CRYPT32.dll
0x00007ffde2220000 - 0x00007ffde224e000 	C:\WINDOWS\SYSTEM32\ncrypt.dll
0x00007ffde21e0000 - 0x00007ffde2217000 	C:\WINDOWS\SYSTEM32\NTASN1.dll

dbghelp: loaded successfully - version: 4.0.5 - missing functions: none
symbol engine: initialized successfully - sym options: 0x614 - pdb path: .;C:\Program Files\Java\jdk-21\bin;C:\WINDOWS\SYSTEM32;C:\WINDOWS\WinSxS\amd64_microsoft.windows.common-controls_6595b64144ccf1df_6.0.22621.2506_none_270c5ae97388e100;C:\Program Files\Java\jdk-21\bin\server;C:\WINDOWS\System32\DriverStore\FileRepository\u0399223.inf_amd64_afdf17d03cd73307\B396953

VM Arguments:
jvm_args: -Dfile.encoding=UTF-8 -Dstdout.encoding=UTF-8 -Dstderr.encoding=UTF-8 -XX:+ShowCodeDetailsInExceptionMessages 
java_command: Gui.LoginForm
java_class_path (initial): C:\Users\rcamy\eclipse-workspace\Project\bin;C:\Users\rcamy\Downloads\sqljdbc_12.4.2.0_enu\sqljdbc_12.4\enu\jars\mssql-jdbc-12.4.2.jre11.jar
Launcher Type: SUN_STANDARD

[Global flags]
     intx CICompilerCount                          = 4                                         {product} {ergonomic}
     uint ConcGCThreads                            = 2                                         {product} {ergonomic}
     uint G1ConcRefinementThreads                  = 8                                         {product} {ergonomic}
   size_t G1HeapRegionSize                         = 1048576                                   {product} {ergonomic}
    uintx GCDrainStackTargetSize                   = 64                                        {product} {ergonomic}
   size_t InitialHeapSize                          = 56623104                                  {product} {ergonomic}
   size_t MarkStackSize                            = 4194304                                   {product} {ergonomic}
   size_t MaxHeapSize                              = 893386752                                 {product} {ergonomic}
   size_t MaxNewSize                               = 535822336                                 {product} {ergonomic}
   size_t MinHeapDeltaBytes                        = 1048576                                   {product} {ergonomic}
   size_t MinHeapSize                              = 8388608                                   {product} {ergonomic}
    uintx NonNMethodCodeHeapSize                   = 5839372                                {pd product} {ergonomic}
    uintx NonProfiledCodeHeapSize                  = 122909434                              {pd product} {ergonomic}
    uintx ProfiledCodeHeapSize                     = 122909434                              {pd product} {ergonomic}
    uintx ReservedCodeCacheSize                    = 251658240                              {pd product} {ergonomic}
     bool SegmentedCodeCache                       = true                                      {product} {ergonomic}
     bool ShowCodeDetailsInExceptionMessages       = true                                   {manageable} {command line}
   size_t SoftMaxHeapSize                          = 893386752                              {manageable} {ergonomic}
     bool UseCompressedOops                        = true                           {product lp64_product} {ergonomic}
     bool UseG1GC                                  = true                                      {product} {ergonomic}
     bool UseLargePagesIndividualAllocation        = false                                  {pd product} {ergonomic}

Logging:
Log output configuration:
 #0: stdout all=warning uptime,level,tags foldmultilines=false
 #1: stderr all=off uptime,level,tags foldmultilines=false

Environment Variables:
PATH=C:/Program Files/Java/jdk-21/bin/server;C:/Program Files/Java/jdk-21/bin;C:\Program Files\Common Files\Oracle\Java\javapath;C:\WINDOWS\system32;C:\WINDOWS;C:\WINDOWS\System32\Wbem;C:\WINDOWS\System32\WindowsPowerShell\v1.0\;C:\WINDOWS\System32\OpenSSH\;C:\Program Files\Java\jdk-21\bin;C:\msys64\mingw64\bin;C:\Program Files (x86)\Microsoft SQL Server\160\Tools\Binn\;C:\Program Files\Microsoft SQL Server\160\Tools\Binn\;C:\Program Files\Microsoft SQL Server\Client SDK\ODBC\170\Tools\Binn\;C:\Program Files\Microsoft SQL Server\160\DTS\Binn\;C:\Program Files (x86)\Microsoft SQL Server\160\DTS\Binn\;C:\Program Files\Azure Data Studio\bin;C:\Users\rcamy\AppData\Local\Microsoft\WindowsApps;;C:\Program Files\Azure Data Studio\bin;C:\Users\rcamy\AppData\Local\Programs\Microsoft VS Code\bin;C:\Users\rcamy\OneDrive\Desktop;
USERNAME=rcamy
OS=Windows_NT
PROCESSOR_IDENTIFIER=AMD64 Family 23 Model 104 Stepping 1, AuthenticAMD
TMP=C:\Users\rcamy\AppData\Local\Temp
TEMP=C:\Users\rcamy\AppData\Local\Temp




Periodic native trim disabled

---------------  S Y S T E M  ---------------

OS:
 Windows 11 , 64 bit Build 22621 (10.0.22621.2506)
OS uptime: 0 days 1:21 hours

CPU: total 8 (initial active 8) (8 cores per cpu, 2 threads per core) family 23 model 104 stepping 1 microcode 0x0, cx8, cmov, fxsr, ht, mmx, 3dnowpref, sse, sse2, sse3, ssse3, sse4a, sse4.1, sse4.2, popcnt, lzcnt, tsc, tscinvbit, avx, avx2, aes, clmul, bmi1, bmi2, adx, sha, fma, vzeroupper, clflush, clflushopt, rdtscp, rdpid, f16c
Processor Information for processor 0
  Max Mhz: 2600, Current Mhz: 2600, Mhz Limit: 2600
Processor Information for processor 1
  Max Mhz: 2600, Current Mhz: 2600, Mhz Limit: 2600
Processor Information for processor 2
  Max Mhz: 2600, Current Mhz: 2080, Mhz Limit: 2600
Processor Information for processor 3
  Max Mhz: 2600, Current Mhz: 2600, Mhz Limit: 2600
Processor Information for processor 4
  Max Mhz: 2600, Current Mhz: 2080, Mhz Limit: 2600
Processor Information for processor 5
  Max Mhz: 2600, Current Mhz: 2600, Mhz Limit: 2600
Processor Information for processor 6
  Max Mhz: 2600, Current Mhz: 2600, Mhz Limit: 2600
Processor Information for processor 7
  Max Mhz: 2600, Current Mhz: 2080, Mhz Limit: 2600

Memory: 4k page, system-wide physical 3406M (234M free)
TotalPageFile size 13646M (AvailPageFile size 7M)
current process WorkingSet (physical memory assigned to process): 122M, peak: 123M
current process commit charge ("private bytes"): 200M, peak: 201M

vm_info: Java HotSpot(TM) 64-Bit Server VM (21.0.1+12-LTS-29) for windows-amd64 JRE (21.0.1+12-LTS-29), built on 2023-10-05T13:27:09Z by "mach5one" with MS VC++ 17.1 (VS2022)

END.
