#
# There is insufficient memory for the Java Runtime Environment to continue.
# Native memory allocation (malloc) failed to allocate 1407488 bytes for Chunk::new
# Possible reasons:
#   The system is out of physical RAM or swap space
#   The process is running with CompressedOops enabled, and the Java Heap may be blocking the growth of the native heap
# Possible solutions:
#   Reduce memory load on the system
#   Increase physical memory or swap space
#   Check if swap backing store is full
#   Decrease Java heap size (-Xmx/-Xms)
#   Decrease number of Java threads
#   Decrease Java thread stack sizes (-Xss)
#   Set larger code cache with -XX:ReservedCodeCacheSize=
#   JVM is running with Unscaled Compressed Oops mode in which the Java heap is
#     placed in the first 4GB address space. The Java Heap base address is the
#     maximum limit for the native heap growth. Please use -XX:HeapBaseMinAddress
#     to set the Java Heap base and to place the Java Heap above 4GB virtual address.
# This output file may be truncated or incomplete.
#
#  Out of Memory Error (arena.cpp:168), pid=15756, tid=16224
#
# JRE version: Java(TM) SE Runtime Environment (21.0.1+12) (build 21.0.1+12-LTS-29)
# Java VM: Java HotSpot(TM) 64-Bit Server VM (21.0.1+12-LTS-29, mixed mode, sharing, tiered, compressed oops, compressed class ptrs, g1 gc, windows-amd64)
# No core dump will be written. Minidumps are not enabled by default on client versions of Windows
#

---------------  S U M M A R Y ------------

Command Line: -Dfile.encoding=UTF-8 -Dstdout.encoding=UTF-8 -Dstderr.encoding=UTF-8 -XX:+ShowCodeDetailsInExceptionMessages Gui.Main

Host: AMD Ryzen 3 5300U with Radeon Graphics         , 8 cores, 3G,  Windows 11 , 64 bit Build 22621 (10.0.22621.2506)
Time: Mon Jan 22 16:13:54 2024 SE Asia Standard Time elapsed time: 12.998313 seconds (0d 0h 0m 12s)

---------------  T H R E A D  ---------------

Current thread (0x0000025e6e158060):  JavaThread "C2 CompilerThread0" daemon [_thread_in_native, id=16224, stack(0x0000008643700000,0x0000008643800000) (1024K)]


Current CompileTask:
C2:  12998 1749       4       sun.security.ec.ECOperations::setDouble (463 bytes)

Stack: [0x0000008643700000,0x0000008643800000]
Native frames: (J=compiled Java code, j=interpreted, Vv=VM code, C=native code)
V  [jvm.dll+0x6c9029]
V  [jvm.dll+0x854b81]
V  [jvm.dll+0x856e5e]
V  [jvm.dll+0x857543]
V  [jvm.dll+0x280c06]
V  [jvm.dll+0xc3ead]
V  [jvm.dll+0xc43c3]
V  [jvm.dll+0x3b576c]
V  [jvm.dll+0x382475]
V  [jvm.dll+0x3818ea]
V  [jvm.dll+0x249ad0]
V  [jvm.dll+0x2490b1]
V  [jvm.dll+0x1c9ca1]
V  [jvm.dll+0x2586b9]
V  [jvm.dll+0x256c9a]
V  [jvm.dll+0x3ef1b6]
V  [jvm.dll+0x7fd728]
V  [jvm.dll+0x6c777d]
C  [ucrtbase.dll+0x29363]
C  [KERNEL32.DLL+0x1257d]
C  [ntdll.dll+0x5aa58]


---------------  P R O C E S S  ---------------

Threads class SMR info:
_java_thread_list=0x0000025e777def20, length=17, elements={
0x0000025e6e139c30, 0x0000025e6e13ab50, 0x0000025e6e13f050, 0x0000025e6e141f20,
0x0000025e6e142980, 0x0000025e6e14b520, 0x0000025e6e158060, 0x0000025e6e14cf90,
0x0000025e6e3da580, 0x0000025e6e3fb1d0, 0x0000025e6e58f980, 0x0000025e6e592400,
0x0000025e6e5a2cc0, 0x0000025e77713d80, 0x0000025e0fcd5ca0, 0x0000025e6e41e9e0,
0x0000025e77874410
}

Java Threads: ( => current thread )
  0x0000025e6e139c30 JavaThread "Reference Handler"          daemon [_thread_blocked, id=16136, stack(0x0000008643100000,0x0000008643200000) (1024K)]
  0x0000025e6e13ab50 JavaThread "Finalizer"                  daemon [_thread_blocked, id=15000, stack(0x0000008643200000,0x0000008643300000) (1024K)]
  0x0000025e6e13f050 JavaThread "Signal Dispatcher"          daemon [_thread_blocked, id=3252, stack(0x0000008643300000,0x0000008643400000) (1024K)]
  0x0000025e6e141f20 JavaThread "Attach Listener"            daemon [_thread_blocked, id=7028, stack(0x0000008643400000,0x0000008643500000) (1024K)]
  0x0000025e6e142980 JavaThread "Service Thread"             daemon [_thread_blocked, id=15340, stack(0x0000008643500000,0x0000008643600000) (1024K)]
  0x0000025e6e14b520 JavaThread "Monitor Deflation Thread"   daemon [_thread_blocked, id=16228, stack(0x0000008643600000,0x0000008643700000) (1024K)]
=>0x0000025e6e158060 JavaThread "C2 CompilerThread0"         daemon [_thread_in_native, id=16224, stack(0x0000008643700000,0x0000008643800000) (1024K)]
  0x0000025e6e14cf90 JavaThread "C1 CompilerThread0"         daemon [_thread_blocked, id=16060, stack(0x0000008643800000,0x0000008643900000) (1024K)]
  0x0000025e6e3da580 JavaThread "Notification Thread"        daemon [_thread_blocked, id=14416, stack(0x0000008643900000,0x0000008643a00000) (1024K)]
  0x0000025e6e3fb1d0 JavaThread "Common-Cleaner"             daemon [_thread_blocked, id=15700, stack(0x0000008643a00000,0x0000008643b00000) (1024K)]
  0x0000025e6e58f980 JavaThread "Java2D Disposer"            daemon [_thread_blocked, id=16100, stack(0x0000008643b00000,0x0000008643c00000) (1024K)]
  0x0000025e6e592400 JavaThread "AWT-Shutdown"                      [_thread_blocked, id=13776, stack(0x0000008643c00000,0x0000008643d00000) (1024K)]
  0x0000025e6e5a2cc0 JavaThread "AWT-Windows"                daemon [_thread_in_native, id=16316, stack(0x0000008643d00000,0x0000008643e00000) (1024K)]
  0x0000025e77713d80 JavaThread "AWT-EventQueue-0"                  [_thread_blocked, id=16304, stack(0x0000008644600000,0x0000008644700000) (1024K)]
  0x0000025e0fcd5ca0 JavaThread "DestroyJavaVM"                     [_thread_blocked, id=16036, stack(0x0000008642900000,0x0000008642a00000) (1024K)]
  0x0000025e6e41e9e0 JavaThread "D3D Screen Updater"         daemon [_thread_blocked, id=14176, stack(0x0000008644700000,0x0000008644800000) (1024K)]
  0x0000025e77874410 JavaThread "TimerQueue"                 daemon [_thread_blocked, id=16216, stack(0x0000008644900000,0x0000008644a00000) (1024K)]
Total: 17

Other Threads:
  0x0000025e6e121700 VMThread "VM Thread"                           [id=15980, stack(0x0000008643000000,0x0000008643100000) (1024K)]
  0x0000025e11fc7060 WatcherThread "VM Periodic Task Thread"        [id=16088, stack(0x0000008642f00000,0x0000008643000000) (1024K)]
  0x0000025e11f46fb0 WorkerThread "GC Thread#0"                     [id=16052, stack(0x0000008642a00000,0x0000008642b00000) (1024K)]
  0x0000025e11f4f220 ConcurrentGCThread "G1 Main Marker"            [id=16008, stack(0x0000008642b00000,0x0000008642c00000) (1024K)]
  0x0000025e11f50670 WorkerThread "G1 Conc#0"                       [id=7948, stack(0x0000008642c00000,0x0000008642d00000) (1024K)]
  0x0000025e11fbae80 ConcurrentGCThread "G1 Refine#0"               [id=16056, stack(0x0000008642d00000,0x0000008642e00000) (1024K)]
  0x0000025e11fbb9f0 ConcurrentGCThread "G1 Service"                [id=15640, stack(0x0000008642e00000,0x0000008642f00000) (1024K)]
Total: 7

Threads with active compile tasks:
C2 CompilerThread0    13010 1749       4       sun.security.ec.ECOperations::setDouble (463 bytes)
Total: 1

VM state: not at safepoint (normal execution)

VM Mutex/Monitor currently owned by a thread: None

Heap address: 0x00000000cac00000, size: 852 MB, Compressed Oops mode: 32-bit

CDS archive(s) mapped at: [0x0000025e2d000000-0x0000025e2dc90000-0x0000025e2dc90000), size 13172736, SharedBaseAddress: 0x0000025e2d000000, ArchiveRelocationMode: 1.
Compressed class space mapped at: 0x0000025e2e000000-0x0000025e6e000000, reserved size: 1073741824
Narrow klass base: 0x0000025e2d000000, Narrow klass shift: 0, Narrow klass range: 0x100000000

GC Precious Log:
 CardTable entry size: 512
 Card Set container configuration: InlinePtr #cards 5 size 8 Array Of Cards #cards 12 size 40 Howl #buckets 4 coarsen threshold 1843 Howl Bitmap #cards 512 size 80 coarsen threshold 460 Card regions per heap region 1 cards per card region 2048
 CPUs: 8 total, 8 available
 Memory: 3406M
 Large Page Support: Disabled
 NUMA Support: Disabled
 Compressed Oops: Enabled (32-bit)
 Heap Region Size: 1M
 Heap Min Capacity: 8M
 Heap Initial Capacity: 54M
 Heap Max Capacity: 852M
 Pre-touch: Disabled
 Parallel Workers: 8
 Concurrent Workers: 2
 Concurrent Refinement Workers: 8
 Periodic GC: Disabled

Heap:
 garbage-first heap   total 55296K, used 20480K [0x00000000cac00000, 0x0000000100000000)
  region size 1024K, 22 young (22528K), 0 survivors (0K)
 Metaspace       used 17038K, committed 17408K, reserved 1114112K
  class space    used 1837K, committed 1984K, reserved 1048576K

Heap Regions: E=young(eden), S=young(survivor), O=old, HS=humongous(starts), HC=humongous(continues), CS=collection set, F=free, TAMS=top-at-mark-start, PB=parsable bottom
|   0|0x00000000cac00000, 0x00000000cac00000, 0x00000000cad00000|  0%| F|  |TAMS 0x00000000cac00000| PB 0x00000000cac00000| Untracked 
|   1|0x00000000cad00000, 0x00000000cad00000, 0x00000000cae00000|  0%| F|  |TAMS 0x00000000cad00000| PB 0x00000000cad00000| Untracked 
|   2|0x00000000cae00000, 0x00000000cae00000, 0x00000000caf00000|  0%| F|  |TAMS 0x00000000cae00000| PB 0x00000000cae00000| Untracked 
|   3|0x00000000caf00000, 0x00000000caf00000, 0x00000000cb000000|  0%| F|  |TAMS 0x00000000caf00000| PB 0x00000000caf00000| Untracked 
|   4|0x00000000cb000000, 0x00000000cb000000, 0x00000000cb100000|  0%| F|  |TAMS 0x00000000cb000000| PB 0x00000000cb000000| Untracked 
|   5|0x00000000cb100000, 0x00000000cb100000, 0x00000000cb200000|  0%| F|  |TAMS 0x00000000cb100000| PB 0x00000000cb100000| Untracked 
|   6|0x00000000cb200000, 0x00000000cb200000, 0x00000000cb300000|  0%| F|  |TAMS 0x00000000cb200000| PB 0x00000000cb200000| Untracked 
|   7|0x00000000cb300000, 0x00000000cb300000, 0x00000000cb400000|  0%| F|  |TAMS 0x00000000cb300000| PB 0x00000000cb300000| Untracked 
|   8|0x00000000cb400000, 0x00000000cb400000, 0x00000000cb500000|  0%| F|  |TAMS 0x00000000cb400000| PB 0x00000000cb400000| Untracked 
|   9|0x00000000cb500000, 0x00000000cb500000, 0x00000000cb600000|  0%| F|  |TAMS 0x00000000cb500000| PB 0x00000000cb500000| Untracked 
|  10|0x00000000cb600000, 0x00000000cb600000, 0x00000000cb700000|  0%| F|  |TAMS 0x00000000cb600000| PB 0x00000000cb600000| Untracked 
|  11|0x00000000cb700000, 0x00000000cb700000, 0x00000000cb800000|  0%| F|  |TAMS 0x00000000cb700000| PB 0x00000000cb700000| Untracked 
|  12|0x00000000cb800000, 0x00000000cb800000, 0x00000000cb900000|  0%| F|  |TAMS 0x00000000cb800000| PB 0x00000000cb800000| Untracked 
|  13|0x00000000cb900000, 0x00000000cb900000, 0x00000000cba00000|  0%| F|  |TAMS 0x00000000cb900000| PB 0x00000000cb900000| Untracked 
|  14|0x00000000cba00000, 0x00000000cba00000, 0x00000000cbb00000|  0%| F|  |TAMS 0x00000000cba00000| PB 0x00000000cba00000| Untracked 
|  15|0x00000000cbb00000, 0x00000000cbb00000, 0x00000000cbc00000|  0%| F|  |TAMS 0x00000000cbb00000| PB 0x00000000cbb00000| Untracked 
|  16|0x00000000cbc00000, 0x00000000cbc00000, 0x00000000cbd00000|  0%| F|  |TAMS 0x00000000cbc00000| PB 0x00000000cbc00000| Untracked 
|  17|0x00000000cbd00000, 0x00000000cbd00000, 0x00000000cbe00000|  0%| F|  |TAMS 0x00000000cbd00000| PB 0x00000000cbd00000| Untracked 
|  18|0x00000000cbe00000, 0x00000000cbe00000, 0x00000000cbf00000|  0%| F|  |TAMS 0x00000000cbe00000| PB 0x00000000cbe00000| Untracked 
|  19|0x00000000cbf00000, 0x00000000cbf00000, 0x00000000cc000000|  0%| F|  |TAMS 0x00000000cbf00000| PB 0x00000000cbf00000| Untracked 
|  20|0x00000000cc000000, 0x00000000cc000000, 0x00000000cc100000|  0%| F|  |TAMS 0x00000000cc000000| PB 0x00000000cc000000| Untracked 
|  21|0x00000000cc100000, 0x00000000cc100000, 0x00000000cc200000|  0%| F|  |TAMS 0x00000000cc100000| PB 0x00000000cc100000| Untracked 
|  22|0x00000000cc200000, 0x00000000cc200000, 0x00000000cc300000|  0%| F|  |TAMS 0x00000000cc200000| PB 0x00000000cc200000| Untracked 
|  23|0x00000000cc300000, 0x00000000cc300000, 0x00000000cc400000|  0%| F|  |TAMS 0x00000000cc300000| PB 0x00000000cc300000| Untracked 
|  24|0x00000000cc400000, 0x00000000cc400000, 0x00000000cc500000|  0%| F|  |TAMS 0x00000000cc400000| PB 0x00000000cc400000| Untracked 
|  25|0x00000000cc500000, 0x00000000cc500000, 0x00000000cc600000|  0%| F|  |TAMS 0x00000000cc500000| PB 0x00000000cc500000| Untracked 
|  26|0x00000000cc600000, 0x00000000cc600000, 0x00000000cc700000|  0%| F|  |TAMS 0x00000000cc600000| PB 0x00000000cc600000| Untracked 
|  27|0x00000000cc700000, 0x00000000cc700000, 0x00000000cc800000|  0%| F|  |TAMS 0x00000000cc700000| PB 0x00000000cc700000| Untracked 
|  28|0x00000000cc800000, 0x00000000cc800000, 0x00000000cc900000|  0%| F|  |TAMS 0x00000000cc800000| PB 0x00000000cc800000| Untracked 
|  29|0x00000000cc900000, 0x00000000cc900000, 0x00000000cca00000|  0%| F|  |TAMS 0x00000000cc900000| PB 0x00000000cc900000| Untracked 
|  30|0x00000000cca00000, 0x00000000cca00000, 0x00000000ccb00000|  0%| F|  |TAMS 0x00000000cca00000| PB 0x00000000cca00000| Untracked 
|  31|0x00000000ccb00000, 0x00000000ccb00000, 0x00000000ccc00000|  0%| F|  |TAMS 0x00000000ccb00000| PB 0x00000000ccb00000| Untracked 
|  32|0x00000000ccc00000, 0x00000000ccc76460, 0x00000000ccd00000| 46%| E|  |TAMS 0x00000000ccc00000| PB 0x00000000ccc00000| Complete 
|  33|0x00000000ccd00000, 0x00000000cce00000, 0x00000000cce00000|100%| E|CS|TAMS 0x00000000ccd00000| PB 0x00000000ccd00000| Complete 
|  34|0x00000000cce00000, 0x00000000ccf00000, 0x00000000ccf00000|100%| E|CS|TAMS 0x00000000cce00000| PB 0x00000000cce00000| Complete 
|  35|0x00000000ccf00000, 0x00000000cd000000, 0x00000000cd000000|100%| E|CS|TAMS 0x00000000ccf00000| PB 0x00000000ccf00000| Complete 
|  36|0x00000000cd000000, 0x00000000cd100000, 0x00000000cd100000|100%| E|CS|TAMS 0x00000000cd000000| PB 0x00000000cd000000| Complete 
|  37|0x00000000cd100000, 0x00000000cd200000, 0x00000000cd200000|100%| E|CS|TAMS 0x00000000cd100000| PB 0x00000000cd100000| Complete 
|  38|0x00000000cd200000, 0x00000000cd300000, 0x00000000cd300000|100%| E|CS|TAMS 0x00000000cd200000| PB 0x00000000cd200000| Complete 
|  39|0x00000000cd300000, 0x00000000cd400000, 0x00000000cd400000|100%| E|  |TAMS 0x00000000cd300000| PB 0x00000000cd300000| Complete 
|  40|0x00000000cd400000, 0x00000000cd500000, 0x00000000cd500000|100%| E|CS|TAMS 0x00000000cd400000| PB 0x00000000cd400000| Complete 
|  41|0x00000000cd500000, 0x00000000cd600000, 0x00000000cd600000|100%| E|CS|TAMS 0x00000000cd500000| PB 0x00000000cd500000| Complete 
|  42|0x00000000cd600000, 0x00000000cd700000, 0x00000000cd700000|100%| E|CS|TAMS 0x00000000cd600000| PB 0x00000000cd600000| Complete 
|  43|0x00000000cd700000, 0x00000000cd800000, 0x00000000cd800000|100%| E|CS|TAMS 0x00000000cd700000| PB 0x00000000cd700000| Complete 
|  44|0x00000000cd800000, 0x00000000cd900000, 0x00000000cd900000|100%| E|CS|TAMS 0x00000000cd800000| PB 0x00000000cd800000| Complete 
|  45|0x00000000cd900000, 0x00000000cda00000, 0x00000000cda00000|100%| E|CS|TAMS 0x00000000cd900000| PB 0x00000000cd900000| Complete 
|  46|0x00000000cda00000, 0x00000000cdb00000, 0x00000000cdb00000|100%| E|CS|TAMS 0x00000000cda00000| PB 0x00000000cda00000| Complete 
|  47|0x00000000cdb00000, 0x00000000cdc00000, 0x00000000cdc00000|100%| E|CS|TAMS 0x00000000cdb00000| PB 0x00000000cdb00000| Complete 
|  48|0x00000000cdc00000, 0x00000000cdd00000, 0x00000000cdd00000|100%| E|CS|TAMS 0x00000000cdc00000| PB 0x00000000cdc00000| Complete 
|  49|0x00000000cdd00000, 0x00000000cde00000, 0x00000000cde00000|100%| E|CS|TAMS 0x00000000cdd00000| PB 0x00000000cdd00000| Complete 
|  50|0x00000000cde00000, 0x00000000cdf00000, 0x00000000cdf00000|100%| E|CS|TAMS 0x00000000cde00000| PB 0x00000000cde00000| Complete 
|  51|0x00000000cdf00000, 0x00000000ce000000, 0x00000000ce000000|100%| E|CS|TAMS 0x00000000cdf00000| PB 0x00000000cdf00000| Complete 
|  52|0x00000000ce000000, 0x00000000ce100000, 0x00000000ce100000|100%| E|CS|TAMS 0x00000000ce000000| PB 0x00000000ce000000| Complete 
|  53|0x00000000ce100000, 0x00000000ce200000, 0x00000000ce200000|100%| E|CS|TAMS 0x00000000ce100000| PB 0x00000000ce100000| Complete 

Card table byte_map: [0x0000025e29850000,0x0000025e29a00000] _byte_map_base: 0x0000025e291fa000

Marking Bits: (CMBitMap*) 0x0000025e11f476b0
 Bits: [0x0000025e29a00000, 0x0000025e2a750000)

Polling page: 0x0000025e116e0000

Metaspace:

Usage:
  Non-class:     14.85 MB used.
      Class:      1.79 MB used.
       Both:     16.64 MB used.

Virtual space:
  Non-class space:       64.00 MB reserved,      15.06 MB ( 24%) committed,  1 nodes.
      Class space:        1.00 GB reserved,       1.94 MB ( <1%) committed,  1 nodes.
             Both:        1.06 GB reserved,      17.00 MB (  2%) committed. 

Chunk freelists:
   Non-Class:  244.00 KB
       Class:  14.11 MB
        Both:  14.35 MB

MaxMetaspaceSize: unlimited
CompressedClassSpaceSize: 1.00 GB
Initial GC threshold: 21.00 MB
Current GC threshold: 21.00 MB
CDS: on
 - commit_granule_bytes: 65536.
 - commit_granule_words: 8192.
 - virtual_space_node_default_size: 8388608.
 - enlarge_chunks_in_place: 1.
 - use_allocation_guard: 0.


Internal statistics:

num_allocs_failed_limit: 0.
num_arena_births: 294.
num_arena_deaths: 0.
num_vsnodes_births: 2.
num_vsnodes_deaths: 0.
num_space_committed: 272.
num_space_uncommitted: 0.
num_chunks_returned_to_freelist: 0.
num_chunks_taken_from_freelist: 481.
num_chunk_merges: 0.
num_chunk_splits: 287.
num_chunks_enlarged: 143.
num_inconsistent_stats: 0.

CodeHeap 'non-profiled nmethods': size=120000Kb used=580Kb max_used=580Kb free=119419Kb
 bounds [0x0000025e21e40000, 0x0000025e220b0000, 0x0000025e29370000]
CodeHeap 'profiled nmethods': size=120000Kb used=3446Kb max_used=3446Kb free=116553Kb
 bounds [0x0000025e1a370000, 0x0000025e1a6d0000, 0x0000025e218a0000]
CodeHeap 'non-nmethods': size=5760Kb used=1705Kb max_used=1705Kb free=4054Kb
 bounds [0x0000025e218a0000, 0x0000025e21b10000, 0x0000025e21e40000]
 total_blobs=2688 nmethods=1948 adapters=644
 compilation: enabled
              stopped_count=0, restarted_count=0
 full_count=0

Compilation events (20 events):
Event: 12.929 Thread 0x0000025e6e14cf90 1945   !   3       sun.nio.ch.NativeThreadSet::remove (90 bytes)
Event: 12.929 Thread 0x0000025e6e14cf90 nmethod 1945 0x0000025e1a6c8590 code [0x0000025e1a6c8740, 0x0000025e1a6c8a40]
Event: 12.929 Thread 0x0000025e6e14cf90 1946       3       sun.nio.ch.FileChannelImpl::endBlocking (13 bytes)
Event: 12.929 Thread 0x0000025e6e14cf90 nmethod 1946 0x0000025e1a6c8c10 code [0x0000025e1a6c8dc0, 0x0000025e1a6c8f38]
Event: 12.931 Thread 0x0000025e6e14cf90 1947       3       java.nio.channels.spi.AbstractInterruptibleChannel::begin (48 bytes)
Event: 12.931 Thread 0x0000025e6e14cf90 nmethod 1947 0x0000025e1a6c9010 code [0x0000025e1a6c9220, 0x0000025e1a6c9860]
Event: 12.937 Thread 0x0000025e6e14cf90 1948       3       java.nio.ByteBuffer::clear (7 bytes)
Event: 12.937 Thread 0x0000025e6e14cf90 nmethod 1948 0x0000025e1a6c9b10 code [0x0000025e1a6c9cc0, 0x0000025e1a6c9e40]
Event: 12.937 Thread 0x0000025e6e14cf90 1949       3       java.nio.Buffer::clear (20 bytes)
Event: 12.937 Thread 0x0000025e6e14cf90 nmethod 1949 0x0000025e1a6c9f10 code [0x0000025e1a6ca0a0, 0x0000025e1a6ca1c0]
Event: 12.943 Thread 0x0000025e6e14cf90 1950       3       sun.nio.ch.FileDispatcherImpl::seek (6 bytes)
Event: 12.943 Thread 0x0000025e6e14cf90 nmethod 1950 0x0000025e1a6ca290 code [0x0000025e1a6ca440, 0x0000025e1a6ca580]
Event: 12.943 Thread 0x0000025e6e14cf90 1954       3       java.nio.channels.spi.AbstractInterruptibleChannel::end (53 bytes)
Event: 12.943 Thread 0x0000025e6e14cf90 nmethod 1954 0x0000025e1a6ca610 code [0x0000025e1a6ca820, 0x0000025e1a6cad50]
Event: 12.943 Thread 0x0000025e6e14cf90 1952   !   3       sun.nio.ch.FileChannelImpl::read (288 bytes)
Event: 12.944 Thread 0x0000025e6e14cf90 nmethod 1952 0x0000025e1a6caf90 code [0x0000025e1a6cb2e0, 0x0000025e1a6cc488]
Event: 12.944 Thread 0x0000025e6e14cf90 1953       3       sun.nio.ch.IOUtil::read (14 bytes)
Event: 12.945 Thread 0x0000025e6e14cf90 nmethod 1953 0x0000025e1a6cce10 code [0x0000025e1a6ccfc0, 0x0000025e1a6cd0e8]
Event: 12.945 Thread 0x0000025e6e14cf90 1955       3       sun.font.FileFontStrike::getCachedGlyphPtrInternal (120 bytes)
Event: 12.945 Thread 0x0000025e6e14cf90 nmethod 1955 0x0000025e1a6cd190 code [0x0000025e1a6cd380, 0x0000025e1a6cd838]

GC Heap History (0 events):
No events

Dll operation events (11 events):
Event: 0.008 Loaded shared library C:\Program Files\Java\jdk-21\bin\java.dll
Event: 0.038 Loaded shared library C:\Program Files\Java\jdk-21\bin\jsvml.dll
Event: 0.070 Loaded shared library C:\Program Files\Java\jdk-21\bin\jimage.dll
Event: 0.076 Loaded shared library C:\Program Files\Java\jdk-21\bin\net.dll
Event: 0.078 Loaded shared library C:\Program Files\Java\jdk-21\bin\nio.dll
Event: 0.083 Loaded shared library C:\Program Files\Java\jdk-21\bin\zip.dll
Event: 0.102 Loaded shared library C:\Program Files\Java\jdk-21\bin\awt.dll
Event: 0.308 Loaded shared library C:\Program Files\Java\jdk-21\bin\freetype.dll
Event: 0.309 Loaded shared library C:\Program Files\Java\jdk-21\bin\fontmanager.dll
Event: 12.479 Loaded shared library C:\Program Files\Java\jdk-21\bin\extnet.dll
Event: 12.598 Loaded shared library C:\Program Files\Java\jdk-21\bin\sunmscapi.dll

Deoptimization events (20 events):
Event: 12.567 Thread 0x0000025e77713d80 Uncommon trap: trap_request=0xffffff45 fr.pc=0x0000025e21e95678 relative=0x0000000000000198
Event: 12.567 Thread 0x0000025e77713d80 Uncommon trap: reason=unstable_if action=reinterpret pc=0x0000025e21e95678 method=java.lang.invoke.VarHandle.checkAccessModeThenIsDirect(Ljava/lang/invoke/VarHandle$AccessDescriptor;)Z @ 4 c2
Event: 12.567 Thread 0x0000025e77713d80 DEOPT PACKING pc=0x0000025e21e95678 sp=0x00000086446fd810
Event: 12.567 Thread 0x0000025e77713d80 DEOPT UNPACKING pc=0x0000025e218f46a2 sp=0x00000086446fd748 mode 2
Event: 12.750 Thread 0x0000025e77713d80 Uncommon trap: trap_request=0xffffffde fr.pc=0x0000025e21eb9394 relative=0x0000000000000254
Event: 12.750 Thread 0x0000025e77713d80 Uncommon trap: reason=class_check action=maybe_recompile pc=0x0000025e21eb9394 method=sun.security.util.math.intpoly.IntegerPolynomial.multByInt([JJ)V @ 26 c2
Event: 12.750 Thread 0x0000025e77713d80 DEOPT PACKING pc=0x0000025e21eb9394 sp=0x00000086446fcde0
Event: 12.750 Thread 0x0000025e77713d80 DEOPT UNPACKING pc=0x0000025e218f46a2 sp=0x00000086446fcd90 mode 2
Event: 12.750 Thread 0x0000025e77713d80 Uncommon trap: trap_request=0xffffffde fr.pc=0x0000025e21eb9394 relative=0x0000000000000254
Event: 12.750 Thread 0x0000025e77713d80 Uncommon trap: reason=class_check action=maybe_recompile pc=0x0000025e21eb9394 method=sun.security.util.math.intpoly.IntegerPolynomial.multByInt([JJ)V @ 26 c2
Event: 12.750 Thread 0x0000025e77713d80 DEOPT PACKING pc=0x0000025e21eb9394 sp=0x00000086446fcde0
Event: 12.750 Thread 0x0000025e77713d80 DEOPT UNPACKING pc=0x0000025e218f46a2 sp=0x00000086446fcd90 mode 2
Event: 12.750 Thread 0x0000025e77713d80 Uncommon trap: trap_request=0xffffffde fr.pc=0x0000025e21eb9394 relative=0x0000000000000254
Event: 12.750 Thread 0x0000025e77713d80 Uncommon trap: reason=class_check action=maybe_recompile pc=0x0000025e21eb9394 method=sun.security.util.math.intpoly.IntegerPolynomial.multByInt([JJ)V @ 26 c2
Event: 12.750 Thread 0x0000025e77713d80 DEOPT PACKING pc=0x0000025e21eb9394 sp=0x00000086446fcde0
Event: 12.750 Thread 0x0000025e77713d80 DEOPT UNPACKING pc=0x0000025e218f46a2 sp=0x00000086446fcd90 mode 2
Event: 12.750 Thread 0x0000025e77713d80 Uncommon trap: trap_request=0xffffffde fr.pc=0x0000025e21eb9394 relative=0x0000000000000254
Event: 12.750 Thread 0x0000025e77713d80 Uncommon trap: reason=class_check action=maybe_recompile pc=0x0000025e21eb9394 method=sun.security.util.math.intpoly.IntegerPolynomial.multByInt([JJ)V @ 26 c2
Event: 12.750 Thread 0x0000025e77713d80 DEOPT PACKING pc=0x0000025e21eb9394 sp=0x00000086446fcde0
Event: 12.750 Thread 0x0000025e77713d80 DEOPT UNPACKING pc=0x0000025e218f46a2 sp=0x00000086446fcd90 mode 2

Classes loaded (20 events):
Event: 12.914 Loading class sun/security/ssl/Alert$AlertConsumer
Event: 12.915 Loading class sun/security/ssl/Alert$AlertConsumer done
Event: 12.915 Loading class sun/security/ssl/Alert$Level
Event: 12.915 Loading class sun/security/ssl/Alert$Level done
Event: 12.915 Loading class java/io/EOFException
Event: 12.915 Loading class java/io/EOFException done
Event: 12.915 Loading class javax/crypto/AEADBadTagException
Event: 12.915 Loading class javax/crypto/BadPaddingException
Event: 12.915 Loading class javax/crypto/BadPaddingException done
Event: 12.915 Loading class javax/crypto/AEADBadTagException done
Event: 12.915 Loading class javax/net/ssl/SSLHandshakeException
Event: 12.915 Loading class javax/net/ssl/SSLException
Event: 12.915 Loading class javax/net/ssl/SSLException done
Event: 12.915 Loading class javax/net/ssl/SSLHandshakeException done
Event: 12.916 Loading class java/lang/Throwable$WrappedPrintStream
Event: 12.916 Loading class java/lang/Throwable$PrintStreamOrWriter
Event: 12.916 Loading class java/lang/Throwable$PrintStreamOrWriter done
Event: 12.916 Loading class java/lang/Throwable$WrappedPrintStream done
Event: 12.917 Loading class java/lang/StackTraceElement$HashedModules
Event: 12.917 Loading class java/lang/StackTraceElement$HashedModules done

Classes unloaded (0 events):
No events

Classes redefined (0 events):
No events

Internal exceptions (20 events):
Event: 0.174 Thread 0x0000025e0fcd5ca0 Exception <a 'java/lang/NoSuchMethodError'{0x00000000cdef3928}: 'void java.lang.invoke.DirectMethodHandle$Holder.invokeSpecial(java.lang.Object, java.lang.Object, java.lang.Object)'> (0x00000000cdef3928) 
thrown [s\open\src\hotspot\share\interpreter\linkResolver.cpp, line 773]
Event: 0.180 Thread 0x0000025e0fcd5ca0 Exception <a 'java/lang/NoSuchMethodError'{0x00000000cdd195a8}: 'java.lang.Object java.lang.invoke.DirectMethodHandle$Holder.newInvokeSpecial(java.lang.Object, java.lang.Object, java.lang.Object, java.lang.Object, java.lang.Object)'> (0x00000000cdd195a8) 
thrown [s\open\src\hotspot\share\interpreter\linkResolver.cpp, line 773]
Event: 0.186 Thread 0x0000025e0fcd5ca0 Exception <a 'java/lang/NoSuchMethodError'{0x00000000cdd45130}: 'java.lang.Object java.lang.invoke.DirectMethodHandle$Holder.invokeStatic(java.lang.Object, int, java.lang.Object)'> (0x00000000cdd45130) 
thrown [s\open\src\hotspot\share\interpreter\linkResolver.cpp, line 773]
Event: 0.206 Thread 0x0000025e0fcd5ca0 Exception <a 'java/lang/ClassNotFoundException'{0x00000000cdde65b8}: com/sun/swing/internal/plaf/metal/resources/spi/metalProvider> (0x00000000cdde65b8) 
thrown [s\open\src\hotspot\share\classfile\systemDictionary.cpp, line 312]
Event: 0.208 Thread 0x0000025e0fcd5ca0 Exception <a 'java/lang/ClassNotFoundException'{0x00000000cddea2f8}: com/sun/swing/internal/plaf/basic/resources/spi/basicProvider> (0x00000000cddea2f8) 
thrown [s\open\src\hotspot\share\classfile\systemDictionary.cpp, line 312]
Event: 0.216 Thread 0x0000025e0fcd5ca0 Exception <a 'java/lang/NoSuchMethodError'{0x00000000cdc09bb0}: 'int java.lang.invoke.Invokers$Holder.invokeExact_MT(java.lang.Object, java.lang.Object)'> (0x00000000cdc09bb0) 
thrown [s\open\src\hotspot\share\interpreter\linkResolver.cpp, line 773]
Event: 0.304 Thread 0x0000025e0fcd5ca0 Exception <a 'java/lang/NoSuchMethodError'{0x00000000cdc447d0}: 'void java.lang.invoke.DirectMethodHandle$Holder.invokeStaticInit(java.lang.Object)'> (0x00000000cdc447d0) 
thrown [s\open\src\hotspot\share\interpreter\linkResolver.cpp, line 773]
Event: 0.388 Thread 0x0000025e6e5a2cc0 Exception <a 'java/lang/NoSuchMethodError'{0x00000000cde853a8}: 'void java.lang.invoke.DirectMethodHandle$Holder.invokeVirtual(java.lang.Object, java.lang.Object)'> (0x00000000cde853a8) 
thrown [s\open\src\hotspot\share\interpreter\linkResolver.cpp, line 773]
Event: 12.460 Thread 0x0000025e77713d80 Exception <a 'java/lang/NoSuchMethodError'{0x00000000cd66b900}: 'java.lang.Object java.lang.invoke.DirectMethodHandle$Holder.invokeInterface(java.lang.Object, java.lang.Object)'> (0x00000000cd66b900) 
thrown [s\open\src\hotspot\share\interpreter\linkResolver.cpp, line 773]
Event: 12.503 Thread 0x0000025e77713d80 Exception <a 'java/lang/NoSuchMethodError'{0x00000000cd4c4170}: 'java.lang.Object java.lang.invoke.DirectMethodHandle$Holder.invokeStatic(java.lang.Object, long, java.lang.Object)'> (0x00000000cd4c4170) 
thrown [s\open\src\hotspot\share\interpreter\linkResolver.cpp, line 773]
Event: 12.504 Thread 0x0000025e77713d80 Exception <a 'java/lang/NoSuchMethodError'{0x00000000cd4c77c8}: 'java.lang.Object java.lang.invoke.DirectMethodHandle$Holder.invokeStaticInit(java.lang.Object, long, java.lang.Object)'> (0x00000000cd4c77c8) 
thrown [s\open\src\hotspot\share\interpreter\linkResolver.cpp, line 773]
Event: 12.504 Thread 0x0000025e77713d80 Exception <a 'java/lang/NoSuchMethodError'{0x00000000cd4ccf30}: 'java.lang.Object java.lang.invoke.DirectMethodHandle$Holder.newInvokeSpecial(java.lang.Object, long)'> (0x00000000cd4ccf30) 
thrown [s\open\src\hotspot\share\interpreter\linkResolver.cpp, line 773]
Event: 12.566 Thread 0x0000025e77713d80 Exception <a 'java/lang/NoSuchMethodError'{0x00000000cd20e060}: 'void java.lang.invoke.DirectMethodHandle$Holder.invokeStatic(java.lang.Object, java.lang.Object)'> (0x00000000cd20e060) 
thrown [s\open\src\hotspot\share\interpreter\linkResolver.cpp, line 773]
Event: 12.570 Thread 0x0000025e77713d80 Exception <a 'java/lang/NoSuchMethodError'{0x00000000cd2190c8}: 'java.lang.Object java.lang.invoke.DirectMethodHandle$Holder.invokeVirtual(java.lang.Object, java.lang.Object, java.lang.Object, java.lang.Object)'> (0x00000000cd2190c8) 
thrown [s\open\src\hotspot\share\interpreter\linkResolver.cpp, line 773]
Event: 12.571 Thread 0x0000025e77713d80 Exception <a 'java/lang/NoSuchMethodError'{0x00000000cd223ca0}: 'java.lang.Object java.lang.invoke.Invokers$Holder.invokeExact_MT(java.lang.Object, java.lang.Object, java.lang.Object, java.lang.Object, java.lang.Object)'> (0x00000000cd223ca0) 
thrown [s\open\src\hotspot\share\interpreter\linkResolver.cpp, line 773]
Event: 12.574 Thread 0x0000025e77713d80 Exception <a 'java/lang/NoSuchMethodError'{0x00000000cd22fd40}: 'java.lang.Object java.lang.invoke.DirectMethodHandle$Holder.invokeStaticInit(java.lang.Object, int, int, int, int)'> (0x00000000cd22fd40) 
thrown [s\open\src\hotspot\share\interpreter\linkResolver.cpp, line 773]
Event: 12.585 Thread 0x0000025e77713d80 Exception <a 'java/lang/NoSuchMethodError'{0x00000000cd278800}: 'java.lang.Object java.lang.invoke.DirectMethodHandle$Holder.invokeStaticInit(java.lang.Object, java.lang.Object, int, int, int, int)'> (0x00000000cd278800) 
thrown [s\open\src\hotspot\share\interpreter\linkResolver.cpp, line 773]
Event: 12.616 Thread 0x0000025e77713d80 Exception <a 'sun/nio/fs/WindowsException'{0x00000000cd123510}> (0x00000000cd123510) 
thrown [s\open\src\hotspot\share\prims\jni.cpp, line 520]
Event: 12.905 Thread 0x0000025e77713d80 Exception <a 'java/lang/NoSuchMethodError'{0x00000000ccdfc168}: 'java.lang.Object java.lang.invoke.DirectMethodHandle$Holder.invokeSpecial(java.lang.Object, java.lang.Object, java.lang.Object, java.lang.Object, int)'> (0x00000000ccdfc168) 
thrown [s\open\src\hotspot\share\interpreter\linkResolver.cpp, line 773]
Event: 12.905 Thread 0x0000025e77713d80 Exception <a 'java/lang/NoSuchMethodError'{0x00000000ccdffd60}: 'java.lang.Object java.lang.invoke.Invokers$Holder.linkToTargetMethod(java.lang.Object, java.lang.Object, int, java.lang.Object)'> (0x00000000ccdffd60) 
thrown [s\open\src\hotspot\share\interpreter\linkResolver.cpp, line 773]

ZGC Phase Switch (0 events):
No events

VM Operations (20 events):
Event: 7.902 Executing VM operation: Cleanup
Event: 7.902 Executing VM operation: Cleanup done
Event: 8.916 Executing VM operation: Cleanup
Event: 8.916 Executing VM operation: Cleanup done
Event: 9.926 Executing VM operation: Cleanup
Event: 9.926 Executing VM operation: Cleanup done
Event: 10.928 Executing VM operation: Cleanup
Event: 10.928 Executing VM operation: Cleanup done
Event: 11.938 Executing VM operation: Cleanup
Event: 11.938 Executing VM operation: Cleanup done
Event: 12.380 Executing VM operation: HandshakeAllThreads (Deoptimize)
Event: 12.380 Executing VM operation: HandshakeAllThreads (Deoptimize) done
Event: 12.667 Executing VM operation: HandshakeAllThreads (Deoptimize)
Event: 12.667 Executing VM operation: HandshakeAllThreads (Deoptimize) done
Event: 12.670 Executing VM operation: HandshakeAllThreads (Deoptimize)
Event: 12.670 Executing VM operation: HandshakeAllThreads (Deoptimize) done
Event: 12.852 Executing VM operation: HandshakeAllThreads (Deoptimize)
Event: 12.852 Executing VM operation: HandshakeAllThreads (Deoptimize) done
Event: 12.908 Executing VM operation: ICBufferFull
Event: 12.908 Executing VM operation: ICBufferFull done

Events (19 events):
Event: 0.023 Thread 0x0000025e0fcd5ca0 Thread added: 0x0000025e0fcd5ca0
Event: 0.036 Thread 0x0000025e6e139c30 Thread added: 0x0000025e6e139c30
Event: 0.036 Thread 0x0000025e6e13ab50 Thread added: 0x0000025e6e13ab50
Event: 0.036 Thread 0x0000025e6e13f050 Thread added: 0x0000025e6e13f050
Event: 0.036 Thread 0x0000025e6e141f20 Thread added: 0x0000025e6e141f20
Event: 0.036 Thread 0x0000025e6e142980 Thread added: 0x0000025e6e142980
Event: 0.036 Thread 0x0000025e6e14b520 Thread added: 0x0000025e6e14b520
Event: 0.037 Thread 0x0000025e6e158060 Thread added: 0x0000025e6e158060
Event: 0.037 Thread 0x0000025e6e14cf90 Thread added: 0x0000025e6e14cf90
Event: 0.052 Thread 0x0000025e6e3da580 Thread added: 0x0000025e6e3da580
Event: 0.054 Thread 0x0000025e6e3fb1d0 Thread added: 0x0000025e6e3fb1d0
Event: 0.152 Thread 0x0000025e6e58f980 Thread added: 0x0000025e6e58f980
Event: 0.153 Thread 0x0000025e6e592400 Thread added: 0x0000025e6e592400
Event: 0.154 Thread 0x0000025e6e5a2cc0 Thread added: 0x0000025e6e5a2cc0
Event: 0.291 Thread 0x0000025e77713d80 Thread added: 0x0000025e77713d80
Event: 0.397 Thread 0x0000025e0fcd5ca0 Thread exited: 0x0000025e0fcd5ca0
Event: 0.397 Thread 0x0000025e0fcd5ca0 Thread added: 0x0000025e0fcd5ca0
Event: 0.408 Thread 0x0000025e6e41e9e0 Thread added: 0x0000025e6e41e9e0
Event: 1.918 Thread 0x0000025e77874410 Thread added: 0x0000025e77874410


Dynamic libraries:
0x00007ff612950000 - 0x00007ff612960000 	C:\Program Files\Java\jdk-21\bin\javaw.exe
0x00007ffde55b0000 - 0x00007ffde57c7000 	C:\WINDOWS\SYSTEM32\ntdll.dll
0x00007ffde4160000 - 0x00007ffde4224000 	C:\WINDOWS\System32\KERNEL32.DLL
0x00007ffde2e30000 - 0x00007ffde31d6000 	C:\WINDOWS\System32\KERNELBASE.dll
0x00007ffde31e0000 - 0x00007ffde32f1000 	C:\WINDOWS\System32\ucrtbase.dll
0x00007ffdbbb00000 - 0x00007ffdbbb19000 	C:\Program Files\Java\jdk-21\bin\jli.dll
0x00007ffde52c0000 - 0x00007ffde5373000 	C:\WINDOWS\System32\ADVAPI32.dll
0x00007ffdbbae0000 - 0x00007ffdbbafb000 	C:\Program Files\Java\jdk-21\bin\VCRUNTIME140.dll
0x00007ffde35e0000 - 0x00007ffde3687000 	C:\WINDOWS\System32\msvcrt.dll
0x00007ffde3360000 - 0x00007ffde3408000 	C:\WINDOWS\System32\sechost.dll
0x00007ffde2aa0000 - 0x00007ffde2ac8000 	C:\WINDOWS\System32\bcrypt.dll
0x00007ffde3870000 - 0x00007ffde3987000 	C:\WINDOWS\System32\RPCRT4.dll
0x00007ffde4c40000 - 0x00007ffde4dee000 	C:\WINDOWS\System32\USER32.dll
0x00007ffde2e00000 - 0x00007ffde2e26000 	C:\WINDOWS\System32\win32u.dll
0x00007ffde42b0000 - 0x00007ffde42d9000 	C:\WINDOWS\System32\GDI32.dll
0x00007ffde2ad0000 - 0x00007ffde2be8000 	C:\WINDOWS\System32\gdi32full.dll
0x00007ffde2bf0000 - 0x00007ffde2c8a000 	C:\WINDOWS\System32\msvcp_win.dll
0x00007ffdc7770000 - 0x00007ffdc7a03000 	C:\WINDOWS\WinSxS\amd64_microsoft.windows.common-controls_6595b64144ccf1df_6.0.22621.2506_none_270c5ae97388e100\COMCTL32.dll
0x00007ffdd99c0000 - 0x00007ffdd99ca000 	C:\WINDOWS\SYSTEM32\VERSION.dll
0x00007ffde3fd0000 - 0x00007ffde4001000 	C:\WINDOWS\System32\IMM32.DLL
0x00007ffdce370000 - 0x00007ffdce37c000 	C:\Program Files\Java\jdk-21\bin\vcruntime140_1.dll
0x00007ffd82e30000 - 0x00007ffd82ebe000 	C:\Program Files\Java\jdk-21\bin\msvcp140.dll
0x00007ffd76670000 - 0x00007ffd77385000 	C:\Program Files\Java\jdk-21\bin\server\jvm.dll
0x00007ffde39a0000 - 0x00007ffde3a11000 	C:\WINDOWS\System32\WS2_32.dll
0x00007ffddb8d0000 - 0x00007ffddb904000 	C:\WINDOWS\SYSTEM32\WINMM.dll
0x00007ffde2610000 - 0x00007ffde265d000 	C:\WINDOWS\SYSTEM32\POWRPROF.dll
0x00007ffde25f0000 - 0x00007ffde2603000 	C:\WINDOWS\SYSTEM32\UMPDC.dll
0x00007ffde1920000 - 0x00007ffde1938000 	C:\WINDOWS\SYSTEM32\kernel.appcore.dll
0x00007ffdb4b50000 - 0x00007ffdb4b5a000 	C:\Program Files\Java\jdk-21\bin\jimage.dll
0x00007ffdd03f0000 - 0x00007ffdd0623000 	C:\WINDOWS\SYSTEM32\DBGHELP.DLL
0x00007ffde3a20000 - 0x00007ffde3da9000 	C:\WINDOWS\System32\combase.dll
0x00007ffde3790000 - 0x00007ffde3867000 	C:\WINDOWS\System32\OLEAUT32.dll
0x00007ffdca1e0000 - 0x00007ffdca212000 	C:\WINDOWS\SYSTEM32\dbgcore.DLL
0x00007ffde2a20000 - 0x00007ffde2a9a000 	C:\WINDOWS\System32\bcryptPrimitives.dll
0x00007ffda9520000 - 0x00007ffda953f000 	C:\Program Files\Java\jdk-21\bin\java.dll
0x00007ffde42e0000 - 0x00007ffde4b3a000 	C:\WINDOWS\System32\SHELL32.dll
0x00007ffde0840000 - 0x00007ffde1136000 	C:\WINDOWS\SYSTEM32\windows.storage.dll
0x00007ffde0700000 - 0x00007ffde083e000 	C:\WINDOWS\SYSTEM32\wintypes.dll
0x00007ffde3690000 - 0x00007ffde3783000 	C:\WINDOWS\System32\SHCORE.dll
0x00007ffde3dd0000 - 0x00007ffde3e2e000 	C:\WINDOWS\System32\shlwapi.dll
0x00007ffde2820000 - 0x00007ffde2846000 	C:\WINDOWS\SYSTEM32\profapi.dll
0x00007ffd76590000 - 0x00007ffd76667000 	C:\Program Files\Java\jdk-21\bin\jsvml.dll
0x00007ffdb2240000 - 0x00007ffdb2250000 	C:\Program Files\Java\jdk-21\bin\net.dll
0x00007ffddd5e0000 - 0x00007ffddd717000 	C:\WINDOWS\SYSTEM32\WINHTTP.dll
0x00007ffde1da0000 - 0x00007ffde1e09000 	C:\WINDOWS\system32\mswsock.dll
0x00007ffd9ed80000 - 0x00007ffd9ed96000 	C:\Program Files\Java\jdk-21\bin\nio.dll
0x00007ffd95220000 - 0x00007ffd95238000 	C:\Program Files\Java\jdk-21\bin\zip.dll
0x00007ffd82ca0000 - 0x00007ffd82e2f000 	C:\Program Files\Java\jdk-21\bin\awt.dll
0x00007ffddfc70000 - 0x00007ffddfd07000 	C:\WINDOWS\SYSTEM32\apphelp.dll
0x00007ffde0270000 - 0x00007ffde029b000 	C:\WINDOWS\system32\DWMAPI.DLL
0x00007ffddfe40000 - 0x00007ffddfeeb000 	C:\WINDOWS\system32\uxtheme.dll
0x00007ffde4010000 - 0x00007ffde4160000 	C:\WINDOWS\System32\MSCTF.dll
0x00007ffde3e30000 - 0x00007ffde3fd0000 	C:\WINDOWS\System32\ole32.dll
0x00007ffda9e70000 - 0x00007ffda9f70000 	C:\WINDOWS\system32\opengl32.dll
0x00007ffda9fe0000 - 0x00007ffdaa00d000 	C:\WINDOWS\SYSTEM32\GLU32.dll
0x00007ffddff40000 - 0x00007ffddff76000 	C:\WINDOWS\SYSTEM32\dxcore.dll
0x00007ffd8f980000 - 0x00007ffd8fb29000 	C:\WINDOWS\system32\d3d9.dll
0x00007ffdd8950000 - 0x00007ffdd8b0b000 	C:\WINDOWS\System32\DriverStore\FileRepository\u0399223.inf_amd64_afdf17d03cd73307\B396953\aticfx64.dll
0x00007ffddd960000 - 0x00007ffddd994000 	C:\WINDOWS\System32\DriverStore\FileRepository\u0399223.inf_amd64_afdf17d03cd73307\B396953\atiu9p64.dll
0x00007ffd83bf0000 - 0x00007ffd84937000 	C:\WINDOWS\System32\DriverStore\FileRepository\u0399223.inf_amd64_afdf17d03cd73307\B396953\atiumd64.dll
0x00000000506f0000 - 0x0000000051603000 	C:\WINDOWS\System32\DriverStore\FileRepository\u0399223.inf_amd64_afdf17d03cd73307\B396953\atiumd6a.dll
0x00007ffde4e40000 - 0x00007ffde52b4000 	C:\WINDOWS\System32\SETUPAPI.dll
0x00007ffdd6930000 - 0x00007ffdd6965000 	C:\WINDOWS\SYSTEM32\amdihk64.dll
0x00007ffddc370000 - 0x00007ffddc3ba000 	C:\WINDOWS\SYSTEM32\directxdatabasehelper.dll
0x00007ffd746c0000 - 0x00007ffd74747000 	C:\Program Files\Java\jdk-21\bin\freetype.dll
0x00007ffd745e0000 - 0x00007ffd746b3000 	C:\Program Files\Java\jdk-21\bin\fontmanager.dll
0x00007ffdcd870000 - 0x00007ffdcd9ba000 	C:\WINDOWS\SYSTEM32\textinputframework.dll
0x00007ffddf990000 - 0x00007ffddfac4000 	C:\WINDOWS\SYSTEM32\CoreMessaging.dll
0x00007ffddb910000 - 0x00007ffddbc7c000 	C:\WINDOWS\SYSTEM32\CoreUIComponents.dll
0x00007ffde2010000 - 0x00007ffde201c000 	C:\WINDOWS\SYSTEM32\CRYPTBASE.DLL
0x00007ffde3490000 - 0x00007ffde3540000 	C:\WINDOWS\System32\clbcatq.dll
0x00007ffdde2b0000 - 0x00007ffdde460000 	C:\WINDOWS\SYSTEM32\WindowsCodecs.dll
0x00007ffdb1710000 - 0x00007ffdb176e000 	C:\WINDOWS\system32\dataexchange.dll
0x00007ffdda4d0000 - 0x00007ffdda755000 	C:\WINDOWS\system32\twinapi.appcore.dll
0x00007ffddbc80000 - 0x00007ffddbc87000 	C:\Program Files\Java\jdk-21\bin\extnet.dll
0x00007ffdc1d90000 - 0x00007ffdc1da7000 	C:\WINDOWS\system32\napinsp.dll
0x00007ffdc19e0000 - 0x00007ffdc19fb000 	C:\WINDOWS\system32\pnrpnsp.dll
0x00007ffde13c0000 - 0x00007ffde14b9000 	C:\WINDOWS\SYSTEM32\DNSAPI.dll
0x00007ffde1390000 - 0x00007ffde13bd000 	C:\WINDOWS\SYSTEM32\IPHLPAPI.DLL
0x00007ffde35d0000 - 0x00007ffde35d9000 	C:\WINDOWS\System32\NSI.dll
0x00007ffdc19c0000 - 0x00007ffdc19d1000 	C:\WINDOWS\System32\winrnr.dll
0x00007ffdc19a0000 - 0x00007ffdc19b5000 	C:\WINDOWS\system32\wshbth.dll
0x00007ffdc1920000 - 0x00007ffdc1941000 	C:\WINDOWS\system32\nlansp_c.dll
0x00007ffddc2f0000 - 0x00007ffddc2fa000 	C:\Windows\System32\rasadhlp.dll
0x00007ffddaad0000 - 0x00007ffddab53000 	C:\WINDOWS\System32\fwpuclnt.dll
0x00007ffde1ff0000 - 0x00007ffde200b000 	C:\WINDOWS\SYSTEM32\CRYPTSP.dll
0x00007ffde1880000 - 0x00007ffde18b5000 	C:\WINDOWS\system32\rsaenh.dll
0x00007ffde1e90000 - 0x00007ffde1ebc000 	C:\WINDOWS\SYSTEM32\USERENV.dll
0x00007ffddcc40000 - 0x00007ffddcc4e000 	C:\Program Files\Java\jdk-21\bin\sunmscapi.dll
0x00007ffde2c90000 - 0x00007ffde2df6000 	C:\WINDOWS\System32\CRYPT32.dll
0x00007ffde2220000 - 0x00007ffde224e000 	C:\WINDOWS\SYSTEM32\ncrypt.dll
0x00007ffde21e0000 - 0x00007ffde2217000 	C:\WINDOWS\SYSTEM32\NTASN1.dll

dbghelp: loaded successfully - version: 4.0.5 - missing functions: none
symbol engine: initialized successfully - sym options: 0x614 - pdb path: .;C:\Program Files\Java\jdk-21\bin;C:\WINDOWS\SYSTEM32;C:\WINDOWS\WinSxS\amd64_microsoft.windows.common-controls_6595b64144ccf1df_6.0.22621.2506_none_270c5ae97388e100;C:\Program Files\Java\jdk-21\bin\server;C:\WINDOWS\System32\DriverStore\FileRepository\u0399223.inf_amd64_afdf17d03cd73307\B396953

VM Arguments:
jvm_args: -Dfile.encoding=UTF-8 -Dstdout.encoding=UTF-8 -Dstderr.encoding=UTF-8 -XX:+ShowCodeDetailsInExceptionMessages 
java_command: Gui.Main
java_class_path (initial): C:\Users\rcamy\eclipse-workspace\Project\bin;C:\Users\rcamy\Downloads\sqljdbc_12.4.2.0_enu\sqljdbc_12.4\enu\jars\mssql-jdbc-12.4.2.jre11.jar
Launcher Type: SUN_STANDARD

[Global flags]
     intx CICompilerCount                          = 4                                         {product} {ergonomic}
     uint ConcGCThreads                            = 2                                         {product} {ergonomic}
     uint G1ConcRefinementThreads                  = 8                                         {product} {ergonomic}
   size_t G1HeapRegionSize                         = 1048576                                   {product} {ergonomic}
    uintx GCDrainStackTargetSize                   = 64                                        {product} {ergonomic}
   size_t InitialHeapSize                          = 56623104                                  {product} {ergonomic}
   size_t MarkStackSize                            = 4194304                                   {product} {ergonomic}
   size_t MaxHeapSize                              = 893386752                                 {product} {ergonomic}
   size_t MaxNewSize                               = 535822336                                 {product} {ergonomic}
   size_t MinHeapDeltaBytes                        = 1048576                                   {product} {ergonomic}
   size_t MinHeapSize                              = 8388608                                   {product} {ergonomic}
    uintx NonNMethodCodeHeapSize                   = 5839372                                {pd product} {ergonomic}
    uintx NonProfiledCodeHeapSize                  = 122909434                              {pd product} {ergonomic}
    uintx ProfiledCodeHeapSize                     = 122909434                              {pd product} {ergonomic}
    uintx ReservedCodeCacheSize                    = 251658240                              {pd product} {ergonomic}
     bool SegmentedCodeCache                       = true                                      {product} {ergonomic}
     bool ShowCodeDetailsInExceptionMessages       = true                                   {manageable} {command line}
   size_t SoftMaxHeapSize                          = 893386752                              {manageable} {ergonomic}
     bool UseCompressedOops                        = true                           {product lp64_product} {ergonomic}
     bool UseG1GC                                  = true                                      {product} {ergonomic}
     bool UseLargePagesIndividualAllocation        = false                                  {pd product} {ergonomic}

Logging:
Log output configuration:
 #0: stdout all=warning uptime,level,tags foldmultilines=false
 #1: stderr all=off uptime,level,tags foldmultilines=false

Environment Variables:
PATH=C:/Program Files/Java/jdk-21/bin/server;C:/Program Files/Java/jdk-21/bin;C:\Program Files\Common Files\Oracle\Java\javapath;C:\WINDOWS\system32;C:\WINDOWS;C:\WINDOWS\System32\Wbem;C:\WINDOWS\System32\WindowsPowerShell\v1.0\;C:\WINDOWS\System32\OpenSSH\;C:\Program Files\Java\jdk-21\bin;C:\msys64\mingw64\bin;C:\Program Files (x86)\Microsoft SQL Server\160\Tools\Binn\;C:\Program Files\Microsoft SQL Server\160\Tools\Binn\;C:\Program Files\Microsoft SQL Server\Client SDK\ODBC\170\Tools\Binn\;C:\Program Files\Microsoft SQL Server\160\DTS\Binn\;C:\Program Files (x86)\Microsoft SQL Server\160\DTS\Binn\;C:\Program Files\Azure Data Studio\bin;C:\Users\rcamy\AppData\Local\Microsoft\WindowsApps;;C:\Program Files\Azure Data Studio\bin;C:\Users\rcamy\AppData\Local\Programs\Microsoft VS Code\bin;C:\Users\rcamy\OneDrive\Desktop;
USERNAME=rcamy
OS=Windows_NT
PROCESSOR_IDENTIFIER=AMD64 Family 23 Model 104 Stepping 1, AuthenticAMD
TMP=C:\Users\rcamy\AppData\Local\Temp
TEMP=C:\Users\rcamy\AppData\Local\Temp




Periodic native trim disabled

---------------  S Y S T E M  ---------------

OS:
 Windows 11 , 64 bit Build 22621 (10.0.22621.2506)
OS uptime: 0 days 1:22 hours

CPU: total 8 (initial active 8) (8 cores per cpu, 2 threads per core) family 23 model 104 stepping 1 microcode 0x0, cx8, cmov, fxsr, ht, mmx, 3dnowpref, sse, sse2, sse3, ssse3, sse4a, sse4.1, sse4.2, popcnt, lzcnt, tsc, tscinvbit, avx, avx2, aes, clmul, bmi1, bmi2, adx, sha, fma, vzeroupper, clflush, clflushopt, rdtscp, rdpid, f16c
Processor Information for processor 0
  Max Mhz: 2600, Current Mhz: 2080, Mhz Limit: 2600
Processor Information for processor 1
  Max Mhz: 2600, Current Mhz: 2080, Mhz Limit: 2600
Processor Information for processor 2
  Max Mhz: 2600, Current Mhz: 2080, Mhz Limit: 2600
Processor Information for processor 3
  Max Mhz: 2600, Current Mhz: 2080, Mhz Limit: 2600
Processor Information for processor 4
  Max Mhz: 2600, Current Mhz: 2080, Mhz Limit: 2600
Processor Information for processor 5
  Max Mhz: 2600, Current Mhz: 2080, Mhz Limit: 2600
Processor Information for processor 6
  Max Mhz: 2600, Current Mhz: 2600, Mhz Limit: 2600
Processor Information for processor 7
  Max Mhz: 2600, Current Mhz: 2080, Mhz Limit: 2600

Memory: 4k page, system-wide physical 3406M (287M free)
TotalPageFile size 13646M (AvailPageFile size 6M)
current process WorkingSet (physical memory assigned to process): 119M, peak: 119M
current process commit charge ("private bytes"): 198M, peak: 199M

vm_info: Java HotSpot(TM) 64-Bit Server VM (21.0.1+12-LTS-29) for windows-amd64 JRE (21.0.1+12-LTS-29), built on 2023-10-05T13:27:09Z by "mach5one" with MS VC++ 17.1 (VS2022)

END.
