#
# There is insufficient memory for the Java Runtime Environment to continue.
# Native memory allocation (mmap) failed to map 65536 bytes for Failed to commit metaspace.
# Possible reasons:
#   The system is out of physical RAM or swap space
#   The process is running with CompressedOops enabled, and the Java Heap may be blocking the growth of the native heap
# Possible solutions:
#   Reduce memory load on the system
#   Increase physical memory or swap space
#   Check if swap backing store is full
#   Decrease Java heap size (-Xmx/-Xms)
#   Decrease number of Java threads
#   Decrease Java thread stack sizes (-Xss)
#   Set larger code cache with -XX:ReservedCodeCacheSize=
#   JVM is running with Unscaled Compressed Oops mode in which the Java heap is
#     placed in the first 4GB address space. The Java Heap base address is the
#     maximum limit for the native heap growth. Please use -XX:HeapBaseMinAddress
#     to set the Java Heap base and to place the Java Heap above 4GB virtual address.
# This output file may be truncated or incomplete.
#
#  Out of Memory Error (virtualSpaceNode.cpp:112), pid=14924, tid=15776
#
# JRE version: Java(TM) SE Runtime Environment (21.0.1+12) (build 21.0.1+12-LTS-29)
# Java VM: Java HotSpot(TM) 64-Bit Server VM (21.0.1+12-LTS-29, mixed mode, sharing, tiered, compressed oops, compressed class ptrs, g1 gc, windows-amd64)
# No core dump will be written. Minidumps are not enabled by default on client versions of Windows
#

---------------  S U M M A R Y ------------

Command Line: -Dfile.encoding=UTF-8 -Dstdout.encoding=UTF-8 -Dstderr.encoding=UTF-8 -XX:+ShowCodeDetailsInExceptionMessages Gui.RegisterForm

Host: AMD Ryzen 3 5300U with Radeon Graphics         , 8 cores, 3G,  Windows 11 , 64 bit Build 22621 (10.0.22621.2506)
Time: Mon Jan 22 14:49:57 2024 SE Asia Standard Time elapsed time: 0.410877 seconds (0d 0h 0m 0s)

---------------  T H R E A D  ---------------

Current thread (0x000001fc99cb9dc0):  JavaThread "main"             [_thread_in_vm, id=15776, stack(0x0000008d3c200000,0x0000008d3c300000) (1024K)]

Stack: [0x0000008d3c200000,0x0000008d3c300000]
Native frames: (J=compiled Java code, j=interpreted, Vv=VM code, C=native code)
V  [jvm.dll+0x6c9029]
V  [jvm.dll+0x854b81]
V  [jvm.dll+0x856e5e]
V  [jvm.dll+0x857543]
V  [jvm.dll+0x280c06]
V  [jvm.dll+0x8508ae]
V  [jvm.dll+0x66ca45]
V  [jvm.dll+0x1e677c]
V  [jvm.dll+0x1e654e]
V  [jvm.dll+0x66f35c]
V  [jvm.dll+0x66f172]
V  [jvm.dll+0x66d41e]
V  [jvm.dll+0x27db26]
V  [jvm.dll+0x71e545]
V  [jvm.dll+0x71f08f]
V  [jvm.dll+0x3c297f]
V  [jvm.dll+0x7cd99a]
V  [jvm.dll+0x4704ca]
V  [jvm.dll+0x4838d6]
C  [java.dll+0x1657]

Java frames: (J=compiled Java code, j=interpreted, Vv=VM code)
j  java.lang.ClassLoader.defineClass0(Ljava/lang/ClassLoader;Ljava/lang/Class;Ljava/lang/String;[BIILjava/security/ProtectionDomain;ZILjava/lang/Object;)Ljava/lang/Class;+0 java.base@21.0.1
j  java.lang.System$2.defineClass(Ljava/lang/ClassLoader;Ljava/lang/Class;Ljava/lang/String;[BLjava/security/ProtectionDomain;ZILjava/lang/Object;)Ljava/lang/Class;+17 java.base@21.0.1
j  java.lang.invoke.MethodHandles$Lookup$ClassDefiner.defineClass(ZLjava/lang/Object;)Ljava/lang/Class;+57 java.base@21.0.1
j  java.lang.invoke.InvokerBytecodeGenerator.loadMethod([B)Ljava/lang/invoke/MemberName;+22 java.base@21.0.1
j  java.lang.invoke.InvokerBytecodeGenerator.generateCustomizedCode(Ljava/lang/invoke/LambdaForm;Ljava/lang/invoke/MethodType;)Ljava/lang/invoke/MemberName;+30 java.base@21.0.1
j  java.lang.invoke.LambdaForm.compileToBytecode()V+69 java.base@21.0.1
J 332 c1 java.lang.invoke.LambdaForm.prepare()V java.base@21.0.1 (108 bytes) @ 0x000001fca42c0f0c [0x000001fca42c0d60+0x00000000000001ac]
J 331 c1 java.lang.invoke.MethodHandle.<init>(Ljava/lang/invoke/MethodType;Ljava/lang/invoke/LambdaForm;)V java.base@21.0.1 (37 bytes) @ 0x000001fca42bfc74 [0x000001fca42bfa20+0x0000000000000254]
J 493 c1 java.lang.invoke.BoundMethodHandle.<init>(Ljava/lang/invoke/MethodType;Ljava/lang/invoke/LambdaForm;)V java.base@21.0.1 (32 bytes) @ 0x000001fca4303154 [0x000001fca43030c0+0x0000000000000094]
j  java.lang.invoke.BoundMethodHandle$Species_LL.<init>(Ljava/lang/invoke/MethodType;Ljava/lang/invoke/LambdaForm;Ljava/lang/Object;Ljava/lang/Object;)V+3 java.base@21.0.1
j  java.lang.invoke.BoundMethodHandle$Species_LL.make(Ljava/lang/invoke/MethodType;Ljava/lang/invoke/LambdaForm;Ljava/lang/Object;Ljava/lang/Object;)Ljava/lang/invoke/BoundMethodHandle;+8 java.base@21.0.1
j  java.lang.invoke.DirectMethodHandle$Holder.invokeStatic(Ljava/lang/Object;Ljava/lang/Object;Ljava/lang/Object;Ljava/lang/Object;Ljava/lang/Object;)Ljava/lang/Object;+16 java.base@21.0.1
j  java.lang.invoke.BoundMethodHandle$Species_L.copyWithExtendL(Ljava/lang/invoke/MethodType;Ljava/lang/invoke/LambdaForm;Ljava/lang/Object;)Ljava/lang/invoke/BoundMethodHandle;+19 java.base@21.0.1
j  java.lang.invoke.MethodHandles.argumentsWithCombiner(ZLjava/lang/invoke/MethodHandle;ILjava/lang/invoke/MethodHandle;[I)Ljava/lang/invoke/MethodHandle;+122 java.base@21.0.1
j  java.lang.invoke.MethodHandles.filterArgumentsWithCombiner(Ljava/lang/invoke/MethodHandle;ILjava/lang/invoke/MethodHandle;[I)Ljava/lang/invoke/MethodHandle;+5 java.base@21.0.1
j  java.lang.invoke.StringConcatFactory.mixer(Ljava/lang/Class;Ljava/lang/Class;)Ljava/lang/invoke/MethodHandle;+55 java.base@21.0.1
j  java.lang.invoke.StringConcatFactory.foldInLastMixers(Ljava/lang/invoke/MethodHandle;JI[Ljava/lang/Class;I)Ljava/lang/invoke/MethodHandle;+52 java.base@21.0.1
j  java.lang.invoke.StringConcatFactory.filterAndFoldInMixers(Ljava/lang/invoke/MethodHandle;J[Ljava/lang/Class;)Ljava/lang/invoke/MethodHandle;+85 java.base@21.0.1
j  java.lang.invoke.StringConcatFactory.generateMHInlineCopy(Ljava/lang/invoke/MethodType;[Ljava/lang/String;)Ljava/lang/invoke/MethodHandle;+444 java.base@21.0.1
j  java.lang.invoke.StringConcatFactory.makeConcatWithConstants(Ljava/lang/invoke/MethodHandles$Lookup;Ljava/lang/String;Ljava/lang/invoke/MethodType;Ljava/lang/String;[Ljava/lang/Object;)Ljava/lang/invoke/CallSite;+227 java.base@21.0.1
j  java.lang.invoke.DirectMethodHandle$Holder.invokeStatic(Ljava/lang/Object;Ljava/lang/Object;Ljava/lang/Object;Ljava/lang/Object;Ljava/lang/Object;Ljava/lang/Object;)Ljava/lang/Object;+18 java.base@21.0.1
j  java.lang.invoke.DelegatingMethodHandle$Holder.delegate(Ljava/lang/Object;Ljava/lang/Object;Ljava/lang/Object;Ljava/lang/Object;Ljava/lang/Object;Ljava/lang/Object;)Ljava/lang/Object;+21 java.base@21.0.1
j  java.lang.invoke.Invokers$Holder.invokeExact_MT(Ljava/lang/Object;Ljava/lang/Object;Ljava/lang/Object;Ljava/lang/Object;Ljava/lang/Object;Ljava/lang/Object;Ljava/lang/Object;)Ljava/lang/Object;+26 java.base@21.0.1
j  java.lang.invoke.BootstrapMethodInvoker.invoke(Ljava/lang/Class;Ljava/lang/invoke/MethodHandle;Ljava/lang/String;Ljava/lang/Object;Ljava/lang/Object;Ljava/lang/Class;)Ljava/lang/Object;+157 java.base@21.0.1
j  java.lang.invoke.CallSite.makeSite(Ljava/lang/invoke/MethodHandle;Ljava/lang/String;Ljava/lang/invoke/MethodType;Ljava/lang/Object;Ljava/lang/Class;)Ljava/lang/invoke/CallSite;+8 java.base@21.0.1
j  java.lang.invoke.MethodHandleNatives.linkCallSiteImpl(Ljava/lang/Class;Ljava/lang/invoke/MethodHandle;Ljava/lang/String;Ljava/lang/invoke/MethodType;Ljava/lang/Object;[Ljava/lang/Object;)Ljava/lang/invoke/MemberName;+6 java.base@21.0.1
j  java.lang.invoke.MethodHandleNatives.linkCallSite(Ljava/lang/Object;Ljava/lang/Object;Ljava/lang/Object;Ljava/lang/Object;Ljava/lang/Object;[Ljava/lang/Object;)Ljava/lang/invoke/MemberName;+45 java.base@21.0.1
v  ~StubRoutines::call_stub 0x000001fcab78100d
j  sun.awt.windows.WToolkit.getFontPeer(Ljava/lang/String;I)Ljava/awt/peer/FontPeer;+94 java.desktop@21.0.1
j  java.awt.Font.getFontPeer()Ljava/awt/peer/FontPeer;+31 java.desktop@21.0.1
v  ~StubRoutines::call_stub 0x000001fcab78100d
j  sun.awt.windows.WComponentPeer._setFont(Ljava/awt/Font;)V+0 java.desktop@21.0.1
j  sun.awt.windows.WComponentPeer.setFont(Ljava/awt/Font;)V+7 java.desktop@21.0.1
j  sun.awt.windows.WWindowPeer.initialize()V+42 java.desktop@21.0.1
j  sun.awt.windows.WFramePeer.initialize()V+1 java.desktop@21.0.1
j  sun.awt.windows.WComponentPeer.<init>(Ljava/awt/Component;)V+83 java.desktop@21.0.1
j  sun.awt.windows.WCanvasPeer.<init>(Ljava/awt/Component;)V+2 java.desktop@21.0.1
j  sun.awt.windows.WPanelPeer.<init>(Ljava/awt/Component;)V+2 java.desktop@21.0.1
j  sun.awt.windows.WWindowPeer.<init>(Ljava/awt/Window;)V+2 java.desktop@21.0.1
j  sun.awt.windows.WFramePeer.<init>(Ljava/awt/Frame;)V+2 java.desktop@21.0.1
j  sun.awt.windows.WToolkit.createFrame(Ljava/awt/Frame;)Ljava/awt/peer/FramePeer;+5 java.desktop@21.0.1
j  java.awt.Frame.addNotify()V+20 java.desktop@21.0.1
j  java.awt.Window.show()V+8 java.desktop@21.0.1
j  java.awt.Component.show(Z)V+5 java.desktop@21.0.1
j  java.awt.Component.setVisible(Z)V+2 java.desktop@21.0.1
j  java.awt.Window.setVisible(Z)V+2 java.desktop@21.0.1
j  Gui.RegisterForm.<init>(Ljava/lang/String;)V+310
j  Gui.RegisterForm.main([Ljava/lang/String;)V+5
v  ~StubRoutines::call_stub 0x000001fcab78100d

Compiled method (c1)     424  332       3       java.lang.invoke.LambdaForm::prepare (108 bytes)
 total in heap  [0x000001fca42c0b10,0x000001fca42c1808] = 3320
 relocation     [0x000001fca42c0c70,0x000001fca42c0d58] = 232
 main code      [0x000001fca42c0d60,0x000001fca42c14d0] = 1904
 stub code      [0x000001fca42c14d0,0x000001fca42c1568] = 152
 metadata       [0x000001fca42c1568,0x000001fca42c15a8] = 64
 scopes data    [0x000001fca42c15a8,0x000001fca42c1660] = 184
 scopes pcs     [0x000001fca42c1660,0x000001fca42c17b0] = 336
 dependencies   [0x000001fca42c17b0,0x000001fca42c17c0] = 16
 nul chk table  [0x000001fca42c17c0,0x000001fca42c1808] = 72

[Constant Pool (empty)]

[MachCode]
[Entry Point]
  # {method} {0x000001fcb70913c8} 'prepare' '()V' in 'java/lang/invoke/LambdaForm'
  #           [sp+0x70]  (sp of caller)
  0x000001fca42c0d60: 448b 5208 | 49bb 0000 | 00b7 fc01 | 0000 4d03 | d34c 3bd0 

  0x000001fca42c0d74: ;   {runtime_call ic_miss_stub}
  0x000001fca42c0d74: 0f85 06da | 5007 660f | 1f44 0000 
[Verified Entry Point]
  0x000001fca42c0d80: 8984 2400 | 80ff ff55 | 4883 ec60 | 4181 7f20 | 0100 0000 

  0x000001fca42c0d94: ;   {runtime_call StubRoutines (final stubs)}
  0x000001fca42c0d94: 7405 e8c5 | 3f4f 0748 | 8954 2438 

  0x000001fca42c0da0: ;   {metadata(method data for {method} {0x000001fcb70913c8} 'prepare' '()V' in 'java/lang/invoke/LambdaForm')}
  0x000001fca42c0da0: 48be f02f | 2cf9 fc01 | 0000 8bbe | cc00 0000 | 83c7 0289 | becc 0000 | 0081 e7fe | 0700 0083 
  0x000001fca42c0dc0: ff00 0f84 | a605 0000 

  0x000001fca42c0dc8: ;   {metadata(method data for {method} {0x000001fcb70913c8} 'prepare' '()V' in 'java/lang/invoke/LambdaForm')}
  0x000001fca42c0dc8: 48be f02f | 2cf9 fc01 | 0000 ff86 | 2001 0000 

  0x000001fca42c0dd8: ;   {metadata(method data for {method} {0x000001fcb70913c8} 'prepare' '()V' in 'java/lang/invoke/LambdaForm')}
  0x000001fca42c0dd8: 488b f248 | bff0 2f2c | f9fc 0100 | 0048 8387 | 3001 0000 

  0x000001fca42c0dec: ;   {metadata(method data for {method} {0x000001fcb7401070} 'forceInterpretation' '()Z' in 'java/lang/invoke/LambdaForm')}
  0x000001fca42c0dec: 0148 be18 | 9d1c f9fc | 0100 008b | becc 0000 | 0083 c702 | 89be cc00 | 0000 81e7 | feff 1f00 
  0x000001fca42c0e0c: 83ff 000f | 847a 0500 | 008b 7214 

  0x000001fca42c0e18: ;   {metadata(method data for {method} {0x000001fcb7401070} 'forceInterpretation' '()Z' in 'java/lang/invoke/LambdaForm')}
  0x000001fca42c0e18: 83fe ff48 | be18 9d1c | f9fc 0100 | 0048 bf10 | 0100 0000 | 0000 000f | 850a 0000 | 0048 bf20 
  0x000001fca42c0e38: 0100 0000 | 0000 0048 | 8b1c 3e48 | 8d5b 0148 | 891c 3e0f | 851a 0000 

  0x000001fca42c0e50: ;   {metadata(method data for {method} {0x000001fcb7401070} 'forceInterpretation' '()Z' in 'java/lang/invoke/LambdaForm')}
  0x000001fca42c0e50: 0048 be18 | 9d1c f9fc | 0100 00ff | 8630 0100 | 00be 0100 | 0000 e905 | 0000 00be | 0000 0000 
  0x000001fca42c0e70: 83e6 0183 

  0x000001fca42c0e74: ;   {metadata(method data for {method} {0x000001fcb70913c8} 'prepare' '()V' in 'java/lang/invoke/LambdaForm')}
  0x000001fca42c0e74: fe00 48be | f02f 2cf9 | fc01 0000 | 48bf 6801 | 0000 0000 | 0000 0f85 | 0a00 0000 | 48bf 7801 
  0x000001fca42c0e94: 0000 0000 | 0000 488b | 1c3e 488d | 5b01 4889 | 1c3e 0f85 | 6d00 0000 | 0fbe 7219 

  0x000001fca42c0eb0: ;   {metadata(method data for {method} {0x000001fcb70913c8} 'prepare' '()V' in 'java/lang/invoke/LambdaForm')}
  0x000001fca42c0eb0: 83fe 0048 | bef0 2f2c | f9fc 0100 | 0048 bf88 | 0100 0000 | 0000 000f | 850a 0000 | 0048 bf98 
  0x000001fca42c0ed0: 0100 0000 | 0000 0048 | 8b1c 3e48 | 8d5b 0148 | 891c 3e0f | 8530 0000 | 0048 8bf2 

  0x000001fca42c0eec: ;   {metadata(method data for {method} {0x000001fcb70913c8} 'prepare' '()V' in 'java/lang/invoke/LambdaForm')}
  0x000001fca42c0eec: 48bf f02f | 2cf9 fc01 | 0000 4883 | 87c0 0100 | 0001 488b | f248 8bd6 

  0x000001fca42c0f04: ;   {optimized virtual_call}
  0x000001fca42c0f04: 6666 90e8 

  0x000001fca42c0f08: ; ImmutableOopMap {[56]=Oop }
                      ;*invokevirtual compileToBytecode {reexecute=0 rethrow=0 return_oop=0}
                      ; - java.lang.invoke.LambdaForm::prepare@21 (line 807)
  0x000001fca42c0f08: c905 0000 

  0x000001fca42c0f0c: ;   {other}
  0x000001fca42c0f0c: 0f1f 8400 | fc03 0000 | 488b 5424 | 388b 7228 | 4883 fe00 

  0x000001fca42c0f20: ;   {metadata(method data for {method} {0x000001fcb70913c8} 'prepare' '()V' in 'java/lang/invoke/LambdaForm')}
  0x000001fca42c0f20: 48be f02f | 2cf9 fc01 | 0000 48bf | f001 0000 | 0000 0000 | 0f85 0a00 | 0000 48bf | e001 0000 
  0x000001fca42c0f40: 0000 0000 | 488b 1c3e | 488d 5b01 | 4889 1c3e | 0f85 0504 | 0000 488b 

  0x000001fca42c0f58: ;   {metadata(method data for {method} {0x000001fcb70913c8} 'prepare' '()V' in 'java/lang/invoke/LambdaForm')}
  0x000001fca42c0f58: f248 bff0 | 2f2c f9fc 

  0x000001fca42c0f60: ;   {metadata('java/lang/invoke/LambdaForm')}
  0x000001fca42c0f60: 0100 0049 | ba18 0d09 | b7fc 0100 | 004c 8997 | 1002 0000 | 4883 8718 | 0200 0001 | 488b f248 
  0x000001fca42c0f80: 8bd6 0f1f 

  0x000001fca42c0f84: ;   {optimized virtual_call}
  0x000001fca42c0f84: 4400 00e8 

  0x000001fca42c0f88: ; ImmutableOopMap {[56]=Oop }
                      ;*invokevirtual methodType {reexecute=0 rethrow=0 return_oop=0}
                      ; - java.lang.invoke.LambdaForm::prepare@33 (line 813)
  0x000001fca42c0f88: f4da 5007 

  0x000001fca42c0f8c: ;   {other}
  0x000001fca42c0f8c: 0f1f 8400 | 7c04 0001 | 4889 4424 | 4048 3b00 

  0x000001fca42c0f9c: ;   {metadata(method data for {method} {0x000001fcb70913c8} 'prepare' '()V' in 'java/lang/invoke/LambdaForm')}
  0x000001fca42c0f9c: 488b d048 | bef0 2f2c | f9fc 0100 | 0048 8386 | 3802 0000 | 018b 5014 

  0x000001fca42c0fb4: ; implicit exception: dispatches to 0x000001fca42c13b5
  0x000001fca42c0fb4: 483b 0248 

  0x000001fca42c0fb8: ;   {metadata(method data for {method} {0x000001fcb70913c8} 'prepare' '()V' in 'java/lang/invoke/LambdaForm')}
  0x000001fca42c0fb8: 8bf2 48bf | f02f 2cf9 | fc01 0000 | 4883 8770 | 0200 0001 

  0x000001fca42c0fcc: ;   {metadata(method data for {method} {0x000001fcb73fff40} 'cachedLambdaForm' '(I)Ljava/lang/invoke/LambdaForm;' in 'java/lang/invoke/MethodTypeForm')}
  0x000001fca42c0fcc: 48be 9036 | 2cf9 fc01 | 0000 8bbe | cc00 0000 | 83c7 0289 | becc 0000 | 0081 e7fe | ff1f 0083 
  0x000001fca42c0fec: ff00 0f84 | c603 0000 | 8b52 1c8b | 720c 83fe | 060f 86dd | 0300 008b | 5228 4883 

  0x000001fca42c1008: ;   {metadata(method data for {method} {0x000001fcb73fff40} 'cachedLambdaForm' '(I)Ljava/lang/invoke/LambdaForm;' in 'java/lang/invoke/MethodTypeForm')}
  0x000001fca42c1008: fa00 48be | 9036 2cf9 | fc01 0000 | 48bf 1001 | 0000 0000 | 0000 0f84 | 0a00 0000 | 48bf 2001 
  0x000001fca42c1028: 0000 0000 | 0000 488b | 1c3e 488d | 5b01 4889 | 1c3e 0f84 | a401 0000 

  0x000001fca42c1040: ; implicit exception: dispatches to 0x000001fca42c13f2
  0x000001fca42c1040: 483b 0248 

  0x000001fca42c1044: ;   {metadata(method data for {method} {0x000001fcb73fff40} 'cachedLambdaForm' '(I)Ljava/lang/invoke/LambdaForm;' in 'java/lang/invoke/MethodTypeForm')}
  0x000001fca42c1044: 8bf2 48bf | 9036 2cf9 | fc01 0000 | 8b76 0849 | ba00 0000 | b7fc 0100 | 0049 03f2 | 483b b740 
  0x000001fca42c1064: 0100 0075 | 0d48 8387 | 4801 0000 | 01e9 6000 | 0000 483b | b750 0100 | 0075 0d48 | 8387 5801 
  0x000001fca42c1084: 0000 01e9 | 4a00 0000 | 4883 bf40 | 0100 0000 | 7517 4889 | b740 0100 | 0048 c787 | 4801 0000 
  0x000001fca42c10a4: 0100 0000 | e929 0000 | 0048 83bf | 5001 0000 | 0075 1748 | 89b7 5001 | 0000 48c7 | 8758 0100 
  0x000001fca42c10c4: 0001 0000 | 00e9 0800 | 0000 4883 | 8730 0100 

  0x000001fca42c10d4: ;   {optimized virtual_call}
  0x000001fca42c10d4: 0001 90e8 

  0x000001fca42c10d8: ; ImmutableOopMap {[56]=Oop [64]=Oop }
                      ;*invokevirtual get {reexecute=0 rethrow=0 return_oop=0}
                      ; - java.lang.invoke.MethodTypeForm::cachedLambdaForm@12 (line 132)
                      ; - java.lang.invoke.LambdaForm::prepare@43 (line 814)
  0x000001fca42c10d8: a4d9 5007 

  0x000001fca42c10dc: ;   {other}
  0x000001fca42c10dc: 0f1f 8400 | cc05 0002 | 4883 f800 

  0x000001fca42c10e8: ;   {metadata(method data for {method} {0x000001fcb73fff40} 'cachedLambdaForm' '(I)Ljava/lang/invoke/LambdaForm;' in 'java/lang/invoke/MethodTypeForm')}
  0x000001fca42c10e8: 7516 48bf | 9036 2cf9 | fc01 0000 | 808f 6101 | 0000 01e9 | cc00 0000 

  0x000001fca42c1100: ;   {metadata('java/lang/invoke/LambdaForm')}
  0x000001fca42c1100: 48bb 180d | 09b7 fc01 | 0000 8b70 | 0849 ba00 | 0000 b7fc | 0100 0049 | 03f2 483b | de0f 858d 
  0x000001fca42c1120: ;   {metadata(method data for {method} {0x000001fcb73fff40} 'cachedLambdaForm' '(I)Ljava/lang/invoke/LambdaForm;' in 'java/lang/invoke/MethodTypeForm')}
  0x000001fca42c1120: 0000 0048 | bf90 362c | f9fc 0100 | 008b 5808 | 49ba 0000 | 00b7 fc01 | 0000 4903 | da48 3b9f 
  0x000001fca42c1140: 7801 0000 | 750d 4883 | 8780 0100 | 0001 e979 | 0000 0048 | 3b9f 8801 | 0000 750d | 4883 8790 
  0x000001fca42c1160: 0100 0001 | e963 0000 | 0048 83bf | 7801 0000 | 0075 1748 | 899f 7801 | 0000 48c7 | 8780 0100 
  0x000001fca42c1180: 0001 0000 | 00e9 4200 | 0000 4883 | bf88 0100 | 0000 7517 | 4889 9f88 | 0100 0048 | c787 9001 
  0x000001fca42c11a0: 0000 0100 | 0000 e921 | 0000 00e9 | 1c00 0000 

  0x000001fca42c11b0: ;   {metadata(method data for {method} {0x000001fcb73fff40} 'cachedLambdaForm' '(I)Ljava/lang/invoke/LambdaForm;' in 'java/lang/invoke/MethodTypeForm')}
  0x000001fca42c11b0: 48bf 9036 | 2cf9 fc01 | 0000 4883 | af68 0100 | 0001 e930 | 0200 00e9 | 0000 0000 

  0x000001fca42c11cc: ;   {metadata(method data for {method} {0x000001fcb73fff40} 'cachedLambdaForm' '(I)Ljava/lang/invoke/LambdaForm;' in 'java/lang/invoke/MethodTypeForm')}
  0x000001fca42c11cc: 488b d048 | be90 362c | f9fc 0100 | 00ff 86a0 | 0100 00e9 | 0a00 0000 

  0x000001fca42c11e4: ;   {oop(nullptr)}
  0x000001fca42c11e4: 48ba 0000 | 0000 0000 | 0000 4883 

  0x000001fca42c11f0: ;   {metadata(method data for {method} {0x000001fcb70913c8} 'prepare' '()V' in 'java/lang/invoke/LambdaForm')}
  0x000001fca42c11f0: fa00 48be | f02f 2cf9 | fc01 0000 | 48bf a802 | 0000 0000 | 0000 0f85 | 0a00 0000 | 48bf b802 
  0x000001fca42c1210: 0000 0000 | 0000 488b | 1c3e 488d | 5b01 4889 | 1c3e 0f85 | ef00 0000 

  0x000001fca42c1228: ;   {metadata(method data for {method} {0x000001fcb70913c8} 'prepare' '()V' in 'java/lang/invoke/LambdaForm')}
  0x000001fca42c1228: 48ba f02f | 2cf9 fc01 | 0000 ff82 | c802 0000 | 488b 4424 

  0x000001fca42c123c: ;   {metadata(method data for {method} {0x000001fcb70913c8} 'prepare' '()V' in 'java/lang/invoke/LambdaForm')}
  0x000001fca42c123c: 4048 baf0 | 2f2c f9fc | 0100 0048 | 8382 6003 | 0000 0148 | 8bd0 0f1f 

  0x000001fca42c1254: ;   {static_call}
  0x000001fca42c1254: 4400 00e8 

  0x000001fca42c1258: ; ImmutableOopMap {[56]=Oop [64]=Oop }
                      ;*invokestatic createBlankForType {reexecute=0 rethrow=0 return_oop=0}
                      ; - java.lang.invoke.LambdaForm::prepare@76 (line 817)
  0x000001fca42c1258: 24de 5007 

  0x000001fca42c125c: ;   {other}
  0x000001fca42c125c: 0f1f 8400 | 4c07 0003 

  0x000001fca42c1264: ;   {metadata(method data for {method} {0x000001fcb70913c8} 'prepare' '()V' in 'java/lang/invoke/LambdaForm')}
  0x000001fca42c1264: 48ba f02f | 2cf9 fc01 | 0000 4883 | 8270 0300 | 0001 488b | 5424 4048 | 8944 2448 | 0f1f 8000 
  0x000001fca42c1284: ;   {static_call}
  0x000001fca42c1284: 0000 00e8 

  0x000001fca42c1288: ; ImmutableOopMap {[56]=Oop [64]=Oop [72]=Oop }
                      ;*invokestatic generateLambdaFormInterpreterEntryPoint {reexecute=0 rethrow=0 return_oop=0}
                      ; - java.lang.invoke.LambdaForm::prepare@82 (line 818)
  0x000001fca42c1288: f4dd 5007 

  0x000001fca42c128c: ;   {other}
  0x000001fca42c128c: 0f1f 8400 | 7c07 0004 | 450f be47 | 4041 83f8 | 004c 8b4c | 2448 0f85 | 5801 0000 | 4c8b d045 
  0x000001fca42c12ac: 8951 284d | 8bc1 4c33 | c049 c1e8 | 1449 83f8 | 000f 855e | 0100 0048 | 8b44 2440 

  0x000001fca42c12c8: ;   {metadata(method data for {method} {0x000001fcb70913c8} 'prepare' '()V' in 'java/lang/invoke/LambdaForm')}
  0x000001fca42c12c8: 49b8 f02f | 2cf9 fc01 | 0000 4983 | 8080 0300 | 0001 488b | 4424 408b | 5014 483b | 024c 8bc2 
  0x000001fca42c12e8: ;   {metadata(method data for {method} {0x000001fcb70913c8} 'prepare' '()V' in 'java/lang/invoke/LambdaForm')}
  0x000001fca42c12e8: 48be f02f | 2cf9 fc01 | 0000 4883 | 86b8 0300 | 0001 41b8 | 0600 0000 | 0f1f 8000 

  0x000001fca42c1304: ;   {optimized virtual_call}
  0x000001fca42c1304: 0000 00e8 

  0x000001fca42c1308: ; ImmutableOopMap {[56]=Oop }
                      ;*invokevirtual setCachedLambdaForm {reexecute=0 rethrow=0 return_oop=0}
                      ; - java.lang.invoke.LambdaForm::prepare@95 (line 819)
  0x000001fca42c1308: 74d7 5007 

  0x000001fca42c130c: ;   {other}
  0x000001fca42c130c: 0f1f 8400 | fc07 0005 | 488b d048 | 8b74 2438 

  0x000001fca42c131c: ; implicit exception: dispatches to 0x000001fca42c143e
  0x000001fca42c131c: 8b7a 2841 | 0fbe 5f40 | 83fb 000f | 8516 0100 | 004c 8bd7 | 4489 5628 | 488b d648 | 33d7 48c1 
  0x000001fca42c133c: ea14 4883 | fa00 0f85 | 1601 0000 | 4883 c460 

  0x000001fca42c134c: ;   {poll_return}
  0x000001fca42c134c: 5d49 3ba7 | 5004 0000 | 0f87 1c01 | 0000 c348 | 83c4 605d 

  0x000001fca42c1360: ;   {poll_return}
  0x000001fca42c1360: 493b a750 | 0400 000f | 871f 0100 

  0x000001fca42c136c: ;   {metadata({method} {0x000001fcb70913c8} 'prepare' '()V' in 'java/lang/invoke/LambdaForm')}
  0x000001fca42c136c: 00c3 49ba | c013 09b7 | fc01 0000 | 4c89 5424 | 0848 c704 | 24ff ffff 

  0x000001fca42c1384: ;   {runtime_call counter_overflow Runtime1 stub}
  0x000001fca42c1384: ffe8 7666 

  0x000001fca42c1388: ; ImmutableOopMap {rdx=Oop [56]=Oop }
                      ;*synchronization entry
                      ; - java.lang.invoke.LambdaForm::prepare@-1 (line 806)
  0x000001fca42c1388: 5d07 e939 

  0x000001fca42c138c: ;   {metadata({method} {0x000001fcb7401070} 'forceInterpretation' '()Z' in 'java/lang/invoke/LambdaForm')}
  0x000001fca42c138c: faff ff49 | ba68 1040 | b7fc 0100 | 004c 8954 | 2408 48c7 | 0424 ffff 

  0x000001fca42c13a4: ;   {runtime_call counter_overflow Runtime1 stub}
  0x000001fca42c13a4: ffff e855 

  0x000001fca42c13a8: ; ImmutableOopMap {rdx=Oop [56]=Oop }
                      ;*synchronization entry
                      ; - java.lang.invoke.LambdaForm::forceInterpretation@-1 (line 923)
                      ; - java.lang.invoke.LambdaForm::prepare@7 (line 806)
  0x000001fca42c13a8: 665d 07e9 | 65fa ffff 

  0x000001fca42c13b0: ;   {runtime_call throw_null_pointer_exception Runtime1 stub}
  0x000001fca42c13b0: e8cb fd5c 

  0x000001fca42c13b4: ; ImmutableOopMap {rax=Oop [56]=Oop [64]=Oop }
                      ;*invokevirtual form {reexecute=0 rethrow=0 return_oop=0}
                      ; - java.lang.invoke.LambdaForm::prepare@38 (line 814)
                      ;   {runtime_call throw_null_pointer_exception Runtime1 stub}
  0x000001fca42c13b4: 07e8 c6fd 

  0x000001fca42c13b8: ; ImmutableOopMap {rax=Oop rdx=Oop [56]=Oop [64]=Oop }
                      ;*invokevirtual cachedLambdaForm {reexecute=0 rethrow=0 return_oop=0}
                      ; - java.lang.invoke.LambdaForm::prepare@43 (line 814)
                      ;   {metadata({method} {0x000001fcb73fff40} 'cachedLambdaForm' '(I)Ljava/lang/invoke/LambdaForm;' in 'java/lang/invoke/MethodTypeForm')}
  0x000001fca42c13b8: 5c07 49ba | 38ff 3fb7 | fc01 0000 | 4c89 5424 | 0848 c704 | 24ff ffff 

  0x000001fca42c13d0: ;   {runtime_call counter_overflow Runtime1 stub}
  0x000001fca42c13d0: ffe8 2a66 

  0x000001fca42c13d4: ; ImmutableOopMap {rax=Oop rdx=Oop [56]=Oop [64]=Oop }
                      ;*synchronization entry
                      ; - java.lang.invoke.MethodTypeForm::cachedLambdaForm@-1 (line 131)
                      ; - java.lang.invoke.LambdaForm::prepare@43 (line 814)
  0x000001fca42c13d4: 5d07 e919 

  0x000001fca42c13d8: ;   {runtime_call throw_null_pointer_exception Runtime1 stub}
  0x000001fca42c13d8: fcff ffe8 

  0x000001fca42c13dc: ; ImmutableOopMap {rax=Oop rdx=Oop [56]=Oop [64]=Oop }
                      ;*aaload {reexecute=0 rethrow=0 return_oop=0}
                      ; - java.lang.invoke.MethodTypeForm::cachedLambdaForm@5 (line 131)
                      ; - java.lang.invoke.LambdaForm::prepare@43 (line 814)
  0x000001fca42c13dc: a0fd 5c07 | 48c7 0424 | 0600 0000 | 4889 5424 

  0x000001fca42c13ec: ;   {runtime_call throw_range_check_failed Runtime1 stub}
  0x000001fca42c13ec: 08e8 0ef0 

  0x000001fca42c13f0: ; ImmutableOopMap {rax=Oop rdx=Oop [56]=Oop [64]=Oop }
                      ;*aaload {reexecute=0 rethrow=0 return_oop=0}
                      ; - java.lang.invoke.MethodTypeForm::cachedLambdaForm@5 (line 131)
                      ; - java.lang.invoke.LambdaForm::prepare@43 (line 814)
                      ;   {runtime_call throw_null_pointer_exception Runtime1 stub}
  0x000001fca42c13f0: 5c07 e889 

  0x000001fca42c13f4: ; ImmutableOopMap {rdx=Oop [56]=Oop [64]=Oop }
                      ;*invokevirtual get {reexecute=0 rethrow=0 return_oop=0}
                      ; - java.lang.invoke.MethodTypeForm::cachedLambdaForm@12 (line 132)
                      ; - java.lang.invoke.LambdaForm::prepare@43 (line 814)
  0x000001fca42c13f4: fd5c 0748 

  0x000001fca42c13f8: ;   {runtime_call throw_class_cast_exception Runtime1 stub}
  0x000001fca42c13f8: 8904 24e8 

  0x000001fca42c13fc: ; ImmutableOopMap {[56]=Oop [64]=Oop }
                      ;*checkcast {reexecute=0 rethrow=0 return_oop=0}
                      ; - java.lang.invoke.MethodTypeForm::cachedLambdaForm@15 (line 132)
                      ; - java.lang.invoke.LambdaForm::prepare@43 (line 814)
  0x000001fca42c13fc: 8034 5d07 

  0x000001fca42c1400: ; implicit exception: dispatches to 0x000001fca42c14a2
  0x000001fca42c1400: 458b 4128 | 4983 f800 | 0f84 9afe | ffff 4c89 

  0x000001fca42c1410: ;   {runtime_call g1_pre_barrier_slow}
  0x000001fca42c1410: 0424 e8e9 | 6b5d 07e9 | 8cfe ffff 

  0x000001fca42c141c: ;   {runtime_call throw_null_pointer_exception Runtime1 stub}
  0x000001fca42c141c: e85f fd5c 

  0x000001fca42c1420: ; ImmutableOopMap {rax=Oop r9=Oop [56]=Oop [64]=Oop }
                      ;*putfield vmentry {reexecute=1 rethrow=0 return_oop=0}
                      ; - (reexecute) java.lang.invoke.LambdaForm::prepare@85 (line 818)
  0x000001fca42c1420: 0748 83f8 | 000f 8498 | feff ff4c 

  0x000001fca42c142c: ;   {runtime_call g1_post_barrier_slow}
  0x000001fca42c142c: 890c 24e8 | cc6e 5d07 | e98a feff 

  0x000001fca42c1438: ;   {runtime_call throw_null_pointer_exception Runtime1 stub}
  0x000001fca42c1438: ffe8 42fd 

  0x000001fca42c143c: ; ImmutableOopMap {r9=Oop rdx=Oop [56]=Oop }
                      ;*invokevirtual setCachedLambdaForm {reexecute=0 rethrow=0 return_oop=0}
                      ; - java.lang.invoke.LambdaForm::prepare@95 (line 819)
                      ;   {runtime_call throw_null_pointer_exception Runtime1 stub}
  0x000001fca42c143c: 5c07 e83d 

  0x000001fca42c1440: ; ImmutableOopMap {rsi=Oop [56]=Oop }
                      ;*getfield vmentry {reexecute=1 rethrow=0 return_oop=0}
                      ; - (reexecute) java.lang.invoke.LambdaForm::prepare@101 (line 821)
  0x000001fca42c1440: fd5c 078b | 5e28 4883 | fb00 0f84 | ddfe ffff | 4889 1c24 

  0x000001fca42c1454: ;   {runtime_call g1_pre_barrier_slow}
  0x000001fca42c1454: e8a7 6b5d | 07e9 cffe | ffff 4883 | ff00 0f84 | e0fe ffff | 4889 3424 

  0x000001fca42c146c: ;   {runtime_call g1_post_barrier_slow}
  0x000001fca42c146c: e88f 6e5d | 07e9 d2fe 

  0x000001fca42c1474: ;   {internal_word}
  0x000001fca42c1474: ffff 49ba | 4d13 2ca4 | fc01 0000 | 4d89 9768 

  0x000001fca42c1484: ;   {runtime_call SafepointBlob}
  0x000001fca42c1484: 0400 00e9 | 7442 5107 

  0x000001fca42c148c: ;   {internal_word}
  0x000001fca42c148c: 49ba 6013 | 2ca4 fc01 | 0000 4d89 | 9768 0400 

  0x000001fca42c149c: ;   {runtime_call SafepointBlob}
  0x000001fca42c149c: 00e9 5e42 

  0x000001fca42c14a0: ;   {runtime_call throw_null_pointer_exception Runtime1 stub}
  0x000001fca42c14a0: 5107 e8d9 

  0x000001fca42c14a4: ; ImmutableOopMap {rax=Oop r9=Oop [56]=Oop [64]=Oop }
                      ;*putfield vmentry {reexecute=1 rethrow=0 return_oop=0}
                      ; - (reexecute) java.lang.invoke.LambdaForm::prepare@85 (line 818)
  0x000001fca42c14a4: fc5c 0749 | 8b87 0005 | 0000 49c7 | 8700 0500 | 0000 0000 | 0049 c787 | 0805 0000 | 0000 0000 
  0x000001fca42c14c4: 4883 c460 

  0x000001fca42c14c8: ;   {runtime_call unwind_exception Runtime1 stub}
  0x000001fca42c14c8: 5de9 b2e4 | 5c07 f4f4 
[Stub Code]
  0x000001fca42c14d0: ;   {no_reloc}
  0x000001fca42c14d0: 0f1f 4400 

  0x000001fca42c14d4: ;   {static_stub}
  0x000001fca42c14d4: 0048 bb10 | 1309 b7fc 

  0x000001fca42c14dc: ;   {runtime_call I2C/C2I adapters}
  0x000001fca42c14dc: 0100 00e9 | 7f1f 5107 

  0x000001fca42c14e4: ;   {static_stub}
  0x000001fca42c14e4: 9048 bb00 | 0000 0000 

  0x000001fca42c14ec: ;   {runtime_call}
  0x000001fca42c14ec: 0000 00e9 | fbff ffff 

  0x000001fca42c14f4: ;   {static_stub}
  0x000001fca42c14f4: 9048 bb00 | 0000 0000 

  0x000001fca42c14fc: ;   {runtime_call}
  0x000001fca42c14fc: 0000 00e9 | fbff ffff 

  0x000001fca42c1504: ;   {static_stub}
  0x000001fca42c1504: 48bb 0000 | 0000 0000 

  0x000001fca42c150c: ;   {runtime_call}
  0x000001fca42c150c: 0000 e9fb 

  0x000001fca42c1510: ;   {static_stub}
  0x000001fca42c1510: ffff ff48 | bb00 0000 | 0000 0000 

  0x000001fca42c151c: ;   {runtime_call}
  0x000001fca42c151c: 00e9 fbff 

  0x000001fca42c1520: ;   {static_stub}
  0x000001fca42c1520: ffff 48bb | 0000 0000 | 0000 0000 

  0x000001fca42c152c: ;   {runtime_call}
  0x000001fca42c152c: e9fb ffff 

  0x000001fca42c1530: ;   {runtime_call handle_exception_from_callee Runtime1 stub}
  0x000001fca42c1530: ffe8 4a2d 

  0x000001fca42c1534: ;   {external_word}
  0x000001fca42c1534: 5d07 48b9 | 0028 c3ef | fc7f 0000 | 4883 e4f0 

  0x000001fca42c1544: ;   {runtime_call}
  0x000001fca42c1544: 48b8 e00f | 8bef fc7f | 0000 ffd0 

  0x000001fca42c1550: ;   {section_word}
  0x000001fca42c1550: f449 ba51 | 152c a4fc | 0100 0041 

  0x000001fca42c155c: ;   {runtime_call DeoptimizationBlob}
  0x000001fca42c155c: 52e9 3e34 | 5107 f4f4 | f4f4 f4f4 
[/MachCode]


Compiled method (c1)     448  331       3       java.lang.invoke.MethodHandle::<init> (37 bytes)
 total in heap  [0x000001fca42bf810,0x000001fca42c01c0] = 2480
 relocation     [0x000001fca42bf970,0x000001fca42bfa18] = 168
 main code      [0x000001fca42bfa20,0x000001fca42bff48] = 1320
 stub code      [0x000001fca42bff48,0x000001fca42bffb0] = 104
 metadata       [0x000001fca42bffb0,0x000001fca42bffe8] = 56
 scopes data    [0x000001fca42bffe8,0x000001fca42c0098] = 176
 scopes pcs     [0x000001fca42c0098,0x000001fca42c0198] = 256
 dependencies   [0x000001fca42c0198,0x000001fca42c01a8] = 16
 nul chk table  [0x000001fca42c01a8,0x000001fca42c01c0] = 24

[Constant Pool (empty)]

[MachCode]
[Entry Point]
  # {method} {0x000001fcb7410c68} '<init>' '(Ljava/lang/invoke/MethodType;Ljava/lang/invoke/LambdaForm;)V' in 'java/lang/invoke/MethodHandle'
  # this:     rdx:rdx   = 'java/lang/invoke/MethodHandle'
  # parm0:    r8:r8     = 'java/lang/invoke/MethodType'
  # parm1:    r9:r9     = 'java/lang/invoke/LambdaForm'
  #           [sp+0x70]  (sp of caller)
  0x000001fca42bfa20: 448b 5208 | 49bb 0000 | 00b7 fc01 | 0000 4d03 | d34c 3bd0 

  0x000001fca42bfa34: ;   {runtime_call ic_miss_stub}
  0x000001fca42bfa34: 0f85 46ed | 5007 660f | 1f44 0000 
[Verified Entry Point]
  0x000001fca42bfa40: 8984 2400 | 80ff ff55 | 4883 ec60 | 4181 7f20 | 0100 0000 

  0x000001fca42bfa54: ;   {runtime_call StubRoutines (final stubs)}
  0x000001fca42bfa54: 7405 e805 | 534f 0748 | 8954 2430 

  0x000001fca42bfa60: ;   {metadata(method data for {method} {0x000001fcb7410c68} '<init>' '(Ljava/lang/invoke/MethodType;Ljava/lang/invoke/LambdaForm;)V' in 'java/lang/invoke/MethodHandle')}
  0x000001fca42bfa60: 48be 502d | 2cf9 fc01 | 0000 8bbe | cc00 0000 | 83c7 0289 | becc 0000 | 0081 e7fe | 0700 0083 
  0x000001fca42bfa80: ff00 0f84 | 3e03 0000 

  0x000001fca42bfa88: ;   {metadata(method data for {method} {0x000001fcb7410c68} '<init>' '(Ljava/lang/invoke/MethodType;Ljava/lang/invoke/LambdaForm;)V' in 'java/lang/invoke/MethodHandle')}
  0x000001fca42bfa88: 488b f248 | bf50 2d2c | f9fc 0100 | 0048 8387 | 1001 0000 

  0x000001fca42bfa9c: ;   {metadata(method data for {method} {0x000001fcb747c6a0} '<init>' '()V' in 'java/lang/Object')}
  0x000001fca42bfa9c: 0148 be20 | 7d00 f9fc | 0100 008b | becc 0000 | 0083 c702 | 89be cc00 | 0000 81e7 | feff 1f00 
  0x000001fca42bfabc: 83ff 000f | 8422 0300 

  0x000001fca42bfac4: ;   {metadata(method data for {method} {0x000001fcb7410c68} '<init>' '(Ljava/lang/invoke/MethodType;Ljava/lang/invoke/LambdaForm;)V' in 'java/lang/invoke/MethodHandle')}
  0x000001fca42bfac4: 0048 be50 | 2d2c f9fc | 0100 0048 | 8386 2001 

  0x000001fca42bfad4: ;   {metadata(method data for {method} {0x000001fcb7056890} 'requireNonNull' '(Ljava/lang/Object;)Ljava/lang/Object;' in 'java/util/Objects')}
  0x000001fca42bfad4: 0000 0148 | be68 f100 | f9fc 0100 | 008b becc | 0000 0083 | c702 89be | cc00 0000 | 81e7 feff 
  0x000001fca42bfaf4: 1f00 83ff | 000f 8409 | 0300 0049 

  0x000001fca42bfb00: ;   {metadata(method data for {method} {0x000001fcb7056890} 'requireNonNull' '(Ljava/lang/Object;)Ljava/lang/Object;' in 'java/util/Objects')}
  0x000001fca42bfb00: 83f8 0048 | be68 f100 | f9fc 0100 | 0048 bf20 | 0100 0000 | 0000 000f | 840a 0000 | 0048 bf10 
  0x000001fca42bfb20: 0100 0000 | 0000 0048 | 8b1c 3e48 | 8d5b 0148 | 891c 3e0f | 84ed 0100 | 0041 0fbe | 7740 83fe 
  0x000001fca42bfb40: 000f 85e2 | 0200 004d | 8bd0 4489 | 5210 488b | f249 33f0 | 48c1 ee14 | 4883 fe00 | 0f85 e202 
  0x000001fca42bfb60: ;   {metadata(method data for {method} {0x000001fcb7410c68} '<init>' '(Ljava/lang/invoke/MethodType;Ljava/lang/invoke/LambdaForm;)V' in 'java/lang/invoke/MethodHandle')}
  0x000001fca42bfb60: 0000 48be | 502d 2cf9 | fc01 0000 | 4883 8668 | 0100 0001 

  0x000001fca42bfb74: ;   {metadata(method data for {method} {0x000001fcb7056890} 'requireNonNull' '(Ljava/lang/Object;)Ljava/lang/Object;' in 'java/util/Objects')}
  0x000001fca42bfb74: 48be 68f1 | 00f9 fc01 | 0000 8bbe | cc00 0000 | 83c7 0289 | becc 0000 | 0081 e7fe | ff1f 0083 
  0x000001fca42bfb94: ff00 0f84 | c002 0000 | 4983 f900 

  0x000001fca42bfba0: ;   {metadata(method data for {method} {0x000001fcb7056890} 'requireNonNull' '(Ljava/lang/Object;)Ljava/lang/Object;' in 'java/util/Objects')}
  0x000001fca42bfba0: 48be 68f1 | 00f9 fc01 | 0000 48bf | 2001 0000 | 0000 0000 | 0f84 0a00 | 0000 48bf | 1001 0000 
  0x000001fca42bfbc0: 0000 0000 | 488b 1c3e | 488d 5b01 | 4889 1c3e | 0f84 b900 | 0000 493b | 0149 8bf1 

  0x000001fca42bfbdc: ;   {metadata(method data for {method} {0x000001fcb7410c68} '<init>' '(Ljava/lang/invoke/MethodType;Ljava/lang/invoke/LambdaForm;)V' in 'java/lang/invoke/MethodHandle')}
  0x000001fca42bfbdc: 48bf 502d | 2cf9 fc01 

  0x000001fca42bfbe4: ;   {metadata('java/lang/invoke/LambdaForm')}
  0x000001fca42bfbe4: 0000 49ba | 180d 09b7 | fc01 0000 | 4c89 97c0 | 0100 0048 | 8387 c801 | 0000 0149 | 8bd1 0f1f 
  0x000001fca42bfc04: ;   {optimized virtual_call}
  0x000001fca42bfc04: 4400 00e8 

  0x000001fca42bfc08: ; ImmutableOopMap {[48]=Oop }
                      ;*invokevirtual uncustomize {reexecute=0 rethrow=0 return_oop=0}
                      ; - java.lang.invoke.MethodHandle::<init>@23 (line 480)
  0x000001fca42bfc08: f47b ffff 

  0x000001fca42bfc0c: ;   {other}
  0x000001fca42bfc0c: 0f1f 8400 | fc03 0000 | 410f be57 | 4083 fa00 | 488b 5424 | 300f 855b | 0200 004c | 8bd0 4489 
  0x000001fca42bfc2c: 5214 488b | f248 33f0 | 48c1 ee14 | 4883 fe00 | 0f85 5b02 | 0000 483b | 0048 8bd0 

  0x000001fca42bfc48: ;   {metadata(method data for {method} {0x000001fcb7410c68} '<init>' '(Ljava/lang/invoke/MethodType;Ljava/lang/invoke/LambdaForm;)V' in 'java/lang/invoke/MethodHandle')}
  0x000001fca42bfc48: 48be 502d | 2cf9 fc01 

  0x000001fca42bfc50: ;   {metadata('java/lang/invoke/LambdaForm')}
  0x000001fca42bfc50: 0000 49ba | 180d 09b7 | fc01 0000 | 4c89 96f8 | 0100 0048 | 8386 0002 | 0000 0148 

  0x000001fca42bfc6c: ;   {optimized virtual_call}
  0x000001fca42bfc6c: 8bd0 90e8 

  0x000001fca42bfc70: ; ImmutableOopMap {}
                      ;*invokevirtual prepare {reexecute=0 rethrow=0 return_oop=0}
                      ; - java.lang.invoke.MethodHandle::<init>@33 (line 482)
  0x000001fca42bfc70: 0c11 0000 

  0x000001fca42bfc74: ;   {other}
  0x000001fca42bfc74: 0f1f 8400 | 6404 0001 | 4883 c460 

  0x000001fca42bfc80: ;   {poll_return}
  0x000001fca42bfc80: 5d49 3ba7 | 5004 0000 | 0f87 2c02 | 0000 c390 

  0x000001fca42bfc90: ;   {no_reloc}
  0x000001fca42bfc90: e94a 0200 | 0000 0000 | 0000 498b | 87b8 0100 | 0048 8d78 | 3049 3bbf | c801 0000 | 0f87 3702 
  0x000001fca42bfcb0: 0000 4989 | bfb8 0100 | 0048 c700 | 0100 0000 | 488b ca49 | ba00 0000 | b7fc 0100 | 0049 2bca 
  0x000001fca42bfcd0: 8948 0848 | 33c9 8948 | 0c48 33c9 | 4889 4810 | 4889 4818 | 4889 4820 | 4889 4828 

  0x000001fca42bfcec: ;   {metadata(method data for {method} {0x000001fcb7056890} 'requireNonNull' '(Ljava/lang/Object;)Ljava/lang/Object;' in 'java/util/Objects')}
  0x000001fca42bfcec: 488b d048 | be68 f100 | f9fc 0100 | 0048 8386 | 3001 0000 | 0148 8bd0 | 4889 4424 | 3866 0f1f 
  0x000001fca42bfd0c: ;   {optimized virtual_call}
  0x000001fca42bfd0c: 4400 00e8 

  0x000001fca42bfd10: ; ImmutableOopMap {[48]=Oop [56]=Oop }
                      ;*invokespecial <init> {reexecute=0 rethrow=0 return_oop=0}
                      ; - java.util.Objects::requireNonNull@8 (line 233)
                      ; - java.lang.invoke.MethodHandle::<init>@17 (line 480)
  0x000001fca42bfd10: 6ced 5007 

  0x000001fca42bfd14: ;   {other}
  0x000001fca42bfd14: 0f1f 8400 | 0405 0002 | 488b 4424 | 38e9 1302 | 0000 4c89 | 4c24 480f | 1f44 0000 

  0x000001fca42bfd30: ;   {no_reloc}
  0x000001fca42bfd30: e9d0 0100 | 0000 0000 | 0000 498b | 87b8 0100 | 0048 8d78 | 3049 3bbf | c801 0000 | 0f87 bd01 
  0x000001fca42bfd50: 0000 4989 | bfb8 0100 | 0048 c700 | 0100 0000 | 488b ca49 | ba00 0000 | b7fc 0100 | 0049 2bca 
  0x000001fca42bfd70: 8948 0848 | 33c9 8948 | 0c48 33c9 | 4889 4810 | 4889 4818 | 4889 4820 | 4889 4828 

  0x000001fca42bfd8c: ;   {metadata(method data for {method} {0x000001fcb7056890} 'requireNonNull' '(Ljava/lang/Object;)Ljava/lang/Object;' in 'java/util/Objects')}
  0x000001fca42bfd8c: 488b d048 | be68 f100 | f9fc 0100 | 0048 8386 | 3001 0000 | 0148 8bd0 | 4889 4424 | 4066 0f1f 
  0x000001fca42bfdac: ;   {optimized virtual_call}
  0x000001fca42bfdac: 4400 00e8 

  0x000001fca42bfdb0: ; ImmutableOopMap {[48]=Oop [64]=Oop [72]=Oop }
                      ;*invokespecial <init> {reexecute=0 rethrow=0 return_oop=0}
                      ; - java.util.Objects::requireNonNull@8 (line 233)
                      ; - java.lang.invoke.MethodHandle::<init>@6 (line 479)
  0x000001fca42bfdb0: ccec 5007 

  0x000001fca42bfdb4: ;   {other}
  0x000001fca42bfdb4: 0f1f 8400 | a405 0003 | 488b 4424 | 40e9 7301 

  0x000001fca42bfdc4: ;   {metadata({method} {0x000001fcb7410c68} '<init>' '(Ljava/lang/invoke/MethodType;Ljava/lang/invoke/LambdaForm;)V' in 'java/lang/invoke/MethodHandle')}
  0x000001fca42bfdc4: 0000 49ba | 600c 41b7 | fc01 0000 | 4c89 5424 | 0848 c704 | 24ff ffff 

  0x000001fca42bfddc: ;   {runtime_call counter_overflow Runtime1 stub}
  0x000001fca42bfddc: ffe8 1e7c 

  0x000001fca42bfde0: ; ImmutableOopMap {rdx=Oop r8=Oop r9=Oop [48]=Oop }
                      ;*synchronization entry
                      ; - java.lang.invoke.MethodHandle::<init>@-1 (line 478)
  0x000001fca42bfde0: 5d07 e9a1 

  0x000001fca42bfde4: ;   {metadata({method} {0x000001fcb747c6a0} '<init>' '()V' in 'java/lang/Object')}
  0x000001fca42bfde4: fcff ff49 | ba98 c647 | b7fc 0100 | 004c 8954 | 2408 48c7 | 0424 ffff 

  0x000001fca42bfdfc: ;   {runtime_call counter_overflow Runtime1 stub}
  0x000001fca42bfdfc: ffff e8fd 

  0x000001fca42bfe00: ; ImmutableOopMap {rdx=Oop r8=Oop r9=Oop [48]=Oop }
                      ;*synchronization entry
                      ; - java.lang.Object::<init>@-1 (line 45)
                      ; - java.lang.invoke.MethodHandle::<init>@1 (line 478)
  0x000001fca42bfe00: 7b5d 07e9 | bdfc ffff 

  0x000001fca42bfe08: ;   {metadata({method} {0x000001fcb7056890} 'requireNonNull' '(Ljava/lang/Object;)Ljava/lang/Object;' in 'java/util/Objects')}
  0x000001fca42bfe08: 49ba 8868 | 05b7 fc01 | 0000 4c89 | 5424 0848 | c704 24ff 

  0x000001fca42bfe1c: ;   {runtime_call counter_overflow Runtime1 stub}
  0x000001fca42bfe1c: ffff ffe8 

  0x000001fca42bfe20: ; ImmutableOopMap {rdx=Oop r8=Oop r9=Oop [48]=Oop }
                      ;*synchronization entry
                      ; - java.util.Objects::requireNonNull@-1 (line 232)
                      ; - java.lang.invoke.MethodHandle::<init>@6 (line 479)
  0x000001fca42bfe20: dc7b 5d07 | e9d6 fcff | ff8b 7210 | 4883 fe00 | 0f84 11fd | ffff 4889 

  0x000001fca42bfe38: ;   {runtime_call g1_pre_barrier_slow}
  0x000001fca42bfe38: 3424 e8c1 | 815d 07e9 | 03fd ffff | 4983 f800 | 0f84 14fd | ffff 4889 

  0x000001fca42bfe50: ;   {runtime_call g1_post_barrier_slow}
  0x000001fca42bfe50: 1424 e8a9 | 845d 07e9 | 06fd ffff 

  0x000001fca42bfe5c: ;   {metadata({method} {0x000001fcb7056890} 'requireNonNull' '(Ljava/lang/Object;)Ljava/lang/Object;' in 'java/util/Objects')}
  0x000001fca42bfe5c: 49ba 8868 | 05b7 fc01 | 0000 4c89 | 5424 0848 | c704 24ff 

  0x000001fca42bfe70: ;   {runtime_call counter_overflow Runtime1 stub}
  0x000001fca42bfe70: ffff ffe8 

  0x000001fca42bfe74: ; ImmutableOopMap {rdx=Oop r9=Oop [48]=Oop }
                      ;*synchronization entry
                      ; - java.util.Objects::requireNonNull@-1 (line 232)
                      ; - java.lang.invoke.MethodHandle::<init>@17 (line 480)
  0x000001fca42bfe74: 887b 5d07 | e91f fdff 

  0x000001fca42bfe7c: ;   {runtime_call throw_null_pointer_exception Runtime1 stub}
  0x000001fca42bfe7c: ffe8 fe12 

  0x000001fca42bfe80: ; ImmutableOopMap {r9=Oop [48]=Oop }
                      ;*invokevirtual uncustomize {reexecute=0 rethrow=0 return_oop=0}
                      ; - java.lang.invoke.MethodHandle::<init>@23 (line 480)
  0x000001fca42bfe80: 5d07 8b72 | 1448 83fe | 000f 8498 | fdff ff48 

  0x000001fca42bfe90: ;   {runtime_call g1_pre_barrier_slow}
  0x000001fca42bfe90: 8934 24e8 | 6881 5d07 | e98a fdff | ff48 83f8 | 000f 849b | fdff ff48 

  0x000001fca42bfea8: ;   {runtime_call g1_post_barrier_slow}
  0x000001fca42bfea8: 8914 24e8 | 5084 5d07 | e98d fdff 

  0x000001fca42bfeb4: ;   {runtime_call throw_null_pointer_exception Runtime1 stub}
  0x000001fca42bfeb4: ffe8 c612 

  0x000001fca42bfeb8: ; ImmutableOopMap {rax=Oop }
                      ;*invokevirtual prepare {reexecute=0 rethrow=0 return_oop=0}
                      ; - java.lang.invoke.MethodHandle::<init>@33 (line 482)
                      ;   {internal_word}
  0x000001fca42bfeb8: 5d07 49ba | 81fc 2ba4 | fc01 0000 | 4d89 9768 

  0x000001fca42bfec8: ;   {runtime_call SafepointBlob}
  0x000001fca42bfec8: 0400 00e9 | 3058 5107 

  0x000001fca42bfed0: ;   {metadata(nullptr)}
  0x000001fca42bfed0: 48ba 0000 | 0000 0000 | 0000 b800 

  0x000001fca42bfedc: ;   {runtime_call load_klass_patching Runtime1 stub}
  0x000001fca42bfedc: 0f05 0ae8 

  0x000001fca42bfee0: ; ImmutableOopMap {[48]=Oop }
                      ;*new {reexecute=1 rethrow=0 return_oop=0}
                      ; - (reexecute) java.util.Objects::requireNonNull@4 (line 233)
                      ; - java.lang.invoke.MethodHandle::<init>@17 (line 480)
  0x000001fca42bfee0: 9c6a 5d07 | e9a7 fdff | ff48 8bd2 

  0x000001fca42bfeec: ;   {runtime_call fast_new_instance Runtime1 stub}
  0x000001fca42bfeec: e80f 2a5d 

  0x000001fca42bfef0: ; ImmutableOopMap {[48]=Oop }
                      ;*new {reexecute=0 rethrow=0 return_oop=0}
                      ; - java.util.Objects::requireNonNull@4 (line 233)
                      ; - java.lang.invoke.MethodHandle::<init>@17 (line 480)
  0x000001fca42bfef0: 07e9 f6fd 

  0x000001fca42bfef4: ;   {metadata(nullptr)}
  0x000001fca42bfef4: ffff 48ba | 0000 0000 | 0000 0000 | b800 0f05 

  0x000001fca42bff04: ;   {runtime_call load_klass_patching Runtime1 stub}
  0x000001fca42bff04: 0ae8 766a 

  0x000001fca42bff08: ; ImmutableOopMap {[48]=Oop [72]=Oop }
                      ;*new {reexecute=1 rethrow=0 return_oop=0}
                      ; - (reexecute) java.util.Objects::requireNonNull@4 (line 233)
                      ; - java.lang.invoke.MethodHandle::<init>@6 (line 479)
  0x000001fca42bff08: 5d07 e921 | feff ff48 

  0x000001fca42bff10: ;   {runtime_call fast_new_instance Runtime1 stub}
  0x000001fca42bff10: 8bd2 e8e9 

  0x000001fca42bff14: ; ImmutableOopMap {[48]=Oop [72]=Oop }
                      ;*new {reexecute=0 rethrow=0 return_oop=0}
                      ; - java.util.Objects::requireNonNull@4 (line 233)
                      ; - java.lang.invoke.MethodHandle::<init>@6 (line 479)
  0x000001fca42bff14: 295d 07e9 | 70fe ffff | 498b 8700 | 0500 0049 | c787 0005 | 0000 0000 | 0000 49c7 | 8708 0500 
  0x000001fca42bff34: 0000 0000 | 0048 83c4 

  0x000001fca42bff3c: ;   {runtime_call unwind_exception Runtime1 stub}
  0x000001fca42bff3c: 605d e93d | fa5c 07f4 | f4f4 f4f4 
[Stub Code]
  0x000001fca42bff48: ;   {no_reloc}
  0x000001fca42bff48: 0f1f 4400 

  0x000001fca42bff4c: ;   {static_stub}
  0x000001fca42bff4c: 0048 bb00 | 0000 0000 

  0x000001fca42bff54: ;   {runtime_call}
  0x000001fca42bff54: 0000 00e9 | fbff ffff 

  0x000001fca42bff5c: ;   {static_stub}
  0x000001fca42bff5c: 9048 bbc0 | 1309 b7fc 

  0x000001fca42bff64: ;   {runtime_call I2C/C2I adapters}
  0x000001fca42bff64: 0100 00e9 | f734 5107 

  0x000001fca42bff6c: ;   {static_stub}
  0x000001fca42bff6c: 48bb 0000 | 0000 0000 

  0x000001fca42bff74: ;   {runtime_call}
  0x000001fca42bff74: 0000 e9fb 

  0x000001fca42bff78: ;   {runtime_call handle_exception_from_callee Runtime1 stub}
  0x000001fca42bff78: ffff ffe8 | 0043 5d07 

  0x000001fca42bff80: ;   {external_word}
  0x000001fca42bff80: 48b9 0028 | c3ef fc7f | 0000 4883 

  0x000001fca42bff8c: ;   {runtime_call}
  0x000001fca42bff8c: e4f0 48b8 | e00f 8bef | fc7f 0000 

  0x000001fca42bff98: ;   {section_word}
  0x000001fca42bff98: ffd0 f449 | ba9b ff2b | a4fc 0100 

  0x000001fca42bffa4: ;   {runtime_call DeoptimizationBlob}
  0x000001fca42bffa4: 0041 52e9 | f449 5107 | f4f4 f4f4 
[/MachCode]


Compiled method (c1)     464  493       3       java.lang.invoke.BoundMethodHandle::<init> (32 bytes)
 total in heap  [0x000001fca4302f10,0x000001fca4303290] = 896
 relocation     [0x000001fca4303070,0x000001fca43030b0] = 64
 main code      [0x000001fca43030c0,0x000001fca43031e0] = 288
 stub code      [0x000001fca43031e0,0x000001fca4303220] = 64
 metadata       [0x000001fca4303220,0x000001fca4303228] = 8
 scopes data    [0x000001fca4303228,0x000001fca4303248] = 32
 scopes pcs     [0x000001fca4303248,0x000001fca4303288] = 64
 dependencies   [0x000001fca4303288,0x000001fca4303290] = 8

[Constant Pool (empty)]

[MachCode]
[Entry Point]
  # {method} {0x000001fcb7407508} '<init>' '(Ljava/lang/invoke/MethodType;Ljava/lang/invoke/LambdaForm;)V' in 'java/lang/invoke/BoundMethodHandle'
  # this:     rdx:rdx   = 'java/lang/invoke/BoundMethodHandle'
  # parm0:    r8:r8     = 'java/lang/invoke/MethodType'
  # parm1:    r9:r9     = 'java/lang/invoke/LambdaForm'
  #           [sp+0x50]  (sp of caller)
  0x000001fca43030c0: 448b 5208 | 49bb 0000 | 00b7 fc01 | 0000 4d03 | d34c 3bd0 

  0x000001fca43030d4: ;   {runtime_call ic_miss_stub}
  0x000001fca43030d4: 0f85 a6b6 | 4c07 660f | 1f44 0000 
[Verified Entry Point]
  0x000001fca43030e0: 8984 2400 | 80ff ff55 | 4883 ec40 | 4181 7f20 | 0100 0000 

  0x000001fca43030f4: ;   {runtime_call StubRoutines (final stubs)}
  0x000001fca43030f4: 7405 e865 

  0x000001fca43030f8: ;   {metadata(method data for {method} {0x000001fcb7407508} '<init>' '(Ljava/lang/invoke/MethodType;Ljava/lang/invoke/LambdaForm;)V' in 'java/lang/invoke/BoundMethodHandle')}
  0x000001fca43030f8: 1c4b 0748 | be50 4d5c | f9fc 0100 | 008b becc | 0000 0083 | c702 89be | cc00 0000 | 81e7 fe07 
  0x000001fca4303118: 0000 83ff | 000f 845c | 0000 0048 

  0x000001fca4303124: ;   {metadata(method data for {method} {0x000001fcb7407508} '<init>' '(Ljava/lang/invoke/MethodType;Ljava/lang/invoke/LambdaForm;)V' in 'java/lang/invoke/BoundMethodHandle')}
  0x000001fca4303124: 8bf2 48bf | 504d 5cf9 | fc01 0000 | 4883 8710 | 0100 0001 | 498b f14c | 8bce 488b | fa48 8bd7 
  0x000001fca4303144: 4889 7424 | 2848 897c 

  0x000001fca430314c: ;   {optimized virtual_call}
  0x000001fca430314c: 2420 90e8 

  0x000001fca4303150: ; ImmutableOopMap {[32]=Oop [40]=Oop }
                      ;*invokespecial <init> {reexecute=0 rethrow=0 return_oop=0}
                      ; - java.lang.invoke.BoundMethodHandle::<init>@3 (line 52)
  0x000001fca4303150: ecc8 fbff 

  0x000001fca4303154: ;   {other}
  0x000001fca4303154: 0f1f 8400 | 4402 0000 

  0x000001fca430315c: ;   {metadata(method data for {method} {0x000001fcb7407508} '<init>' '(Ljava/lang/invoke/MethodType;Ljava/lang/invoke/LambdaForm;)V' in 'java/lang/invoke/BoundMethodHandle')}
  0x000001fca430315c: 48be 504d | 5cf9 fc01 | 0000 ff86 | 2001 0000 | 4883 c440 

  0x000001fca4303170: ;   {poll_return}
  0x000001fca4303170: 5d49 3ba7 | 5004 0000 | 0f87 1f00 

  0x000001fca430317c: ;   {metadata({method} {0x000001fcb7407508} '<init>' '(Ljava/lang/invoke/MethodType;Ljava/lang/invoke/LambdaForm;)V' in 'java/lang/invoke/BoundMethodHandle')}
  0x000001fca430317c: 0000 c349 | ba00 7540 | b7fc 0100 | 004c 8954 | 2408 48c7 | 0424 ffff 

  0x000001fca4303194: ;   {runtime_call counter_overflow Runtime1 stub}
  0x000001fca4303194: ffff e865 

  0x000001fca4303198: ; ImmutableOopMap {rdx=Oop r8=Oop r9=Oop }
                      ;*synchronization entry
                      ; - java.lang.invoke.BoundMethodHandle::<init>@-1 (line 52)
  0x000001fca4303198: 4859 07eb 

  0x000001fca430319c: ;   {internal_word}
  0x000001fca430319c: 8649 ba71 | 3130 a4fc | 0100 004d | 8997 6804 

  0x000001fca43031ac: ;   {runtime_call SafepointBlob}
  0x000001fca43031ac: 0000 e94d | 254d 0749 | 8b87 0005 | 0000 49c7 | 8700 0500 | 0000 0000 | 0049 c787 | 0805 0000 
  0x000001fca43031cc: 0000 0000 | 4883 c440 

  0x000001fca43031d4: ;   {runtime_call unwind_exception Runtime1 stub}
  0x000001fca43031d4: 5de9 a6c7 | 5807 f4f4 | f4f4 f4f4 
[Stub Code]
  0x000001fca43031e0: ;   {no_reloc}
  0x000001fca43031e0: 48bb 0000 | 0000 0000 

  0x000001fca43031e8: ;   {runtime_call}
  0x000001fca43031e8: 0000 e9fb 

  0x000001fca43031ec: ;   {runtime_call handle_exception_from_callee Runtime1 stub}
  0x000001fca43031ec: ffff ffe8 | 8c10 5907 

  0x000001fca43031f4: ;   {external_word}
  0x000001fca43031f4: 48b9 0028 | c3ef fc7f | 0000 4883 

  0x000001fca4303200: ;   {runtime_call}
  0x000001fca4303200: e4f0 48b8 | e00f 8bef | fc7f 0000 

  0x000001fca430320c: ;   {section_word}
  0x000001fca430320c: ffd0 f449 | ba0f 3230 | a4fc 0100 

  0x000001fca4303218: ;   {runtime_call DeoptimizationBlob}
  0x000001fca4303218: 0041 52e9 | 8017 4d07 
[/MachCode]


---------------  P R O C E S S  ---------------

Threads class SMR info:
_java_thread_list=0x000001fcf8529a60, length=15, elements={
0x000001fc99cb9dc0, 0x000001fcf81356c0, 0x000001fcf81365e0, 0x000001fcf813dcb0,
0x000001fcf8142440, 0x000001fcf8143250, 0x000001fcf81461a0, 0x000001fcf81531c0,
0x000001fcf8148890, 0x000001fcf82c67e0, 0x000001fcf82caa80, 0x000001fcf8475ed0,
0x000001fcf8481fd0, 0x000001fcf84877b0, 0x000001fcf8580e70
}

Java Threads: ( => current thread )
=>0x000001fc99cb9dc0 JavaThread "main"                              [_thread_in_vm, id=15776, stack(0x0000008d3c200000,0x0000008d3c300000) (1024K)]
  0x000001fcf81356c0 JavaThread "Reference Handler"          daemon [_thread_blocked, id=5608, stack(0x0000008d3ca00000,0x0000008d3cb00000) (1024K)]
  0x000001fcf81365e0 JavaThread "Finalizer"                  daemon [_thread_blocked, id=10492, stack(0x0000008d3cb00000,0x0000008d3cc00000) (1024K)]
  0x000001fcf813dcb0 JavaThread "Signal Dispatcher"          daemon [_thread_blocked, id=12036, stack(0x0000008d3cc00000,0x0000008d3cd00000) (1024K)]
  0x000001fcf8142440 JavaThread "Attach Listener"            daemon [_thread_blocked, id=14040, stack(0x0000008d3cd00000,0x0000008d3ce00000) (1024K)]
  0x000001fcf8143250 JavaThread "Service Thread"             daemon [_thread_blocked, id=6864, stack(0x0000008d3ce00000,0x0000008d3cf00000) (1024K)]
  0x000001fcf81461a0 JavaThread "Monitor Deflation Thread"   daemon [_thread_blocked, id=16348, stack(0x0000008d3cf00000,0x0000008d3d000000) (1024K)]
  0x000001fcf81531c0 JavaThread "C2 CompilerThread0"         daemon [_thread_blocked, id=16356, stack(0x0000008d3d000000,0x0000008d3d100000) (1024K)]
  0x000001fcf8148890 JavaThread "C1 CompilerThread0"         daemon [_thread_blocked, id=15768, stack(0x0000008d3d100000,0x0000008d3d200000) (1024K)]
  0x000001fcf82c67e0 JavaThread "Notification Thread"        daemon [_thread_blocked, id=10704, stack(0x0000008d3d200000,0x0000008d3d300000) (1024K)]
  0x000001fcf82caa80 JavaThread "Common-Cleaner"             daemon [_thread_blocked, id=16340, stack(0x0000008d3d300000,0x0000008d3d400000) (1024K)]
  0x000001fcf8475ed0 JavaThread "Java2D Disposer"            daemon [_thread_blocked, id=8584, stack(0x0000008d3d400000,0x0000008d3d500000) (1024K)]
  0x000001fcf8481fd0 JavaThread "AWT-Shutdown"                      [_thread_blocked, id=13140, stack(0x0000008d3d500000,0x0000008d3d600000) (1024K)]
  0x000001fcf84877b0 JavaThread "AWT-Windows"                daemon [_thread_in_native, id=15452, stack(0x0000008d3d600000,0x0000008d3d700000) (1024K)]
  0x000001fcf8580e70 JavaThread "AWT-EventQueue-0"                  [_thread_blocked, id=2312, stack(0x0000008d3d700000,0x0000008d3d800000) (1024K)]
Total: 15

Other Threads:
  0x000001fc9bebe570 VMThread "VM Thread"                           [id=8988, stack(0x0000008d3c900000,0x0000008d3ca00000) (1024K)]
  0x000001fc9bea3c00 WatcherThread "VM Periodic Task Thread"        [id=16116, stack(0x0000008d3c800000,0x0000008d3c900000) (1024K)]
  0x000001fc9be28de0 WorkerThread "GC Thread#0"                     [id=8056, stack(0x0000008d3c300000,0x0000008d3c400000) (1024K)]
  0x000001fc9be30840 ConcurrentGCThread "G1 Main Marker"            [id=10600, stack(0x0000008d3c400000,0x0000008d3c500000) (1024K)]
  0x000001fc9be31c90 WorkerThread "G1 Conc#0"                       [id=16016, stack(0x0000008d3c500000,0x0000008d3c600000) (1024K)]
  0x000001fc9be96e00 ConcurrentGCThread "G1 Refine#0"               [id=16104, stack(0x0000008d3c600000,0x0000008d3c700000) (1024K)]
  0x000001fc9be97970 ConcurrentGCThread "G1 Service"                [id=15832, stack(0x0000008d3c700000,0x0000008d3c800000) (1024K)]
Total: 7

Threads with active compile tasks:
Total: 0

VM state: not at safepoint (normal execution)

VM Mutex/Monitor currently owned by a thread:  ([mutex/lock_event])
[0x00007ffcefec8578] Metaspace_lock - owner thread: 0x000001fc99cb9dc0

Heap address: 0x00000000cac00000, size: 852 MB, Compressed Oops mode: 32-bit

CDS archive(s) mapped at: [0x000001fcb7000000-0x000001fcb7c90000-0x000001fcb7c90000), size 13172736, SharedBaseAddress: 0x000001fcb7000000, ArchiveRelocationMode: 1.
Compressed class space mapped at: 0x000001fcb8000000-0x000001fcf8000000, reserved size: 1073741824
Narrow klass base: 0x000001fcb7000000, Narrow klass shift: 0, Narrow klass range: 0x100000000

GC Precious Log:
 CardTable entry size: 512
 Card Set container configuration: InlinePtr #cards 5 size 8 Array Of Cards #cards 12 size 40 Howl #buckets 4 coarsen threshold 1843 Howl Bitmap #cards 512 size 80 coarsen threshold 460 Card regions per heap region 1 cards per card region 2048
 CPUs: 8 total, 8 available
 Memory: 3406M
 Large Page Support: Disabled
 NUMA Support: Disabled
 Compressed Oops: Enabled (32-bit)
 Heap Region Size: 1M
 Heap Min Capacity: 8M
 Heap Initial Capacity: 54M
 Heap Max Capacity: 852M
 Pre-touch: Disabled
 Parallel Workers: 8
 Concurrent Workers: 2
 Concurrent Refinement Workers: 8
 Periodic GC: Disabled

Heap:
 garbage-first heap   total 55296K, used 5120K [0x00000000cac00000, 0x0000000100000000)
  region size 1024K, 6 young (6144K), 0 survivors (0K)
 Metaspace       used 6829K, committed 7040K, reserved 1114112K
  class space    used 769K, committed 896K, reserved 1048576K

Heap Regions: E=young(eden), S=young(survivor), O=old, HS=humongous(starts), HC=humongous(continues), CS=collection set, F=free, TAMS=top-at-mark-start, PB=parsable bottom
|   0|0x00000000cac00000, 0x00000000cac00000, 0x00000000cad00000|  0%| F|  |TAMS 0x00000000cac00000| PB 0x00000000cac00000| Untracked 
|   1|0x00000000cad00000, 0x00000000cad00000, 0x00000000cae00000|  0%| F|  |TAMS 0x00000000cad00000| PB 0x00000000cad00000| Untracked 
|   2|0x00000000cae00000, 0x00000000cae00000, 0x00000000caf00000|  0%| F|  |TAMS 0x00000000cae00000| PB 0x00000000cae00000| Untracked 
|   3|0x00000000caf00000, 0x00000000caf00000, 0x00000000cb000000|  0%| F|  |TAMS 0x00000000caf00000| PB 0x00000000caf00000| Untracked 
|   4|0x00000000cb000000, 0x00000000cb000000, 0x00000000cb100000|  0%| F|  |TAMS 0x00000000cb000000| PB 0x00000000cb000000| Untracked 
|   5|0x00000000cb100000, 0x00000000cb100000, 0x00000000cb200000|  0%| F|  |TAMS 0x00000000cb100000| PB 0x00000000cb100000| Untracked 
|   6|0x00000000cb200000, 0x00000000cb200000, 0x00000000cb300000|  0%| F|  |TAMS 0x00000000cb200000| PB 0x00000000cb200000| Untracked 
|   7|0x00000000cb300000, 0x00000000cb300000, 0x00000000cb400000|  0%| F|  |TAMS 0x00000000cb300000| PB 0x00000000cb300000| Untracked 
|   8|0x00000000cb400000, 0x00000000cb400000, 0x00000000cb500000|  0%| F|  |TAMS 0x00000000cb400000| PB 0x00000000cb400000| Untracked 
|   9|0x00000000cb500000, 0x00000000cb500000, 0x00000000cb600000|  0%| F|  |TAMS 0x00000000cb500000| PB 0x00000000cb500000| Untracked 
|  10|0x00000000cb600000, 0x00000000cb600000, 0x00000000cb700000|  0%| F|  |TAMS 0x00000000cb600000| PB 0x00000000cb600000| Untracked 
|  11|0x00000000cb700000, 0x00000000cb700000, 0x00000000cb800000|  0%| F|  |TAMS 0x00000000cb700000| PB 0x00000000cb700000| Untracked 
|  12|0x00000000cb800000, 0x00000000cb800000, 0x00000000cb900000|  0%| F|  |TAMS 0x00000000cb800000| PB 0x00000000cb800000| Untracked 
|  13|0x00000000cb900000, 0x00000000cb900000, 0x00000000cba00000|  0%| F|  |TAMS 0x00000000cb900000| PB 0x00000000cb900000| Untracked 
|  14|0x00000000cba00000, 0x00000000cba00000, 0x00000000cbb00000|  0%| F|  |TAMS 0x00000000cba00000| PB 0x00000000cba00000| Untracked 
|  15|0x00000000cbb00000, 0x00000000cbb00000, 0x00000000cbc00000|  0%| F|  |TAMS 0x00000000cbb00000| PB 0x00000000cbb00000| Untracked 
|  16|0x00000000cbc00000, 0x00000000cbc00000, 0x00000000cbd00000|  0%| F|  |TAMS 0x00000000cbc00000| PB 0x00000000cbc00000| Untracked 
|  17|0x00000000cbd00000, 0x00000000cbd00000, 0x00000000cbe00000|  0%| F|  |TAMS 0x00000000cbd00000| PB 0x00000000cbd00000| Untracked 
|  18|0x00000000cbe00000, 0x00000000cbe00000, 0x00000000cbf00000|  0%| F|  |TAMS 0x00000000cbe00000| PB 0x00000000cbe00000| Untracked 
|  19|0x00000000cbf00000, 0x00000000cbf00000, 0x00000000cc000000|  0%| F|  |TAMS 0x00000000cbf00000| PB 0x00000000cbf00000| Untracked 
|  20|0x00000000cc000000, 0x00000000cc000000, 0x00000000cc100000|  0%| F|  |TAMS 0x00000000cc000000| PB 0x00000000cc000000| Untracked 
|  21|0x00000000cc100000, 0x00000000cc100000, 0x00000000cc200000|  0%| F|  |TAMS 0x00000000cc100000| PB 0x00000000cc100000| Untracked 
|  22|0x00000000cc200000, 0x00000000cc200000, 0x00000000cc300000|  0%| F|  |TAMS 0x00000000cc200000| PB 0x00000000cc200000| Untracked 
|  23|0x00000000cc300000, 0x00000000cc300000, 0x00000000cc400000|  0%| F|  |TAMS 0x00000000cc300000| PB 0x00000000cc300000| Untracked 
|  24|0x00000000cc400000, 0x00000000cc400000, 0x00000000cc500000|  0%| F|  |TAMS 0x00000000cc400000| PB 0x00000000cc400000| Untracked 
|  25|0x00000000cc500000, 0x00000000cc500000, 0x00000000cc600000|  0%| F|  |TAMS 0x00000000cc500000| PB 0x00000000cc500000| Untracked 
|  26|0x00000000cc600000, 0x00000000cc600000, 0x00000000cc700000|  0%| F|  |TAMS 0x00000000cc600000| PB 0x00000000cc600000| Untracked 
|  27|0x00000000cc700000, 0x00000000cc700000, 0x00000000cc800000|  0%| F|  |TAMS 0x00000000cc700000| PB 0x00000000cc700000| Untracked 
|  28|0x00000000cc800000, 0x00000000cc800000, 0x00000000cc900000|  0%| F|  |TAMS 0x00000000cc800000| PB 0x00000000cc800000| Untracked 
|  29|0x00000000cc900000, 0x00000000cc900000, 0x00000000cca00000|  0%| F|  |TAMS 0x00000000cc900000| PB 0x00000000cc900000| Untracked 
|  30|0x00000000cca00000, 0x00000000cca00000, 0x00000000ccb00000|  0%| F|  |TAMS 0x00000000cca00000| PB 0x00000000cca00000| Untracked 
|  31|0x00000000ccb00000, 0x00000000ccb00000, 0x00000000ccc00000|  0%| F|  |TAMS 0x00000000ccb00000| PB 0x00000000ccb00000| Untracked 
|  32|0x00000000ccc00000, 0x00000000ccc00000, 0x00000000ccd00000|  0%| F|  |TAMS 0x00000000ccc00000| PB 0x00000000ccc00000| Untracked 
|  33|0x00000000ccd00000, 0x00000000ccd00000, 0x00000000cce00000|  0%| F|  |TAMS 0x00000000ccd00000| PB 0x00000000ccd00000| Untracked 
|  34|0x00000000cce00000, 0x00000000cce00000, 0x00000000ccf00000|  0%| F|  |TAMS 0x00000000cce00000| PB 0x00000000cce00000| Untracked 
|  35|0x00000000ccf00000, 0x00000000ccf00000, 0x00000000cd000000|  0%| F|  |TAMS 0x00000000ccf00000| PB 0x00000000ccf00000| Untracked 
|  36|0x00000000cd000000, 0x00000000cd000000, 0x00000000cd100000|  0%| F|  |TAMS 0x00000000cd000000| PB 0x00000000cd000000| Untracked 
|  37|0x00000000cd100000, 0x00000000cd100000, 0x00000000cd200000|  0%| F|  |TAMS 0x00000000cd100000| PB 0x00000000cd100000| Untracked 
|  38|0x00000000cd200000, 0x00000000cd200000, 0x00000000cd300000|  0%| F|  |TAMS 0x00000000cd200000| PB 0x00000000cd200000| Untracked 
|  39|0x00000000cd300000, 0x00000000cd300000, 0x00000000cd400000|  0%| F|  |TAMS 0x00000000cd300000| PB 0x00000000cd300000| Untracked 
|  40|0x00000000cd400000, 0x00000000cd400000, 0x00000000cd500000|  0%| F|  |TAMS 0x00000000cd400000| PB 0x00000000cd400000| Untracked 
|  41|0x00000000cd500000, 0x00000000cd500000, 0x00000000cd600000|  0%| F|  |TAMS 0x00000000cd500000| PB 0x00000000cd500000| Untracked 
|  42|0x00000000cd600000, 0x00000000cd600000, 0x00000000cd700000|  0%| F|  |TAMS 0x00000000cd600000| PB 0x00000000cd600000| Untracked 
|  43|0x00000000cd700000, 0x00000000cd700000, 0x00000000cd800000|  0%| F|  |TAMS 0x00000000cd700000| PB 0x00000000cd700000| Untracked 
|  44|0x00000000cd800000, 0x00000000cd800000, 0x00000000cd900000|  0%| F|  |TAMS 0x00000000cd800000| PB 0x00000000cd800000| Untracked 
|  45|0x00000000cd900000, 0x00000000cd900000, 0x00000000cda00000|  0%| F|  |TAMS 0x00000000cd900000| PB 0x00000000cd900000| Untracked 
|  46|0x00000000cda00000, 0x00000000cda00000, 0x00000000cdb00000|  0%| F|  |TAMS 0x00000000cda00000| PB 0x00000000cda00000| Untracked 
|  47|0x00000000cdb00000, 0x00000000cdb00000, 0x00000000cdc00000|  0%| F|  |TAMS 0x00000000cdb00000| PB 0x00000000cdb00000| Untracked 
|  48|0x00000000cdc00000, 0x00000000cdd00000, 0x00000000cdd00000|100%| E|  |TAMS 0x00000000cdc00000| PB 0x00000000cdc00000| Complete 
|  49|0x00000000cdd00000, 0x00000000cde00000, 0x00000000cde00000|100%| E|CS|TAMS 0x00000000cdd00000| PB 0x00000000cdd00000| Complete 
|  50|0x00000000cde00000, 0x00000000cdf00000, 0x00000000cdf00000|100%| E|CS|TAMS 0x00000000cde00000| PB 0x00000000cde00000| Complete 
|  51|0x00000000cdf00000, 0x00000000ce000000, 0x00000000ce000000|100%| E|CS|TAMS 0x00000000cdf00000| PB 0x00000000cdf00000| Complete 
|  52|0x00000000ce000000, 0x00000000ce100000, 0x00000000ce100000|100%| E|CS|TAMS 0x00000000ce000000| PB 0x00000000ce000000| Complete 
|  53|0x00000000ce100000, 0x00000000ce200000, 0x00000000ce200000|100%| E|CS|TAMS 0x00000000ce100000| PB 0x00000000ce100000| Complete 

Card table byte_map: [0x000001fcb3730000,0x000001fcb38e0000] _byte_map_base: 0x000001fcb30da000

Marking Bits: (CMBitMap*) 0x000001fc9be294e0
 Bits: [0x000001fcb38e0000, 0x000001fcb4630000)

Polling page: 0x000001fc9b5c0000

Metaspace:

Usage:
  Non-class:      5.92 MB used.
      Class:    769.39 KB used.
       Both:      6.67 MB used.

Virtual space:
  Non-class space:       64.00 MB reserved,       6.00 MB (  9%) committed,  1 nodes.
      Class space:        1.00 GB reserved,     896.00 KB ( <1%) committed,  1 nodes.
             Both:        1.06 GB reserved,       6.88 MB ( <1%) committed. 

Chunk freelists:
   Non-Class:  10.00 MB
       Class:  15.12 MB
        Both:  25.11 MB

MaxMetaspaceSize: unlimited
CompressedClassSpaceSize: 1.00 GB
Initial GC threshold: 21.00 MB
Current GC threshold: 21.00 MB
CDS: on
 - commit_granule_bytes: 65536.
 - commit_granule_words: 8192.
 - virtual_space_node_default_size: 8388608.
 - enlarge_chunks_in_place: 1.
 - use_allocation_guard: 0.


Internal statistics:

num_allocs_failed_limit: 0.
num_arena_births: 134.
num_arena_deaths: 0.
num_vsnodes_births: 2.
num_vsnodes_deaths: 0.
num_space_committed: 110.
num_space_uncommitted: 0.
num_chunks_returned_to_freelist: 0.
num_chunks_taken_from_freelist: 166.
num_chunk_merges: 0.
num_chunk_splits: 99.
num_chunks_enlarged: 38.
num_inconsistent_stats: 0.

CodeHeap 'non-profiled nmethods': size=120000Kb used=168Kb max_used=168Kb free=119831Kb
 bounds [0x000001fcabd20000, 0x000001fcabf90000, 0x000001fcb3250000]
CodeHeap 'profiled nmethods': size=120000Kb used=865Kb max_used=865Kb free=119134Kb
 bounds [0x000001fca4250000, 0x000001fca44c0000, 0x000001fcab780000]
CodeHeap 'non-nmethods': size=5760Kb used=1515Kb max_used=1527Kb free=4244Kb
 bounds [0x000001fcab780000, 0x000001fcab9f0000, 0x000001fcabd20000]
 total_blobs=1202 nmethods=612 adapters=495
 compilation: enabled
              stopped_count=0, restarted_count=0
 full_count=0

Compilation events (20 events):
Event: 0.399 Thread 0x000001fcf81531c0  591       4       java.lang.Integer::compare (20 bytes)
Event: 0.399 Thread 0x000001fcf8148890 nmethod 595 0x000001fca4324490 code [0x000001fca4324640, 0x000001fca4324770]
Event: 0.399 Thread 0x000001fcf8148890  596       1       sun.java2d.loops.SurfaceType::getSuperType (5 bytes)
Event: 0.399 Thread 0x000001fcf8148890 nmethod 596 0x000001fcabd47610 code [0x000001fcabd477a0, 0x000001fcabd47868]
Event: 0.400 Thread 0x000001fcf81531c0 nmethod 591 0x000001fcabd47910 code [0x000001fcabd47a80, 0x000001fcabd47b00]
Event: 0.400 Thread 0x000001fcf81531c0  597       4       sun.java2d.loops.GraphicsPrimitiveMgr$2::compare (24 bytes)
Event: 0.400 Thread 0x000001fcf8148890  598       1       java.lang.Boolean::booleanValue (5 bytes)
Event: 0.400 Thread 0x000001fcf8148890 nmethod 598 0x000001fcabd47c10 code [0x000001fcabd47da0, 0x000001fcabd47e70]
Event: 0.400 Thread 0x000001fcf81531c0 nmethod 597 0x000001fcabd47f10 code [0x000001fcabd480a0, 0x000001fcabd481d8]
Event: 0.403 Thread 0x000001fcf8148890  602       1       sun.util.locale.BaseLocale::getLanguage (5 bytes)
Event: 0.403 Thread 0x000001fcf8148890 nmethod 602 0x000001fcabd49010 code [0x000001fcabd491a0, 0x000001fcabd49268]
Event: 0.403 Thread 0x000001fcf81531c0  604       4       java.lang.Math::min (11 bytes)
Event: 0.404 Thread 0x000001fcf81531c0 nmethod 604 0x000001fcabd49910 code [0x000001fcabd49a80, 0x000001fcabd49af0]
Event: 0.406 Thread 0x000001fcf8148890  605   !   3       java.lang.invoke.MemberName::getFieldType (176 bytes)
Event: 0.407 Thread 0x000001fcf8148890 nmethod 605 0x000001fca4324890 code [0x000001fca4324ba0, 0x000001fca4325ef0]
Event: 0.407 Thread 0x000001fcf8148890  606       3       java.util.Arrays::copyOf (10 bytes)
Event: 0.407 Thread 0x000001fcf8148890 nmethod 606 0x000001fca4326510 code [0x000001fca43266c0, 0x000001fca4326808]
Event: 0.409 Thread 0x000001fcf8148890  609       3       jdk.internal.org.objectweb.asm.Type::getDescriptor (93 bytes)
Event: 0.409 Thread 0x000001fcf8148890 nmethod 609 0x000001fca4326910 code [0x000001fca4326b80, 0x000001fca4327288]
Event: 0.409 Thread 0x000001fcf8148890  612       3       jdk.internal.org.objectweb.asm.Frame::setLocal (65 bytes)

GC Heap History (0 events):
No events

Dll operation events (9 events):
Event: 0.008 Loaded shared library C:\Program Files\Java\jdk-21\bin\java.dll
Event: 0.046 Loaded shared library C:\Program Files\Java\jdk-21\bin\jsvml.dll
Event: 0.083 Loaded shared library C:\Program Files\Java\jdk-21\bin\jimage.dll
Event: 0.089 Loaded shared library C:\Program Files\Java\jdk-21\bin\net.dll
Event: 0.092 Loaded shared library C:\Program Files\Java\jdk-21\bin\nio.dll
Event: 0.098 Loaded shared library C:\Program Files\Java\jdk-21\bin\zip.dll
Event: 0.115 Loaded shared library C:\Program Files\Java\jdk-21\bin\awt.dll
Event: 0.345 Loaded shared library C:\Program Files\Java\jdk-21\bin\freetype.dll
Event: 0.346 Loaded shared library C:\Program Files\Java\jdk-21\bin\fontmanager.dll

Deoptimization events (0 events):
No events

Classes loaded (20 events):
Event: 0.402 Loading class sun/awt/windows/WFontPeer
Event: 0.402 Loading class sun/awt/PlatformFont
Event: 0.402 Loading class java/awt/peer/FontPeer
Event: 0.402 Loading class java/awt/peer/FontPeer done
Event: 0.402 Loading class sun/awt/PlatformFont done
Event: 0.402 Loading class sun/awt/windows/WFontPeer done
Event: 0.402 Loading class sun/awt/NativeLibLoader
Event: 0.402 Loading class sun/awt/NativeLibLoader done
Event: 0.402 Loading class sun/awt/NativeLibLoader$1
Event: 0.402 Loading class sun/awt/NativeLibLoader$1 done
Event: 0.404 Loading class sun/awt/FontConfiguration$2
Event: 0.404 Loading class sun/awt/FontConfiguration$2 done
Event: 0.404 Loading class sun/awt/windows/WingDings
Event: 0.405 Loading class sun/awt/windows/WingDings done
Event: 0.405 Loading class sun/awt/windows/WingDings$Encoder
Event: 0.405 Loading class sun/awt/windows/WingDings$Encoder done
Event: 0.405 Loading class sun/awt/Symbol
Event: 0.405 Loading class sun/awt/Symbol done
Event: 0.405 Loading class sun/awt/Symbol$Encoder
Event: 0.406 Loading class sun/awt/Symbol$Encoder done

Classes unloaded (0 events):
No events

Classes redefined (0 events):
No events

Internal exceptions (11 events):
Event: 0.104 Thread 0x000001fc99cb9dc0 Exception <a 'java/lang/ClassNotFoundException'{0x00000000ce0f14a0}: sun/awt/resources/spi/awtProvider> (0x00000000ce0f14a0) 
thrown [s\open\src\hotspot\share\classfile\systemDictionary.cpp, line 312]
Event: 0.130 Thread 0x000001fc99cb9dc0 Exception <a 'java/io/FileNotFoundException'{0x00000000cdf4b2e0}> (0x00000000cdf4b2e0) 
thrown [s\open\src\hotspot\share\prims\jni.cpp, line 520]
Event: 0.138 Thread 0x000001fc99cb9dc0 Exception <a 'java/io/FileNotFoundException'{0x00000000cdf75270}> (0x00000000cdf75270) 
thrown [s\open\src\hotspot\share\prims\jni.cpp, line 520]
Event: 0.267 Thread 0x000001fc99cb9dc0 Exception <a 'java/lang/NoSuchMethodError'{0x00000000cdd01000}: 'void java.lang.invoke.DirectMethodHandle$Holder.invokeSpecial(java.lang.Object, java.lang.Object, java.lang.Object)'> (0x00000000cdd01000) 
thrown [s\open\src\hotspot\share\interpreter\linkResolver.cpp, line 773]
Event: 0.280 Thread 0x000001fc99cb9dc0 Exception <a 'java/lang/NoSuchMethodError'{0x00000000cdd269c8}: 'java.lang.Object java.lang.invoke.DirectMethodHandle$Holder.newInvokeSpecial(java.lang.Object, java.lang.Object, java.lang.Object, java.lang.Object, java.lang.Object)'> (0x00000000cdd269c8) 
thrown [s\open\src\hotspot\share\interpreter\linkResolver.cpp, line 773]
Event: 0.286 Thread 0x000001fc99cb9dc0 Exception <a 'java/lang/NoSuchMethodError'{0x00000000cdd52550}: 'java.lang.Object java.lang.invoke.DirectMethodHandle$Holder.invokeStatic(java.lang.Object, int, java.lang.Object)'> (0x00000000cdd52550) 
thrown [s\open\src\hotspot\share\interpreter\linkResolver.cpp, line 773]
Event: 0.307 Thread 0x000001fc99cb9dc0 Exception <a 'java/lang/ClassNotFoundException'{0x00000000cddf1e78}: com/sun/swing/internal/plaf/metal/resources/spi/metalProvider> (0x00000000cddf1e78) 
thrown [s\open\src\hotspot\share\classfile\systemDictionary.cpp, line 312]
Event: 0.309 Thread 0x000001fc99cb9dc0 Exception <a 'java/lang/ClassNotFoundException'{0x00000000cddf5e08}: com/sun/swing/internal/plaf/basic/resources/spi/basicProvider> (0x00000000cddf5e08) 
thrown [s\open\src\hotspot\share\classfile\systemDictionary.cpp, line 312]
Event: 0.319 Thread 0x000001fc99cb9dc0 Exception <a 'java/lang/NoSuchMethodError'{0x00000000cdc15c90}: 'int java.lang.invoke.Invokers$Holder.invokeExact_MT(java.lang.Object, java.lang.Object)'> (0x00000000cdc15c90) 
thrown [s\open\src\hotspot\share\interpreter\linkResolver.cpp, line 773]
Event: 0.387 Thread 0x000001fcf84877b0 Exception <a 'java/lang/NoSuchMethodError'{0x00000000cde84910}: 'void java.lang.invoke.DirectMethodHandle$Holder.invokeVirtual(java.lang.Object, java.lang.Object)'> (0x00000000cde84910) 
thrown [s\open\src\hotspot\share\interpreter\linkResolver.cpp, line 773]
Event: 0.401 Thread 0x000001fc99cb9dc0 Exception <a 'java/lang/NoSuchMethodError'{0x00000000cdc9fb70}: 'void java.lang.invoke.DirectMethodHandle$Holder.invokeStaticInit(java.lang.Object)'> (0x00000000cdc9fb70) 
thrown [s\open\src\hotspot\share\interpreter\linkResolver.cpp, line 773]

ZGC Phase Switch (0 events):
No events

VM Operations (6 events):
Event: 0.307 Executing VM operation: HandshakeAllThreads (Deoptimize)
Event: 0.307 Executing VM operation: HandshakeAllThreads (Deoptimize) done
Event: 0.335 Executing VM operation: HandshakeAllThreads (Deoptimize)
Event: 0.335 Executing VM operation: HandshakeAllThreads (Deoptimize) done
Event: 0.338 Executing VM operation: HandshakeAllThreads (Deoptimize)
Event: 0.338 Executing VM operation: HandshakeAllThreads (Deoptimize) done

Events (15 events):
Event: 0.027 Thread 0x000001fc99cb9dc0 Thread added: 0x000001fc99cb9dc0
Event: 0.043 Thread 0x000001fcf81356c0 Thread added: 0x000001fcf81356c0
Event: 0.043 Thread 0x000001fcf81365e0 Thread added: 0x000001fcf81365e0
Event: 0.043 Thread 0x000001fcf813dcb0 Thread added: 0x000001fcf813dcb0
Event: 0.044 Thread 0x000001fcf8142440 Thread added: 0x000001fcf8142440
Event: 0.044 Thread 0x000001fcf8143250 Thread added: 0x000001fcf8143250
Event: 0.044 Thread 0x000001fcf81461a0 Thread added: 0x000001fcf81461a0
Event: 0.044 Thread 0x000001fcf81531c0 Thread added: 0x000001fcf81531c0
Event: 0.044 Thread 0x000001fcf8148890 Thread added: 0x000001fcf8148890
Event: 0.062 Thread 0x000001fcf82c67e0 Thread added: 0x000001fcf82c67e0
Event: 0.066 Thread 0x000001fcf82caa80 Thread added: 0x000001fcf82caa80
Event: 0.193 Thread 0x000001fcf8475ed0 Thread added: 0x000001fcf8475ed0
Event: 0.195 Thread 0x000001fcf8481fd0 Thread added: 0x000001fcf8481fd0
Event: 0.197 Thread 0x000001fcf84877b0 Thread added: 0x000001fcf84877b0
Event: 0.389 Thread 0x000001fcf8580e70 Thread added: 0x000001fcf8580e70


Dynamic libraries:
0x00007ff6ab6e0000 - 0x00007ff6ab6f0000 	C:\Program Files\Java\jdk-21\bin\javaw.exe
0x00007ffd70f50000 - 0x00007ffd71167000 	C:\WINDOWS\SYSTEM32\ntdll.dll
0x00007ffd707e0000 - 0x00007ffd708a4000 	C:\WINDOWS\System32\KERNEL32.DLL
0x00007ffd6e640000 - 0x00007ffd6e9e6000 	C:\WINDOWS\System32\KERNELBASE.dll
0x00007ffd6e2c0000 - 0x00007ffd6e3d1000 	C:\WINDOWS\System32\ucrtbase.dll
0x00007ffd4da20000 - 0x00007ffd4da3b000 	C:\Program Files\Java\jdk-21\bin\VCRUNTIME140.dll
0x00007ffd4dac0000 - 0x00007ffd4dad9000 	C:\Program Files\Java\jdk-21\bin\jli.dll
0x00007ffd709d0000 - 0x00007ffd70a83000 	C:\WINDOWS\System32\ADVAPI32.dll
0x00007ffd6fd90000 - 0x00007ffd6fe37000 	C:\WINDOWS\System32\msvcrt.dll
0x00007ffd708b0000 - 0x00007ffd70958000 	C:\WINDOWS\System32\sechost.dll
0x00007ffd6e290000 - 0x00007ffd6e2b8000 	C:\WINDOWS\System32\bcrypt.dll
0x00007ffd70df0000 - 0x00007ffd70f07000 	C:\WINDOWS\System32\RPCRT4.dll
0x00007ffd6f5a0000 - 0x00007ffd6f74e000 	C:\WINDOWS\System32\USER32.dll
0x00007ffd6e4a0000 - 0x00007ffd6e4c6000 	C:\WINDOWS\System32\win32u.dll
0x00007ffd6fbd0000 - 0x00007ffd6fbf9000 	C:\WINDOWS\System32\GDI32.dll
0x00007ffd6ea90000 - 0x00007ffd6eba8000 	C:\WINDOWS\System32\gdi32full.dll
0x00007ffd6e9f0000 - 0x00007ffd6ea8a000 	C:\WINDOWS\System32\msvcp_win.dll
0x00007ffd54850000 - 0x00007ffd54ae3000 	C:\WINDOWS\WinSxS\amd64_microsoft.windows.common-controls_6595b64144ccf1df_6.0.22621.2506_none_270c5ae97388e100\COMCTL32.dll
0x00007ffd66130000 - 0x00007ffd6613a000 	C:\WINDOWS\SYSTEM32\VERSION.dll
0x00007ffd6f1d0000 - 0x00007ffd6f201000 	C:\WINDOWS\System32\IMM32.DLL
0x00007ffd4f810000 - 0x00007ffd4f81c000 	C:\Program Files\Java\jdk-21\bin\vcruntime140_1.dll
0x00007ffd2cde0000 - 0x00007ffd2ce6e000 	C:\Program Files\Java\jdk-21\bin\msvcp140.dll
0x00007ffcef290000 - 0x00007ffceffa5000 	C:\Program Files\Java\jdk-21\bin\server\jvm.dll
0x00007ffd6f520000 - 0x00007ffd6f591000 	C:\WINDOWS\System32\WS2_32.dll
0x00007ffd6e160000 - 0x00007ffd6e1ad000 	C:\WINDOWS\SYSTEM32\POWRPROF.dll
0x00007ffd666d0000 - 0x00007ffd66704000 	C:\WINDOWS\SYSTEM32\WINMM.dll
0x00007ffd6e140000 - 0x00007ffd6e153000 	C:\WINDOWS\SYSTEM32\UMPDC.dll
0x00007ffd6d2c0000 - 0x00007ffd6d2d8000 	C:\WINDOWS\SYSTEM32\kernel.appcore.dll
0x00007ffd694b0000 - 0x00007ffd694ba000 	C:\Program Files\Java\jdk-21\bin\jimage.dll
0x00007ffd5bc80000 - 0x00007ffd5beb3000 	C:\WINDOWS\SYSTEM32\DBGHELP.DLL
0x00007ffd6edc0000 - 0x00007ffd6f149000 	C:\WINDOWS\System32\combase.dll
0x00007ffd6fc00000 - 0x00007ffd6fcd7000 	C:\WINDOWS\System32\OLEAUT32.dll
0x00007ffd56700000 - 0x00007ffd56732000 	C:\WINDOWS\SYSTEM32\dbgcore.DLL
0x00007ffd6ebb0000 - 0x00007ffd6ec2a000 	C:\WINDOWS\System32\bcryptPrimitives.dll
0x00007ffd59e40000 - 0x00007ffd59e5f000 	C:\Program Files\Java\jdk-21\bin\java.dll
0x00007ffd6ff70000 - 0x00007ffd707ca000 	C:\WINDOWS\System32\SHELL32.dll
0x00007ffd6c1e0000 - 0x00007ffd6cad6000 	C:\WINDOWS\SYSTEM32\windows.storage.dll
0x00007ffd6c0a0000 - 0x00007ffd6c1de000 	C:\WINDOWS\SYSTEM32\wintypes.dll
0x00007ffd6f210000 - 0x00007ffd6f303000 	C:\WINDOWS\System32\SHCORE.dll
0x00007ffd6ff10000 - 0x00007ffd6ff6e000 	C:\WINDOWS\System32\shlwapi.dll
0x00007ffd6e1c0000 - 0x00007ffd6e1e6000 	C:\WINDOWS\SYSTEM32\profapi.dll
0x00007ffd2c060000 - 0x00007ffd2c137000 	C:\Program Files\Java\jdk-21\bin\jsvml.dll
0x00007ffd59df0000 - 0x00007ffd59e00000 	C:\Program Files\Java\jdk-21\bin\net.dll
0x00007ffd68a50000 - 0x00007ffd68b87000 	C:\WINDOWS\SYSTEM32\WINHTTP.dll
0x00007ffd6d740000 - 0x00007ffd6d7a9000 	C:\WINDOWS\system32\mswsock.dll
0x00007ffd59dd0000 - 0x00007ffd59de6000 	C:\Program Files\Java\jdk-21\bin\nio.dll
0x00007ffd57420000 - 0x00007ffd57438000 	C:\Program Files\Java\jdk-21\bin\zip.dll
0x00007ffd2a820000 - 0x00007ffd2a9af000 	C:\Program Files\Java\jdk-21\bin\awt.dll
0x00007ffd6b610000 - 0x00007ffd6b6a7000 	C:\WINDOWS\SYSTEM32\apphelp.dll
0x00007ffd6bc10000 - 0x00007ffd6bc3b000 	C:\WINDOWS\system32\DWMAPI.DLL
0x00007ffd6b7e0000 - 0x00007ffd6b88b000 	C:\WINDOWS\system32\uxtheme.dll
0x00007ffd15920000 - 0x00007ffd15a20000 	C:\WINDOWS\system32\opengl32.dll
0x00007ffd153f0000 - 0x00007ffd1541d000 	C:\WINDOWS\SYSTEM32\GLU32.dll
0x00007ffd6b8e0000 - 0x00007ffd6b916000 	C:\WINDOWS\SYSTEM32\dxcore.dll
0x00007ffd70c30000 - 0x00007ffd70d80000 	C:\WINDOWS\System32\MSCTF.dll
0x00007ffd70a90000 - 0x00007ffd70c30000 	C:\WINDOWS\System32\ole32.dll
0x00007ffd17040000 - 0x00007ffd171e9000 	C:\WINDOWS\system32\d3d9.dll
0x00007ffd65260000 - 0x00007ffd6541b000 	C:\WINDOWS\System32\DriverStore\FileRepository\u0399223.inf_amd64_afdf17d03cd73307\B396953\aticfx64.dll
0x00007ffd2a660000 - 0x00007ffd2a694000 	C:\WINDOWS\System32\DriverStore\FileRepository\u0399223.inf_amd64_afdf17d03cd73307\B396953\atiu9p64.dll
0x00007ffd11e10000 - 0x00007ffd12b57000 	C:\WINDOWS\System32\DriverStore\FileRepository\u0399223.inf_amd64_afdf17d03cd73307\B396953\atiumd64.dll
0x00007ffd644a0000 - 0x00007ffd644d5000 	C:\WINDOWS\SYSTEM32\amdihk64.dll
0x00007ffd67d20000 - 0x00007ffd67d6a000 	C:\WINDOWS\SYSTEM32\directxdatabasehelper.dll
0x00007ffd2cd50000 - 0x00007ffd2cdd7000 	C:\Program Files\Java\jdk-21\bin\freetype.dll
0x00007ffd2a1a0000 - 0x00007ffd2a273000 	C:\Program Files\Java\jdk-21\bin\fontmanager.dll

dbghelp: loaded successfully - version: 4.0.5 - missing functions: none
symbol engine: initialized successfully - sym options: 0x614 - pdb path: .;C:\Program Files\Java\jdk-21\bin;C:\WINDOWS\SYSTEM32;C:\WINDOWS\WinSxS\amd64_microsoft.windows.common-controls_6595b64144ccf1df_6.0.22621.2506_none_270c5ae97388e100;C:\Program Files\Java\jdk-21\bin\server;C:\WINDOWS\System32\DriverStore\FileRepository\u0399223.inf_amd64_afdf17d03cd73307\B396953

VM Arguments:
jvm_args: -Dfile.encoding=UTF-8 -Dstdout.encoding=UTF-8 -Dstderr.encoding=UTF-8 -XX:+ShowCodeDetailsInExceptionMessages 
java_command: Gui.RegisterForm
java_class_path (initial): C:\Users\rcamy\eclipse-workspace\Project\bin;C:\Users\rcamy\Downloads\sqljdbc_12.4.2.0_enu\sqljdbc_12.4\enu\jars\mssql-jdbc-12.4.2.jre11.jar
Launcher Type: SUN_STANDARD

[Global flags]
     intx CICompilerCount                          = 4                                         {product} {ergonomic}
     uint ConcGCThreads                            = 2                                         {product} {ergonomic}
     uint G1ConcRefinementThreads                  = 8                                         {product} {ergonomic}
   size_t G1HeapRegionSize                         = 1048576                                   {product} {ergonomic}
    uintx GCDrainStackTargetSize                   = 64                                        {product} {ergonomic}
   size_t InitialHeapSize                          = 56623104                                  {product} {ergonomic}
   size_t MarkStackSize                            = 4194304                                   {product} {ergonomic}
   size_t MaxHeapSize                              = 893386752                                 {product} {ergonomic}
   size_t MaxNewSize                               = 535822336                                 {product} {ergonomic}
   size_t MinHeapDeltaBytes                        = 1048576                                   {product} {ergonomic}
   size_t MinHeapSize                              = 8388608                                   {product} {ergonomic}
    uintx NonNMethodCodeHeapSize                   = 5839372                                {pd product} {ergonomic}
    uintx NonProfiledCodeHeapSize                  = 122909434                              {pd product} {ergonomic}
    uintx ProfiledCodeHeapSize                     = 122909434                              {pd product} {ergonomic}
    uintx ReservedCodeCacheSize                    = 251658240                              {pd product} {ergonomic}
     bool SegmentedCodeCache                       = true                                      {product} {ergonomic}
     bool ShowCodeDetailsInExceptionMessages       = true                                   {manageable} {command line}
   size_t SoftMaxHeapSize                          = 893386752                              {manageable} {ergonomic}
     bool UseCompressedOops                        = true                           {product lp64_product} {ergonomic}
     bool UseG1GC                                  = true                                      {product} {ergonomic}
     bool UseLargePagesIndividualAllocation        = false                                  {pd product} {ergonomic}

Logging:
Log output configuration:
 #0: stdout all=warning uptime,level,tags foldmultilines=false
 #1: stderr all=off uptime,level,tags foldmultilines=false

Environment Variables:
PATH=C:/Program Files/Java/jdk-21/bin/server;C:/Program Files/Java/jdk-21/bin;C:\Program Files\Common Files\Oracle\Java\javapath;C:\WINDOWS\system32;C:\WINDOWS;C:\WINDOWS\System32\Wbem;C:\WINDOWS\System32\WindowsPowerShell\v1.0\;C:\WINDOWS\System32\OpenSSH\;C:\Program Files\Java\jdk-21\bin;C:\msys64\mingw64\bin;C:\Program Files (x86)\Microsoft SQL Server\160\Tools\Binn\;C:\Program Files\Microsoft SQL Server\160\Tools\Binn\;C:\Program Files\Microsoft SQL Server\Client SDK\ODBC\170\Tools\Binn\;C:\Program Files\Microsoft SQL Server\160\DTS\Binn\;C:\Program Files (x86)\Microsoft SQL Server\160\DTS\Binn\;C:\Program Files\Azure Data Studio\bin;C:\Users\rcamy\AppData\Local\Microsoft\WindowsApps;;C:\Program Files\Azure Data Studio\bin;C:\Users\rcamy\AppData\Local\Programs\Microsoft VS Code\bin;C:\Users\rcamy\OneDrive\Desktop;
USERNAME=rcamy
OS=Windows_NT
PROCESSOR_IDENTIFIER=AMD64 Family 23 Model 104 Stepping 1, AuthenticAMD
TMP=C:\Users\rcamy\AppData\Local\Temp
TEMP=C:\Users\rcamy\AppData\Local\Temp




Periodic native trim disabled

---------------  S Y S T E M  ---------------

OS:
 Windows 11 , 64 bit Build 22621 (10.0.22621.2506)
OS uptime: 1 days 0:04 hours

CPU: total 8 (initial active 8) (8 cores per cpu, 2 threads per core) family 23 model 104 stepping 1 microcode 0x0, cx8, cmov, fxsr, ht, mmx, 3dnowpref, sse, sse2, sse3, ssse3, sse4a, sse4.1, sse4.2, popcnt, lzcnt, tsc, tscinvbit, avx, avx2, aes, clmul, bmi1, bmi2, adx, sha, fma, vzeroupper, clflush, clflushopt, rdtscp, rdpid, f16c
Processor Information for all 8 processors :
  Max Mhz: 2600, Current Mhz: 2600, Mhz Limit: 2600

Memory: 4k page, system-wide physical 3406M (162M free)
TotalPageFile size 13646M (AvailPageFile size 1M)
current process WorkingSet (physical memory assigned to process): 55M, peak: 55M
current process commit charge ("private bytes"): 143M, peak: 146M

vm_info: Java HotSpot(TM) 64-Bit Server VM (21.0.1+12-LTS-29) for windows-amd64 JRE (21.0.1+12-LTS-29), built on 2023-10-05T13:27:09Z by "mach5one" with MS VC++ 17.1 (VS2022)

END.
